# JRE version: Java(TM) SE Runtime Environment (21.0.7+8) (build 21.0.7+8-LTS-245)
# Java VM: Java HotSpot(TM) 64-Bit Server VM (21.0.7+8-LTS-245, mixed mode, emulated-client, sharing, tiered, compressed oops, compressed class ptrs, g1 gc, windows-amd64)
GC Precious Log:
 CardTable entry size: 512
 Card Set container configuration: InlinePtr #cards 4 size 8 Array Of Cards #cards 16 size 48 Howl #buckets 8 coarsen threshold 3686 Howl Bitmap #cards 512 size 80 coarsen threshold 460 Card regions per heap region 1 cards per card region 4096
 CPUs: 8 total, 8 available
 Memory: 11723M
 Large Page Support: Disabled
 NUMA Support: Disabled
 Compressed Oops: Enabled (Zero based)
 Heap Region Size: 2M
 Heap Min Capacity: 8M
 Heap Initial Capacity: 184M
 Heap Max Capacity: 2932M
 Pre-touch: Disabled
 Parallel Workers: 8
 Concurrent Workers: 2
 Concurrent Refinement Workers: 8
 Periodic GC: Disabled
Heap:
 garbage-first heap   total 69632K, used 36832K [0x0000000748c00000, 0x0000000800000000)
  region size 2048K, 16 young (32768K), 5 survivors (10240K)
 Metaspace       used 23827K, committed 24256K, reserved 1114112K
  class space    used 3323K, committed 3520K, reserved 1048576K
GC Heap History (6 events):
Event: 4.487 GC heap before
{Heap before GC invocations=0 (full 0):
 garbage-first heap   total 188416K, used 22528K [0x0000000748c00000, 0x0000000800000000)
  region size 2048K, 11 young (22528K), 0 survivors (0K)
 Metaspace       used 4981K, committed 5184K, reserved 1114112K
  class space    used 660K, committed 768K, reserved 1048576K
}
Event: 4.836 GC heap after
{Heap after GC invocations=1 (full 0):
 garbage-first heap   total 188416K, used 7744K [0x0000000748c00000, 0x0000000800000000)
  region size 2048K, 2 young (4096K), 2 survivors (4096K)
 Metaspace       used 4981K, committed 5184K, reserved 1114112K
  class space    used 660K, committed 768K, reserved 1048576K
}
Event: 15.523 GC heap before
{Heap before GC invocations=1 (full 0):
 garbage-first heap   total 188416K, used 30272K [0x0000000748c00000, 0x0000000800000000)
  region size 2048K, 14 young (28672K), 2 survivors (4096K)
 Metaspace       used 10725K, committed 11008K, reserved 1114112K
  class space    used 1472K, committed 1600K, reserved 1048576K
}
Event: 15.531 GC heap after
{Heap after GC invocations=2 (full 0):
 garbage-first heap   total 188416K, used 9620K [0x0000000748c00000, 0x0000000800000000)
  region size 2048K, 2 young (4096K), 2 survivors (4096K)
 Metaspace       used 10725K, committed 11008K, reserved 1114112K
  class space    used 1472K, committed 1600K, reserved 1048576K
}
Event: 21.475 GC heap before
{Heap before GC invocations=2 (full 0):
 garbage-first heap   total 188416K, used 83348K [0x0000000748c00000, 0x0000000800000000)
  region size 2048K, 40 young (81920K), 2 survivors (4096K)
 Metaspace       used 21121K, committed 21504K, reserved 1114112K
  class space    used 2894K, committed 3072K, reserved 1048576K
}
Event: 21.489 GC heap after
{Heap after GC invocations=3 (full 0):
 garbage-first heap   total 188416K, used 16352K [0x0000000748c00000, 0x0000000800000000)
  region size 2048K, 5 young (10240K), 5 survivors (10240K)
 Metaspace       used 21121K, committed 21504K, reserved 1114112K
  class space    used 2894K, committed 3072K, reserved 1048576K
}

