# JRE version: Java(TM) SE Runtime Environment (21.0.7+8) (build 21.0.7+8-LTS-245)
# Java VM: Java HotSpot(TM) 64-Bit Server VM (21.0.7+8-LTS-245, mixed mode, emulated-client, sharing, tiered, compressed oops, compressed class ptrs, g1 gc, windows-amd64)
GC Precious Log:
 CardTable entry size: 512
 Card Set container configuration: InlinePtr #cards 4 size 8 Array Of Cards #cards 16 size 48 Howl #buckets 8 coarsen threshold 3686 Howl Bitmap #cards 512 size 80 coarsen threshold 460 Card regions per heap region 1 cards per card region 4096
 CPUs: 8 total, 8 available
 Memory: 11723M
 Large Page Support: Disabled
 NUMA Support: Disabled
 Compressed Oops: Enabled (Zero based)
 Heap Region Size: 2M
 Heap Min Capacity: 8M
 Heap Initial Capacity: 184M
 Heap Max Capacity: 2932M
 Pre-touch: Disabled
 Parallel Workers: 8
 Concurrent Workers: 2
 Concurrent Refinement Workers: 8
 Periodic GC: Disabled
Heap:
 garbage-first heap   total 61440K, used 31348K [0x0000000748c00000, 0x0000000800000000)
  region size 2048K, 5 young (10240K), 2 survivors (4096K)
 Metaspace       used 55796K, committed 56320K, reserved 1114112K
  class space    used 7969K, committed 8192K, reserved 1048576K
GC Heap History (20 events):
Event: 10.275 GC heap before
{Heap before GC invocations=1 (full 0):
 garbage-first heap   total 188416K, used 30115K [0x0000000748c00000, 0x0000000800000000)
  region size 2048K, 13 young (26624K), 2 survivors (4096K)
 Metaspace       used 9860K, committed 10176K, reserved 1114112K
  class space    used 1335K, committed 1472K, reserved 1048576K
}
Event: 10.283 GC heap after
{Heap after GC invocations=2 (full 0):
 garbage-first heap   total 188416K, used 9468K [0x0000000748c00000, 0x0000000800000000)
  region size 2048K, 2 young (4096K), 2 survivors (4096K)
 Metaspace       used 9860K, committed 10176K, reserved 1114112K
  class space    used 1335K, committed 1472K, reserved 1048576K
}
Event: 15.305 GC heap before
{Heap before GC invocations=2 (full 0):
 garbage-first heap   total 188416K, used 56572K [0x0000000748c00000, 0x0000000800000000)
  region size 2048K, 26 young (53248K), 2 survivors (4096K)
 Metaspace       used 17689K, committed 18048K, reserved 1114112K
  class space    used 2366K, committed 2496K, reserved 1048576K
}
Event: 15.316 GC heap after
{Heap after GC invocations=3 (full 0):
 garbage-first heap   total 188416K, used 14371K [0x0000000748c00000, 0x0000000800000000)
  region size 2048K, 4 young (8192K), 4 survivors (8192K)
 Metaspace       used 17689K, committed 18048K, reserved 1114112K
  class space    used 2366K, committed 2496K, reserved 1048576K
}
Event: 18.388 GC heap before
{Heap before GC invocations=4 (full 0):
 garbage-first heap   total 61440K, used 40995K [0x0000000748c00000, 0x0000000800000000)
  region size 2048K, 18 young (36864K), 4 survivors (8192K)
 Metaspace       used 20205K, committed 20608K, reserved 1114112K
  class space    used 2769K, committed 2944K, reserved 1048576K
}
Event: 18.404 GC heap after
{Heap after GC invocations=5 (full 0):
 garbage-first heap   total 61440K, used 15926K [0x0000000748c00000, 0x0000000800000000)
  region size 2048K, 2 young (4096K), 2 survivors (4096K)
 Metaspace       used 20205K, committed 20608K, reserved 1114112K
  class space    used 2769K, committed 2944K, reserved 1048576K
}
Event: 23.623 GC heap before
{Heap before GC invocations=5 (full 0):
 garbage-first heap   total 61440K, used 42550K [0x0000000748c00000, 0x0000000800000000)
  region size 2048K, 15 young (30720K), 2 survivors (4096K)
 Metaspace       used 24021K, committed 24512K, reserved 1114112K
  class space    used 3366K, committed 3584K, reserved 1048576K
}
Event: 23.640 GC heap after
{Heap after GC invocations=6 (full 0):
 garbage-first heap   total 61440K, used 18478K [0x0000000748c00000, 0x0000000800000000)
  region size 2048K, 2 young (4096K), 2 survivors (4096K)
 Metaspace       used 24021K, committed 24512K, reserved 1114112K
  class space    used 3366K, committed 3584K, reserved 1048576K
}
Event: 33.350 GC heap before
{Heap before GC invocations=6 (full 0):
 garbage-first heap   total 61440K, used 45102K [0x0000000748c00000, 0x0000000800000000)
  region size 2048K, 15 young (30720K), 2 survivors (4096K)
 Metaspace       used 28647K, committed 29248K, reserved 1114112K
  class space    used 4012K, committed 4288K, reserved 1048576K
}
Event: 33.360 GC heap after
{Heap after GC invocations=7 (full 0):
 garbage-first heap   total 61440K, used 21053K [0x0000000748c00000, 0x0000000800000000)
  region size 2048K, 2 young (4096K), 2 survivors (4096K)
 Metaspace       used 28647K, committed 29248K, reserved 1114112K
  class space    used 4012K, committed 4288K, reserved 1048576K
}
Event: 33.830 GC heap before
{Heap before GC invocations=7 (full 0):
 garbage-first heap   total 61440K, used 23101K [0x0000000748c00000, 0x0000000800000000)
  region size 2048K, 4 young (8192K), 2 survivors (4096K)
 Metaspace       used 29546K, committed 30080K, reserved 1114112K
  class space    used 4110K, committed 4352K, reserved 1048576K
}
Event: 33.834 GC heap after
{Heap after GC invocations=8 (full 0):
 garbage-first heap   total 61440K, used 21402K [0x0000000748c00000, 0x0000000800000000)
  region size 2048K, 1 young (2048K), 1 survivors (2048K)
 Metaspace       used 29546K, committed 30080K, reserved 1114112K
  class space    used 4110K, committed 4352K, reserved 1048576K
}
Event: 42.369 GC heap before
{Heap before GC invocations=9 (full 0):
 garbage-first heap   total 61440K, used 48026K [0x0000000748c00000, 0x0000000800000000)
  region size 2048K, 14 young (28672K), 1 survivors (2048K)
 Metaspace       used 36892K, committed 37440K, reserved 1114112K
  class space    used 5130K, committed 5376K, reserved 1048576K
}
Event: 42.371 GC heap after
{Heap after GC invocations=10 (full 0):
 garbage-first heap   total 61440K, used 22697K [0x0000000748c00000, 0x0000000800000000)
  region size 2048K, 1 young (2048K), 1 survivors (2048K)
 Metaspace       used 36892K, committed 37440K, reserved 1114112K
  class space    used 5130K, committed 5376K, reserved 1048576K
}
Event: 45.432 GC heap before
{Heap before GC invocations=10 (full 0):
 garbage-first heap   total 61440K, used 49321K [0x0000000748c00000, 0x0000000800000000)
  region size 2048K, 14 young (28672K), 1 survivors (2048K)
 Metaspace       used 43303K, committed 43904K, reserved 1114112K
  class space    used 6047K, committed 6336K, reserved 1048576K
}
Event: 45.436 GC heap after
{Heap after GC invocations=11 (full 0):
 garbage-first heap   total 61440K, used 24262K [0x0000000748c00000, 0x0000000800000000)
  region size 2048K, 2 young (4096K), 2 survivors (4096K)
 Metaspace       used 43303K, committed 43904K, reserved 1114112K
  class space    used 6047K, committed 6336K, reserved 1048576K
}
Event: 49.561 GC heap before
{Heap before GC invocations=11 (full 0):
 garbage-first heap   total 61440K, used 42694K [0x0000000748c00000, 0x0000000800000000)
  region size 2048K, 12 young (24576K), 2 survivors (4096K)
 Metaspace       used 49672K, committed 50240K, reserved 1114112K
  class space    used 7061K, committed 7296K, reserved 1048576K
}
Event: 49.565 GC heap after
{Heap after GC invocations=12 (full 0):
 garbage-first heap   total 61440K, used 25433K [0x0000000748c00000, 0x0000000800000000)
  region size 2048K, 2 young (4096K), 2 survivors (4096K)
 Metaspace       used 49672K, committed 50240K, reserved 1114112K
  class space    used 7061K, committed 7296K, reserved 1048576K
}
Event: 54.535 GC heap before
{Heap before GC invocations=13 (full 0):
 garbage-first heap   total 61440K, used 47961K [0x0000000748c00000, 0x0000000800000000)
  region size 2048K, 14 young (28672K), 2 survivors (4096K)
 Metaspace       used 54320K, committed 54912K, reserved 1114112K
  class space    used 7810K, committed 8064K, reserved 1048576K
}
Event: 54.540 GC heap after
{Heap after GC invocations=14 (full 0):
 garbage-first heap   total 61440K, used 27252K [0x0000000748c00000, 0x0000000800000000)
  region size 2048K, 2 young (4096K), 2 survivors (4096K)
 Metaspace       used 54320K, committed 54912K, reserved 1114112K
  class space    used 7810K, committed 8064K, reserved 1048576K
}

