# JRE version: Java(TM) SE Runtime Environment (21.0.7+8) (build 21.0.7+8-LTS-245)
# Java VM: Java HotSpot(TM) 64-Bit Server VM (21.0.7+8-LTS-245, mixed mode, emulated-client, sharing, tiered, compressed oops, compressed class ptrs, g1 gc, windows-amd64)
GC Precious Log:
 CardTable entry size: 512
 Card Set container configuration: InlinePtr #cards 4 size 8 Array Of Cards #cards 16 size 48 Howl #buckets 8 coarsen threshold 3686 Howl Bitmap #cards 512 size 80 coarsen threshold 460 Card regions per heap region 1 cards per card region 4096
 CPUs: 8 total, 8 available
 Memory: 11723M
 Large Page Support: Disabled
 NUMA Support: Disabled
 Compressed Oops: Enabled (Zero based)
 Heap Region Size: 2M
 Heap Min Capacity: 8M
 Heap Initial Capacity: 184M
 Heap Max Capacity: 2932M
 Pre-touch: Disabled
 Parallel Workers: 8
 Concurrent Workers: 2
 Concurrent Refinement Workers: 8
 Periodic GC: Disabled
Heap:
 garbage-first heap   total 81920K, used 52978K [0x0000000748c00000, 0x0000000800000000)
  region size 2048K, 24 young (49152K), 5 survivors (10240K)
 Metaspace       used 27121K, committed 27648K, reserved 1114112K
  class space    used 3751K, committed 3968K, reserved 1048576K
GC Heap History (6 events):
Event: 3.974 GC heap before
{Heap before GC invocations=0 (full 0):
 garbage-first heap   total 188416K, used 20480K [0x0000000748c00000, 0x0000000800000000)
  region size 2048K, 11 young (22528K), 0 survivors (0K)
 Metaspace       used 4989K, committed 5184K, reserved 1114112K
  class space    used 661K, committed 768K, reserved 1048576K
}
Event: 4.176 GC heap after
{Heap after GC invocations=1 (full 0):
 garbage-first heap   total 188416K, used 7616K [0x0000000748c00000, 0x0000000800000000)
  region size 2048K, 2 young (4096K), 2 survivors (4096K)
 Metaspace       used 4989K, committed 5184K, reserved 1114112K
  class space    used 661K, committed 768K, reserved 1048576K
}
Event: 6.535 GC heap before
{Heap before GC invocations=1 (full 0):
 garbage-first heap   total 188416K, used 30144K [0x0000000748c00000, 0x0000000800000000)
  region size 2048K, 14 young (28672K), 2 survivors (4096K)
 Metaspace       used 10685K, committed 11008K, reserved 1114112K
  class space    used 1465K, committed 1600K, reserved 1048576K
}
Event: 6.553 GC heap after
{Heap after GC invocations=2 (full 0):
 garbage-first heap   total 188416K, used 9666K [0x0000000748c00000, 0x0000000800000000)
  region size 2048K, 2 young (4096K), 2 survivors (4096K)
 Metaspace       used 10685K, committed 11008K, reserved 1114112K
  class space    used 1465K, committed 1600K, reserved 1048576K
}
Event: 20.307 GC heap before
{Heap before GC invocations=2 (full 0):
 garbage-first heap   total 188416K, used 83394K [0x0000000748c00000, 0x0000000800000000)
  region size 2048K, 40 young (81920K), 2 survivors (4096K)
 Metaspace       used 21116K, committed 21504K, reserved 1114112K
  class space    used 2892K, committed 3072K, reserved 1048576K
}
Event: 20.322 GC heap after
{Heap after GC invocations=3 (full 0):
 garbage-first heap   total 188416K, used 16114K [0x0000000748c00000, 0x0000000800000000)
  region size 2048K, 5 young (10240K), 5 survivors (10240K)
 Metaspace       used 21116K, committed 21504K, reserved 1114112K
  class space    used 2892K, committed 3072K, reserved 1048576K
}

