# JRE version: Java(TM) SE Runtime Environment (21.0.7+8) (build 21.0.7+8-LTS-245)
# Java VM: Java HotSpot(TM) 64-Bit Server VM (21.0.7+8-LTS-245, mixed mode, emulated-client, sharing, tiered, compressed oops, compressed class ptrs, g1 gc, windows-amd64)
GC Precious Log:
 CardTable entry size: 512
 Card Set container configuration: InlinePtr #cards 4 size 8 Array Of Cards #cards 16 size 48 Howl #buckets 8 coarsen threshold 3686 Howl Bitmap #cards 512 size 80 coarsen threshold 460 Card regions per heap region 1 cards per card region 4096
 CPUs: 8 total, 8 available
 Memory: 11723M
 Large Page Support: Disabled
 NUMA Support: Disabled
 Compressed Oops: Enabled (Zero based)
 Heap Region Size: 2M
 Heap Min Capacity: 8M
 Heap Initial Capacity: 184M
 Heap Max Capacity: 2932M
 Pre-touch: Disabled
 Parallel Workers: 8
 Concurrent Workers: 2
 Concurrent Refinement Workers: 8
 Periodic GC: Disabled
Heap:
 garbage-first heap   total 61440K, used 27689K [0x0000000748c00000, 0x0000000800000000)
  region size 2048K, 5 young (10240K), 1 survivors (2048K)
 Metaspace       used 32237K, committed 32768K, reserved 1114112K
  class space    used 4403K, committed 4672K, reserved 1048576K
GC Heap History (14 events):
Event: 7.467 GC heap before
{Heap before GC invocations=0 (full 0):
 garbage-first heap   total 188416K, used 20480K [0x0000000748c00000, 0x0000000800000000)
  region size 2048K, 11 young (22528K), 0 survivors (0K)
 Metaspace       used 4486K, committed 4672K, reserved 1114112K
  class space    used 584K, committed 640K, reserved 1048576K
}
Event: 7.768 GC heap after
{Heap after GC invocations=1 (full 0):
 garbage-first heap   total 188416K, used 7040K [0x0000000748c00000, 0x0000000800000000)
  region size 2048K, 2 young (4096K), 2 survivors (4096K)
 Metaspace       used 4486K, committed 4672K, reserved 1114112K
  class space    used 584K, committed 640K, reserved 1048576K
}
Event: 11.455 GC heap before
{Heap before GC invocations=1 (full 0):
 garbage-first heap   total 188416K, used 31616K [0x0000000748c00000, 0x0000000800000000)
  region size 2048K, 14 young (28672K), 2 survivors (4096K)
 Metaspace       used 10240K, committed 10560K, reserved 1114112K
  class space    used 1412K, committed 1536K, reserved 1048576K
}
Event: 11.463 GC heap after
{Heap after GC invocations=2 (full 0):
 garbage-first heap   total 188416K, used 9129K [0x0000000748c00000, 0x0000000800000000)
  region size 2048K, 1 young (2048K), 1 survivors (2048K)
 Metaspace       used 10240K, committed 10560K, reserved 1114112K
  class space    used 1412K, committed 1536K, reserved 1048576K
}
Event: 15.402 GC heap before
{Heap before GC invocations=2 (full 0):
 garbage-first heap   total 188416K, used 52137K [0x0000000748c00000, 0x0000000800000000)
  region size 2048K, 24 young (49152K), 1 survivors (2048K)
 Metaspace       used 17690K, committed 18048K, reserved 1114112K
  class space    used 2365K, committed 2496K, reserved 1048576K
}
Event: 15.413 GC heap after
{Heap after GC invocations=3 (full 0):
 garbage-first heap   total 188416K, used 14555K [0x0000000748c00000, 0x0000000800000000)
  region size 2048K, 4 young (8192K), 4 survivors (8192K)
 Metaspace       used 17690K, committed 18048K, reserved 1114112K
  class space    used 2365K, committed 2496K, reserved 1048576K
}
Event: 19.817 GC heap before
{Heap before GC invocations=4 (full 0):
 garbage-first heap   total 61440K, used 43227K [0x0000000748c00000, 0x0000000800000000)
  region size 2048K, 18 young (36864K), 4 survivors (8192K)
 Metaspace       used 20073K, committed 20480K, reserved 1114112K
  class space    used 2746K, committed 2880K, reserved 1048576K
}
Event: 19.832 GC heap after
{Heap after GC invocations=5 (full 0):
 garbage-first heap   total 61440K, used 16163K [0x0000000748c00000, 0x0000000800000000)
  region size 2048K, 2 young (4096K), 2 survivors (4096K)
 Metaspace       used 20073K, committed 20480K, reserved 1114112K
  class space    used 2746K, committed 2880K, reserved 1048576K
}
Event: 22.973 GC heap before
{Heap before GC invocations=5 (full 0):
 garbage-first heap   total 61440K, used 42787K [0x0000000748c00000, 0x0000000800000000)
  region size 2048K, 15 young (30720K), 2 survivors (4096K)
 Metaspace       used 23715K, committed 24128K, reserved 1114112K
  class space    used 3293K, committed 3520K, reserved 1048576K
}
Event: 22.988 GC heap after
{Heap after GC invocations=6 (full 0):
 garbage-first heap   total 61440K, used 18472K [0x0000000748c00000, 0x0000000800000000)
  region size 2048K, 2 young (4096K), 2 survivors (4096K)
 Metaspace       used 23715K, committed 24128K, reserved 1114112K
  class space    used 3293K, committed 3520K, reserved 1048576K
}
Event: 31.818 GC heap before
{Heap before GC invocations=6 (full 0):
 garbage-first heap   total 61440K, used 43048K [0x0000000748c00000, 0x0000000800000000)
  region size 2048K, 15 young (30720K), 2 survivors (4096K)
 Metaspace       used 28395K, committed 28928K, reserved 1114112K
  class space    used 3953K, committed 4224K, reserved 1048576K
}
Event: 31.823 GC heap after
{Heap after GC invocations=7 (full 0):
 garbage-first heap   total 61440K, used 20871K [0x0000000748c00000, 0x0000000800000000)
  region size 2048K, 2 young (4096K), 2 survivors (4096K)
 Metaspace       used 28395K, committed 28928K, reserved 1114112K
  class space    used 3953K, committed 4224K, reserved 1048576K
}
Event: 33.222 GC heap before
{Heap before GC invocations=7 (full 0):
 garbage-first heap   total 61440K, used 24967K [0x0000000748c00000, 0x0000000800000000)
  region size 2048K, 5 young (10240K), 2 survivors (4096K)
 Metaspace       used 29561K, committed 30080K, reserved 1114112K
  class space    used 4113K, committed 4352K, reserved 1048576K
}
Event: 33.226 GC heap after
{Heap after GC invocations=8 (full 0):
 garbage-first heap   total 61440K, used 21545K [0x0000000748c00000, 0x0000000800000000)
  region size 2048K, 1 young (2048K), 1 survivors (2048K)
 Metaspace       used 29561K, committed 30080K, reserved 1114112K
  class space    used 4113K, committed 4352K, reserved 1048576K
}

