# JRE version: Java(TM) SE Runtime Environment (21.0.7+8) (build 21.0.7+8-LTS-245)
# Java VM: Java HotSpot(TM) 64-Bit Server VM (21.0.7+8-LTS-245, mixed mode, emulated-client, sharing, tiered, compressed oops, compressed class ptrs, g1 gc, windows-amd64)
GC Precious Log:
 CardTable entry size: 512
 Card Set container configuration: InlinePtr #cards 4 size 8 Array Of Cards #cards 16 size 48 Howl #buckets 8 coarsen threshold 3686 Howl Bitmap #cards 512 size 80 coarsen threshold 460 Card regions per heap region 1 cards per card region 4096
 CPUs: 8 total, 8 available
 Memory: 11723M
 Large Page Support: Disabled
 NUMA Support: Disabled
 Compressed Oops: Enabled (Zero based)
 Heap Region Size: 2M
 Heap Min Capacity: 8M
 Heap Initial Capacity: 184M
 Heap Max Capacity: 2932M
 Pre-touch: Disabled
 Parallel Workers: 8
 Concurrent Workers: 2
 Concurrent Refinement Workers: 8
 Periodic GC: Disabled
Heap:
 garbage-first heap   total 73728K, used 52269K [0x0000000748c00000, 0x0000000800000000)
  region size 2048K, 20 young (40960K), 3 survivors (6144K)
 Metaspace       used 49427K, committed 49984K, reserved 1114112K
  class space    used 6994K, committed 7232K, reserved 1048576K
GC Heap History (14 events):
Event: 7.647 GC heap before
{Heap before GC invocations=0 (full 0):
 garbage-first heap   total 188416K, used 20480K [0x0000000748c00000, 0x0000000800000000)
  region size 2048K, 11 young (22528K), 0 survivors (0K)
 Metaspace       used 4589K, committed 4800K, reserved 1114112K
  class space    used 597K, committed 704K, reserved 1048576K
}
Event: 7.982 GC heap after
{Heap after GC invocations=1 (full 0):
 garbage-first heap   total 188416K, used 7040K [0x0000000748c00000, 0x0000000800000000)
  region size 2048K, 2 young (4096K), 2 survivors (4096K)
 Metaspace       used 4589K, committed 4800K, reserved 1114112K
  class space    used 597K, committed 704K, reserved 1048576K
}
Event: 10.725 GC heap before
{Heap before GC invocations=1 (full 0):
 garbage-first heap   total 188416K, used 31616K [0x0000000748c00000, 0x0000000800000000)
  region size 2048K, 14 young (28672K), 2 survivors (4096K)
 Metaspace       used 10457K, committed 10816K, reserved 1114112K
  class space    used 1400K, committed 1536K, reserved 1048576K
}
Event: 10.733 GC heap after
{Heap after GC invocations=2 (full 0):
 garbage-first heap   total 188416K, used 9798K [0x0000000748c00000, 0x0000000800000000)
  region size 2048K, 2 young (4096K), 2 survivors (4096K)
 Metaspace       used 10457K, committed 10816K, reserved 1114112K
  class space    used 1400K, committed 1536K, reserved 1048576K
}
Event: 15.655 GC heap before
{Heap before GC invocations=2 (full 0):
 garbage-first heap   total 188416K, used 54854K [0x0000000748c00000, 0x0000000800000000)
  region size 2048K, 25 young (51200K), 2 survivors (4096K)
 Metaspace       used 17910K, committed 18240K, reserved 1114112K
  class space    used 2418K, committed 2560K, reserved 1048576K
}
Event: 15.666 GC heap after
{Heap after GC invocations=3 (full 0):
 garbage-first heap   total 188416K, used 13532K [0x0000000748c00000, 0x0000000800000000)
  region size 2048K, 4 young (8192K), 4 survivors (8192K)
 Metaspace       used 17910K, committed 18240K, reserved 1114112K
  class space    used 2418K, committed 2560K, reserved 1048576K
}
Event: 22.331 GC heap before
{Heap before GC invocations=4 (full 0):
 garbage-first heap   total 61440K, used 58588K [0x0000000748c00000, 0x0000000800000000)
  region size 2048K, 26 young (53248K), 4 survivors (8192K)
 Metaspace       used 24673K, committed 25152K, reserved 1114112K
  class space    used 3429K, committed 3648K, reserved 1048576K
}
Event: 22.351 GC heap after
{Heap after GC invocations=5 (full 0):
 garbage-first heap   total 73728K, used 18104K [0x0000000748c00000, 0x0000000800000000)
  region size 2048K, 6 young (12288K), 6 survivors (12288K)
 Metaspace       used 24673K, committed 25152K, reserved 1114112K
  class space    used 3429K, committed 3648K, reserved 1048576K
}
Event: 28.376 GC heap before
{Heap before GC invocations=5 (full 0):
 garbage-first heap   total 73728K, used 42680K [0x0000000748c00000, 0x0000000800000000)
  region size 2048K, 19 young (38912K), 6 survivors (12288K)
 Metaspace       used 30353K, committed 30848K, reserved 1114112K
  class space    used 4126K, committed 4352K, reserved 1048576K
}
Event: 28.392 GC heap after
{Heap after GC invocations=6 (full 0):
 garbage-first heap   total 73728K, used 20370K [0x0000000748c00000, 0x0000000800000000)
  region size 2048K, 2 young (4096K), 2 survivors (4096K)
 Metaspace       used 30353K, committed 30848K, reserved 1114112K
  class space    used 4126K, committed 4352K, reserved 1048576K
}
Event: 28.483 GC heap before
{Heap before GC invocations=6 (full 0):
 garbage-first heap   total 73728K, used 20370K [0x0000000748c00000, 0x0000000800000000)
  region size 2048K, 3 young (6144K), 2 survivors (4096K)
 Metaspace       used 30641K, committed 31168K, reserved 1114112K
  class space    used 4154K, committed 4416K, reserved 1048576K
}
Event: 28.487 GC heap after
{Heap after GC invocations=7 (full 0):
 garbage-first heap   total 73728K, used 19637K [0x0000000748c00000, 0x0000000800000000)
  region size 2048K, 2 young (4096K), 2 survivors (4096K)
 Metaspace       used 30641K, committed 31168K, reserved 1114112K
  class space    used 4154K, committed 4416K, reserved 1048576K
}
Event: 33.884 GC heap before
{Heap before GC invocations=8 (full 0):
 garbage-first heap   total 73728K, used 56501K [0x0000000748c00000, 0x0000000800000000)
  region size 2048K, 20 young (40960K), 2 survivors (4096K)
 Metaspace       used 40084K, committed 40640K, reserved 1114112K
  class space    used 5583K, committed 5824K, reserved 1048576K
}
Event: 33.889 GC heap after
{Heap after GC invocations=9 (full 0):
 garbage-first heap   total 73728K, used 21549K [0x0000000748c00000, 0x0000000800000000)
  region size 2048K, 3 young (6144K), 3 survivors (6144K)
 Metaspace       used 40084K, committed 40640K, reserved 1114112K
  class space    used 5583K, committed 5824K, reserved 1048576K
}

