# JRE version: Java(TM) SE Runtime Environment (21.0.7+8) (build 21.0.7+8-LTS-245)
# Java VM: Java HotSpot(TM) 64-Bit Server VM (21.0.7+8-LTS-245, mixed mode, emulated-client, sharing, tiered, compressed oops, compressed class ptrs, g1 gc, windows-amd64)
GC Precious Log:
 CardTable entry size: 512
 Card Set container configuration: InlinePtr #cards 4 size 8 Array Of Cards #cards 16 size 48 Howl #buckets 8 coarsen threshold 3686 Howl Bitmap #cards 512 size 80 coarsen threshold 460 Card regions per heap region 1 cards per card region 4096
 CPUs: 8 total, 8 available
 Memory: 11723M
 Large Page Support: Disabled
 NUMA Support: Disabled
 Compressed Oops: Enabled (Zero based)
 Heap Region Size: 2M
 Heap Min Capacity: 8M
 Heap Initial Capacity: 184M
 Heap Max Capacity: 2932M
 Pre-touch: Disabled
 Parallel Workers: 8
 Concurrent Workers: 2
 Concurrent Refinement Workers: 8
 Periodic GC: Disabled
Heap:
 garbage-first heap   total 69632K, used 47733K [0x0000000748c00000, 0x0000000800000000)
  region size 2048K, 17 young (34816K), 2 survivors (4096K)
 Metaspace       used 38086K, committed 38656K, reserved 1114112K
  class space    used 5292K, committed 5568K, reserved 1048576K
GC Heap History (12 events):
Event: 8.899 GC heap before
{Heap before GC invocations=0 (full 0):
 garbage-first heap   total 188416K, used 20480K [0x0000000748c00000, 0x0000000800000000)
  region size 2048K, 11 young (22528K), 0 survivors (0K)
 Metaspace       used 4591K, committed 4800K, reserved 1114112K
  class space    used 598K, committed 704K, reserved 1048576K
}
Event: 9.427 GC heap after
{Heap after GC invocations=1 (full 0):
 garbage-first heap   total 188416K, used 6976K [0x0000000748c00000, 0x0000000800000000)
  region size 2048K, 2 young (4096K), 2 survivors (4096K)
 Metaspace       used 4591K, committed 4800K, reserved 1114112K
  class space    used 598K, committed 704K, reserved 1048576K
}
Event: 12.352 GC heap before
{Heap before GC invocations=1 (full 0):
 garbage-first heap   total 188416K, used 27456K [0x0000000748c00000, 0x0000000800000000)
  region size 2048K, 13 young (26624K), 2 survivors (4096K)
 Metaspace       used 9971K, committed 10304K, reserved 1114112K
  class space    used 1376K, committed 1536K, reserved 1048576K
}
Event: 12.360 GC heap after
{Heap after GC invocations=2 (full 0):
 garbage-first heap   total 188416K, used 9584K [0x0000000748c00000, 0x0000000800000000)
  region size 2048K, 1 young (2048K), 1 survivors (2048K)
 Metaspace       used 9971K, committed 10304K, reserved 1114112K
  class space    used 1376K, committed 1536K, reserved 1048576K
}
Event: 16.885 GC heap before
{Heap before GC invocations=2 (full 0):
 garbage-first heap   total 188416K, used 54640K [0x0000000748c00000, 0x0000000800000000)
  region size 2048K, 25 young (51200K), 1 survivors (2048K)
 Metaspace       used 17982K, committed 18304K, reserved 1114112K
  class space    used 2426K, committed 2560K, reserved 1048576K
}
Event: 16.897 GC heap after
{Heap after GC invocations=3 (full 0):
 garbage-first heap   total 188416K, used 14314K [0x0000000748c00000, 0x0000000800000000)
  region size 2048K, 4 young (8192K), 4 survivors (8192K)
 Metaspace       used 17982K, committed 18304K, reserved 1114112K
  class space    used 2426K, committed 2560K, reserved 1048576K
}
Event: 21.239 GC heap before
{Heap before GC invocations=4 (full 0):
 garbage-first heap   total 69632K, used 45034K [0x0000000748c00000, 0x0000000800000000)
  region size 2048K, 20 young (40960K), 4 survivors (8192K)
 Metaspace       used 22830K, committed 23232K, reserved 1114112K
  class space    used 3149K, committed 3328K, reserved 1048576K
}
Event: 21.258 GC heap after
{Heap after GC invocations=5 (full 0):
 garbage-first heap   total 69632K, used 17743K [0x0000000748c00000, 0x0000000800000000)
  region size 2048K, 2 young (4096K), 2 survivors (4096K)
 Metaspace       used 22830K, committed 23232K, reserved 1114112K
  class space    used 3149K, committed 3328K, reserved 1048576K
}
Event: 35.436 GC heap before
{Heap before GC invocations=5 (full 0):
 garbage-first heap   total 69632K, used 48463K [0x0000000748c00000, 0x0000000800000000)
  region size 2048K, 18 young (36864K), 2 survivors (4096K)
 Metaspace       used 30219K, committed 30784K, reserved 1114112K
  class space    used 4115K, committed 4352K, reserved 1048576K
}
Event: 35.444 GC heap after
{Heap after GC invocations=6 (full 0):
 garbage-first heap   total 69632K, used 20480K [0x0000000748c00000, 0x0000000800000000)
  region size 2048K, 3 young (6144K), 3 survivors (6144K)
 Metaspace       used 30219K, committed 30784K, reserved 1114112K
  class space    used 4115K, committed 4352K, reserved 1048576K
}
Event: 35.622 GC heap before
{Heap before GC invocations=6 (full 0):
 garbage-first heap   total 69632K, used 22528K [0x0000000748c00000, 0x0000000800000000)
  region size 2048K, 5 young (10240K), 3 survivors (6144K)
 Metaspace       used 30965K, committed 31488K, reserved 1114112K
  class space    used 4172K, committed 4416K, reserved 1048576K
}
Event: 35.628 GC heap after
{Heap after GC invocations=7 (full 0):
 garbage-first heap   total 69632K, used 21109K [0x0000000748c00000, 0x0000000800000000)
  region size 2048K, 2 young (4096K), 2 survivors (4096K)
 Metaspace       used 30965K, committed 31488K, reserved 1114112K
  class space    used 4172K, committed 4416K, reserved 1048576K
}

