# JRE version: Java(TM) SE Runtime Environment (24.0.2+12) (build 24.0.2+12-54)
# Java VM: Java HotSpot(TM) 64-Bit Server VM (24.0.2+12-54, mixed mode, sharing, tiered, compressed oops, compressed class ptrs, g1 gc, windows-amd64)
GC Precious Log:
 CardTable entry size: 512
 Card Set container configuration: InlinePtr #cards 4 size 8 Array Of Cards #cards 16 size 48 Howl #buckets 8 coarsen threshold 3686 Howl Bitmap #cards 512 size 80 coarsen threshold 460 Card regions per heap region 1 cards per card region 4096
 CPUs: 8 total, 8 available
 Memory: 11723M
 Large Page Support: Disabled
 NUMA Support: Disabled
 Compressed Oops: Enabled (Zero based)
 Heap Region Size: 2M
 Heap Min Capacity: 8M
 Heap Initial Capacity: 184M
 Heap Max Capacity: 2932M
 Pre-touch: Disabled
 Parallel Workers: 8
 Concurrent Workers: 2
 Concurrent Refinement Workers: 8
 Periodic GC: Disabled
Heap:
 garbage-first heap   total reserved 3002368K, committed 67584K, used 37264K [0x0000000748c00000, 0x0000000800000000)
  region size 2048K, 4 young (8192K), 2 survivors (4096K)
 Metaspace       used 68481K, committed 69248K, reserved 1114112K
  class space    used 7334K, committed 7680K, reserved 1048576K
GC Heap History (20 events):
Event: 4.099 GC heap before
{Heap before GC invocations=5 (full 0):
 garbage-first heap   total reserved 3002368K, committed 55296K, used 36972K [0x0000000748c00000, 0x0000000800000000)
  region size 2048K, 13 young (26624K), 2 survivors (4096K)
 Metaspace       used 29688K, committed 30016K, reserved 1114112K
  class space    used 3090K, committed 3200K, reserved 1048576K
}
Event: 4.107 GC heap after
{Heap after GC invocations=6 (full 0):
 garbage-first heap   total reserved 3002368K, committed 55296K, used 18636K [0x0000000748c00000, 0x0000000800000000)
  region size 2048K, 2 young (4096K), 2 survivors (4096K)
 Metaspace       used 29688K, committed 30016K, reserved 1114112K
  class space    used 3090K, committed 3200K, reserved 1048576K
}
Event: 4.811 GC heap before
{Heap before GC invocations=6 (full 0):
 garbage-first heap   total reserved 3002368K, committed 55296K, used 41164K [0x0000000748c00000, 0x0000000800000000)
  region size 2048K, 13 young (26624K), 2 survivors (4096K)
 Metaspace       used 34050K, committed 34432K, reserved 1114112K
  class space    used 3545K, committed 3712K, reserved 1048576K
}
Event: 4.825 GC heap after
{Heap after GC invocations=7 (full 0):
 garbage-first heap   total reserved 3002368K, committed 55296K, used 21483K [0x0000000748c00000, 0x0000000800000000)
  region size 2048K, 2 young (4096K), 2 survivors (4096K)
 Metaspace       used 34050K, committed 34432K, reserved 1114112K
  class space    used 3545K, committed 3712K, reserved 1048576K
}
Event: 4.997 GC heap before
{Heap before GC invocations=7 (full 0):
 garbage-first heap   total reserved 3002368K, committed 55296K, used 25579K [0x0000000748c00000, 0x0000000800000000)
  region size 2048K, 5 young (10240K), 2 survivors (4096K)
 Metaspace       used 35705K, committed 36096K, reserved 1114112K
  class space    used 3689K, committed 3904K, reserved 1048576K
}
Event: 5.003 GC heap after
{Heap after GC invocations=8 (full 0):
 garbage-first heap   total reserved 3002368K, committed 67584K, used 22148K [0x0000000748c00000, 0x0000000800000000)
  region size 2048K, 1 young (2048K), 1 survivors (2048K)
 Metaspace       used 35705K, committed 36096K, reserved 1114112K
  class space    used 3689K, committed 3904K, reserved 1048576K
}
Event: 5.941 GC heap before
{Heap before GC invocations=9 (full 0):
 garbage-first heap   total reserved 3002368K, committed 67584K, used 54916K [0x0000000748c00000, 0x0000000800000000)
  region size 2048K, 16 young (32768K), 1 survivors (2048K)
 Metaspace       used 43042K, committed 43456K, reserved 1114112K
  class space    used 4481K, committed 4672K, reserved 1048576K
}
Event: 5.945 GC heap after
{Heap after GC invocations=10 (full 0):
 garbage-first heap   total reserved 3002368K, committed 67584K, used 26225K [0x0000000748c00000, 0x0000000800000000)
  region size 2048K, 2 young (4096K), 2 survivors (4096K)
 Metaspace       used 43042K, committed 43456K, reserved 1114112K
  class space    used 4481K, committed 4672K, reserved 1048576K
}
Event: 6.840 GC heap before
{Heap before GC invocations=10 (full 0):
 garbage-first heap   total reserved 3002368K, committed 67584K, used 54897K [0x0000000748c00000, 0x0000000800000000)
  region size 2048K, 16 young (32768K), 2 survivors (4096K)
 Metaspace       used 52269K, committed 52800K, reserved 1114112K
  class space    used 5462K, committed 5696K, reserved 1048576K
}
Event: 6.844 GC heap after
{Heap after GC invocations=11 (full 0):
 garbage-first heap   total reserved 3002368K, committed 67584K, used 27758K [0x0000000748c00000, 0x0000000800000000)
  region size 2048K, 1 young (2048K), 1 survivors (2048K)
 Metaspace       used 52269K, committed 52800K, reserved 1114112K
  class space    used 5462K, committed 5696K, reserved 1048576K
}
Event: 7.522 GC heap before
{Heap before GC invocations=11 (full 0):
 garbage-first heap   total reserved 3002368K, committed 67584K, used 54382K [0x0000000748c00000, 0x0000000800000000)
  region size 2048K, 15 young (30720K), 1 survivors (2048K)
 Metaspace       used 59516K, committed 60096K, reserved 1114112K
  class space    used 6300K, committed 6528K, reserved 1048576K
}
Event: 7.526 GC heap after
{Heap after GC invocations=12 (full 0):
 garbage-first heap   total reserved 3002368K, committed 67584K, used 29323K [0x0000000748c00000, 0x0000000800000000)
  region size 2048K, 2 young (4096K), 2 survivors (4096K)
 Metaspace       used 59516K, committed 60096K, reserved 1114112K
  class space    used 6300K, committed 6528K, reserved 1048576K
}
Event: 7.719 GC heap before
{Heap before GC invocations=12 (full 0):
 garbage-first heap   total reserved 3002368K, committed 67584K, used 37515K [0x0000000748c00000, 0x0000000800000000)
  region size 2048K, 7 young (14336K), 2 survivors (4096K)
 Metaspace       used 60216K, committed 60736K, reserved 1114112K
  class space    used 6373K, committed 6592K, reserved 1048576K
}
Event: 7.723 GC heap after
{Heap after GC invocations=13 (full 0):
 garbage-first heap   total reserved 3002368K, committed 67584K, used 29942K [0x0000000748c00000, 0x0000000800000000)
  region size 2048K, 2 young (4096K), 2 survivors (4096K)
 Metaspace       used 60216K, committed 60736K, reserved 1114112K
  class space    used 6373K, committed 6592K, reserved 1048576K
}
Event: 8.216 GC heap before
{Heap before GC invocations=14 (full 0):
 garbage-first heap   total reserved 3002368K, committed 67584K, used 54518K [0x0000000748c00000, 0x0000000800000000)
  region size 2048K, 14 young (28672K), 2 survivors (4096K)
 Metaspace       used 62549K, committed 63104K, reserved 1114112K
  class space    used 6693K, committed 6912K, reserved 1048576K
}
Event: 8.222 GC heap after
{Heap after GC invocations=15 (full 0):
 garbage-first heap   total reserved 3002368K, committed 67584K, used 32044K [0x0000000748c00000, 0x0000000800000000)
  region size 2048K, 2 young (4096K), 2 survivors (4096K)
 Metaspace       used 62549K, committed 63104K, reserved 1114112K
  class space    used 6693K, committed 6912K, reserved 1048576K
}
Event: 8.918 GC heap before
{Heap before GC invocations=15 (full 0):
 garbage-first heap   total reserved 3002368K, committed 67584K, used 52524K [0x0000000748c00000, 0x0000000800000000)
  region size 2048K, 13 young (26624K), 2 survivors (4096K)
 Metaspace       used 64881K, committed 65536K, reserved 1114112K
  class space    used 6951K, committed 7232K, reserved 1048576K
}
Event: 8.928 GC heap after
{Heap after GC invocations=16 (full 0):
 garbage-first heap   total reserved 3002368K, committed 67584K, used 33834K [0x0000000748c00000, 0x0000000800000000)
  region size 2048K, 2 young (4096K), 2 survivors (4096K)
 Metaspace       used 64881K, committed 65536K, reserved 1114112K
  class space    used 6951K, committed 7232K, reserved 1048576K
}
Event: 9.487 GC heap before
{Heap before GC invocations=16 (full 0):
 garbage-first heap   total reserved 3002368K, committed 67584K, used 54314K [0x0000000748c00000, 0x0000000800000000)
  region size 2048K, 12 young (24576K), 2 survivors (4096K)
 Metaspace       used 68262K, committed 68928K, reserved 1114112K
  class space    used 7318K, committed 7616K, reserved 1048576K
}
Event: 9.494 GC heap after
{Heap after GC invocations=17 (full 0):
 garbage-first heap   total reserved 3002368K, committed 67584K, used 35216K [0x0000000748c00000, 0x0000000800000000)
  region size 2048K, 2 young (4096K), 2 survivors (4096K)
 Metaspace       used 68262K, committed 68928K, reserved 1114112K
  class space    used 7318K, committed 7616K, reserved 1048576K
}

