# JRE version: Java(TM) SE Runtime Environment (24.0.2+12) (build 24.0.2+12-54)
# Java VM: Java HotSpot(TM) 64-Bit Server VM (24.0.2+12-54, mixed mode, sharing, tiered, compressed oops, compressed class ptrs, g1 gc, windows-amd64)
GC Precious Log:
 CardTable entry size: 512
 Card Set container configuration: InlinePtr #cards 4 size 8 Array Of Cards #cards 16 size 48 Howl #buckets 8 coarsen threshold 3686 Howl Bitmap #cards 512 size 80 coarsen threshold 460 Card regions per heap region 1 cards per card region 4096
 CPUs: 8 total, 8 available
 Memory: 11723M
 Large Page Support: Disabled
 NUMA Support: Disabled
 Compressed Oops: Enabled (Zero based)
 Heap Region Size: 2M
 Heap Min Capacity: 8M
 Heap Initial Capacity: 184M
 Heap Max Capacity: 2932M
 Pre-touch: Disabled
 Parallel Workers: 8
 Concurrent Workers: 2
 Concurrent Refinement Workers: 8
 Periodic GC: Disabled
Heap:
 garbage-first heap   total reserved 3002368K, committed 67584K, used 36317K [0x0000000748c00000, 0x0000000800000000)
  region size 2048K, 3 young (6144K), 2 survivors (4096K)
 Metaspace       used 71188K, committed 71872K, reserved 1114112K
  class space    used 7534K, committed 7872K, reserved 1048576K
GC Heap History (20 events):
Event: 11.932 GC heap before
{Heap before GC invocations=12 (full 0):
 garbage-first heap   total reserved 3002368K, committed 67584K, used 38882K [0x0000000748c00000, 0x0000000800000000)
  region size 2048K, 8 young (16384K), 2 survivors (4096K)
 Metaspace       used 59911K, committed 60416K, reserved 1114112K
  class space    used 6339K, committed 6592K, reserved 1048576K
}
Event: 11.936 GC heap after
{Heap after GC invocations=13 (full 0):
 garbage-first heap   total reserved 3002368K, committed 67584K, used 29696K [0x0000000748c00000, 0x0000000800000000)
  region size 2048K, 2 young (4096K), 2 survivors (4096K)
 Metaspace       used 59911K, committed 60416K, reserved 1114112K
  class space    used 6339K, committed 6592K, reserved 1048576K
}
Event: 12.714 GC heap before
{Heap before GC invocations=14 (full 0):
 garbage-first heap   total reserved 3002368K, committed 67584K, used 54272K [0x0000000748c00000, 0x0000000800000000)
  region size 2048K, 14 young (28672K), 2 survivors (4096K)
 Metaspace       used 62054K, committed 62656K, reserved 1114112K
  class space    used 6642K, committed 6912K, reserved 1048576K
}
Event: 12.719 GC heap after
{Heap after GC invocations=15 (full 0):
 garbage-first heap   total reserved 3002368K, committed 67584K, used 31625K [0x0000000748c00000, 0x0000000800000000)
  region size 2048K, 2 young (4096K), 2 survivors (4096K)
 Metaspace       used 62054K, committed 62656K, reserved 1114112K
  class space    used 6642K, committed 6912K, reserved 1048576K
}
Event: 13.756 GC heap before
{Heap before GC invocations=15 (full 0):
 garbage-first heap   total reserved 3002368K, committed 67584K, used 56201K [0x0000000748c00000, 0x0000000800000000)
  region size 2048K, 14 young (28672K), 2 survivors (4096K)
 Metaspace       used 64789K, committed 65472K, reserved 1114112K
  class space    used 6949K, committed 7232K, reserved 1048576K
}
Event: 13.762 GC heap after
{Heap after GC invocations=16 (full 0):
 garbage-first heap   total reserved 3002368K, committed 67584K, used 33266K [0x0000000748c00000, 0x0000000800000000)
  region size 2048K, 2 young (4096K), 2 survivors (4096K)
 Metaspace       used 64789K, committed 65472K, reserved 1114112K
  class space    used 6949K, committed 7232K, reserved 1048576K
}
Event: 14.586 GC heap before
{Heap before GC invocations=16 (full 0):
 garbage-first heap   total reserved 3002368K, committed 67584K, used 53746K [0x0000000748c00000, 0x0000000800000000)
  region size 2048K, 12 young (24576K), 2 survivors (4096K)
 Metaspace       used 67626K, committed 68288K, reserved 1114112K
  class space    used 7263K, committed 7552K, reserved 1048576K
}
Event: 14.591 GC heap after
{Heap after GC invocations=17 (full 0):
 garbage-first heap   total reserved 3002368K, committed 67584K, used 34826K [0x0000000748c00000, 0x0000000800000000)
  region size 2048K, 1 young (2048K), 1 survivors (2048K)
 Metaspace       used 67626K, committed 68288K, reserved 1114112K
  class space    used 7263K, committed 7552K, reserved 1048576K
}
Event: 252.084 GC heap before
{Heap before GC invocations=18 (full 0):
 garbage-first heap   total reserved 3002368K, committed 67584K, used 55306K [0x0000000748c00000, 0x0000000800000000)
  region size 2048K, 12 young (24576K), 1 survivors (2048K)
 Metaspace       used 70764K, committed 71552K, reserved 1114112K
  class space    used 7526K, committed 7872K, reserved 1048576K
}
Event: 252.088 GC heap after
{Heap after GC invocations=19 (full 0):
 garbage-first heap   total reserved 3002368K, committed 67584K, used 35431K [0x0000000748c00000, 0x0000000800000000)
  region size 2048K, 2 young (4096K), 2 survivors (4096K)
 Metaspace       used 70764K, committed 71552K, reserved 1114112K
  class space    used 7526K, committed 7872K, reserved 1048576K
}
Event: 552.559 GC heap before
{Heap before GC invocations=19 (full 0):
 garbage-first heap   total reserved 3002368K, committed 67584K, used 51815K [0x0000000748c00000, 0x0000000800000000)
  region size 2048K, 11 young (22528K), 2 survivors (4096K)
 Metaspace       used 71003K, committed 71744K, reserved 1114112K
  class space    used 7527K, committed 7872K, reserved 1048576K
}
Event: 552.571 GC heap after
{Heap after GC invocations=20 (full 0):
 garbage-first heap   total reserved 3002368K, committed 67584K, used 35229K [0x0000000748c00000, 0x0000000800000000)
  region size 2048K, 1 young (2048K), 1 survivors (2048K)
 Metaspace       used 71003K, committed 71744K, reserved 1114112K
  class space    used 7527K, committed 7872K, reserved 1048576K
}
Event: 725.023 GC heap before
{Heap before GC invocations=20 (full 0):
 garbage-first heap   total reserved 3002368K, committed 67584K, used 57757K [0x0000000748c00000, 0x0000000800000000)
  region size 2048K, 12 young (24576K), 1 survivors (2048K)
 Metaspace       used 71077K, committed 71808K, reserved 1114112K
  class space    used 7527K, committed 7872K, reserved 1048576K
}
Event: 725.031 GC heap after
{Heap after GC invocations=21 (full 0):
 garbage-first heap   total reserved 3002368K, committed 67584K, used 35669K [0x0000000748c00000, 0x0000000800000000)
  region size 2048K, 1 young (2048K), 1 survivors (2048K)
 Metaspace       used 71077K, committed 71808K, reserved 1114112K
  class space    used 7527K, committed 7872K, reserved 1048576K
}
Event: 829.936 GC heap before
{Heap before GC invocations=22 (full 0):
 garbage-first heap   total reserved 3002368K, committed 67584K, used 56149K [0x0000000748c00000, 0x0000000800000000)
  region size 2048K, 12 young (24576K), 1 survivors (2048K)
 Metaspace       used 71101K, committed 71872K, reserved 1114112K
  class space    used 7528K, committed 7872K, reserved 1048576K
}
Event: 829.940 GC heap after
{Heap after GC invocations=23 (full 0):
 garbage-first heap   total reserved 3002368K, committed 67584K, used 36767K [0x0000000748c00000, 0x0000000800000000)
  region size 2048K, 2 young (4096K), 2 survivors (4096K)
 Metaspace       used 71101K, committed 71872K, reserved 1114112K
  class space    used 7528K, committed 7872K, reserved 1048576K
}
Event: 912.731 GC heap before
{Heap before GC invocations=23 (full 0):
 garbage-first heap   total reserved 3002368K, committed 67584K, used 53151K [0x0000000748c00000, 0x0000000800000000)
  region size 2048K, 11 young (22528K), 2 survivors (4096K)
 Metaspace       used 71163K, committed 71872K, reserved 1114112K
  class space    used 7534K, committed 7872K, reserved 1048576K
}
Event: 912.742 GC heap after
{Heap after GC invocations=24 (full 0):
 garbage-first heap   total reserved 3002368K, committed 67584K, used 36149K [0x0000000748c00000, 0x0000000800000000)
  region size 2048K, 2 young (4096K), 2 survivors (4096K)
 Metaspace       used 71163K, committed 71872K, reserved 1114112K
  class space    used 7534K, committed 7872K, reserved 1048576K
}
Event: 982.645 GC heap before
{Heap before GC invocations=24 (full 0):
 garbage-first heap   total reserved 3002368K, committed 67584K, used 52533K [0x0000000748c00000, 0x0000000800000000)
  region size 2048K, 11 young (22528K), 2 survivors (4096K)
 Metaspace       used 71187K, committed 71872K, reserved 1114112K
  class space    used 7534K, committed 7872K, reserved 1048576K
}
Event: 982.648 GC heap after
{Heap after GC invocations=25 (full 0):
 garbage-first heap   total reserved 3002368K, committed 67584K, used 36317K [0x0000000748c00000, 0x0000000800000000)
  region size 2048K, 2 young (4096K), 2 survivors (4096K)
 Metaspace       used 71187K, committed 71872K, reserved 1114112K
  class space    used 7534K, committed 7872K, reserved 1048576K
}

