# JRE version: Java(TM) SE Runtime Environment (24.0.2+12) (build 24.0.2+12-54)
# Java VM: Java HotSpot(TM) 64-Bit Server VM (24.0.2+12-54, mixed mode, sharing, tiered, compressed oops, compressed class ptrs, g1 gc, windows-amd64)
GC Precious Log:
 CardTable entry size: 512
 Card Set container configuration: InlinePtr #cards 4 size 8 Array Of Cards #cards 16 size 48 Howl #buckets 8 coarsen threshold 3686 Howl Bitmap #cards 512 size 80 coarsen threshold 460 Card regions per heap region 1 cards per card region 4096
 CPUs: 8 total, 8 available
 Memory: 11723M
 Large Page Support: Disabled
 NUMA Support: Disabled
 Compressed Oops: Enabled (Zero based)
 Heap Region Size: 2M
 Heap Min Capacity: 8M
 Heap Initial Capacity: 184M
 Heap Max Capacity: 2932M
 Pre-touch: Disabled
 Parallel Workers: 8
 Concurrent Workers: 2
 Concurrent Refinement Workers: 8
 Periodic GC: Disabled
Heap:
 garbage-first heap   total reserved 3002368K, committed 67584K, used 43548K [0x0000000748c00000, 0x0000000800000000)
  region size 2048K, 6 young (12288K), 1 survivors (2048K)
 Metaspace       used 68778K, committed 69440K, reserved 1114112K
  class space    used 7359K, committed 7616K, reserved 1048576K
GC Heap History (20 events):
Event: 5.601 GC heap before
{Heap before GC invocations=5 (full 0):
 garbage-first heap   total reserved 3002368K, committed 55296K, used 39097K [0x0000000748c00000, 0x0000000800000000)
  region size 2048K, 13 young (26624K), 2 survivors (4096K)
 Metaspace       used 29779K, committed 30144K, reserved 1114112K
  class space    used 3105K, committed 3264K, reserved 1048576K
}
Event: 5.618 GC heap after
{Heap after GC invocations=6 (full 0):
 garbage-first heap   total reserved 3002368K, committed 55296K, used 18670K [0x0000000748c00000, 0x0000000800000000)
  region size 2048K, 2 young (4096K), 2 survivors (4096K)
 Metaspace       used 29779K, committed 30144K, reserved 1114112K
  class space    used 3105K, committed 3264K, reserved 1048576K
}
Event: 6.600 GC heap before
{Heap before GC invocations=6 (full 0):
 garbage-first heap   total reserved 3002368K, committed 55296K, used 41198K [0x0000000748c00000, 0x0000000800000000)
  region size 2048K, 13 young (26624K), 2 survivors (4096K)
 Metaspace       used 34448K, committed 34880K, reserved 1114112K
  class space    used 3567K, committed 3776K, reserved 1048576K
}
Event: 6.617 GC heap after
{Heap after GC invocations=7 (full 0):
 garbage-first heap   total reserved 3002368K, committed 55296K, used 21317K [0x0000000748c00000, 0x0000000800000000)
  region size 2048K, 2 young (4096K), 2 survivors (4096K)
 Metaspace       used 34448K, committed 34880K, reserved 1114112K
  class space    used 3567K, committed 3776K, reserved 1048576K
}
Event: 6.789 GC heap before
{Heap before GC invocations=7 (full 0):
 garbage-first heap   total reserved 3002368K, committed 55296K, used 23365K [0x0000000748c00000, 0x0000000800000000)
  region size 2048K, 4 young (8192K), 2 survivors (4096K)
 Metaspace       used 35605K, committed 35968K, reserved 1114112K
  class space    used 3673K, committed 3840K, reserved 1048576K
}
Event: 6.797 GC heap after
{Heap after GC invocations=8 (full 0):
 garbage-first heap   total reserved 3002368K, committed 67584K, used 21850K [0x0000000748c00000, 0x0000000800000000)
  region size 2048K, 1 young (2048K), 1 survivors (2048K)
 Metaspace       used 35605K, committed 35968K, reserved 1114112K
  class space    used 3673K, committed 3840K, reserved 1048576K
}
Event: 8.014 GC heap before
{Heap before GC invocations=9 (full 0):
 garbage-first heap   total reserved 3002368K, committed 67584K, used 52570K [0x0000000748c00000, 0x0000000800000000)
  region size 2048K, 16 young (32768K), 1 survivors (2048K)
 Metaspace       used 42992K, committed 43392K, reserved 1114112K
  class space    used 4469K, committed 4608K, reserved 1048576K
}
Event: 8.018 GC heap after
{Heap after GC invocations=10 (full 0):
 garbage-first heap   total reserved 3002368K, committed 67584K, used 26016K [0x0000000748c00000, 0x0000000800000000)
  region size 2048K, 2 young (4096K), 2 survivors (4096K)
 Metaspace       used 42992K, committed 43392K, reserved 1114112K
  class space    used 4469K, committed 4608K, reserved 1048576K
}
Event: 8.971 GC heap before
{Heap before GC invocations=10 (full 0):
 garbage-first heap   total reserved 3002368K, committed 67584K, used 52640K [0x0000000748c00000, 0x0000000800000000)
  region size 2048K, 16 young (32768K), 2 survivors (4096K)
 Metaspace       used 51490K, committed 52032K, reserved 1114112K
  class space    used 5263K, committed 5504K, reserved 1048576K
}
Event: 8.976 GC heap after
{Heap after GC invocations=11 (full 0):
 garbage-first heap   total reserved 3002368K, committed 67584K, used 27764K [0x0000000748c00000, 0x0000000800000000)
  region size 2048K, 1 young (2048K), 1 survivors (2048K)
 Metaspace       used 51490K, committed 52032K, reserved 1114112K
  class space    used 5263K, committed 5504K, reserved 1048576K
}
Event: 9.790 GC heap before
{Heap before GC invocations=11 (full 0):
 garbage-first heap   total reserved 3002368K, committed 67584K, used 56436K [0x0000000748c00000, 0x0000000800000000)
  region size 2048K, 15 young (30720K), 1 survivors (2048K)
 Metaspace       used 59403K, committed 59968K, reserved 1114112K
  class space    used 6274K, committed 6528K, reserved 1048576K
}
Event: 9.795 GC heap after
{Heap after GC invocations=12 (full 0):
 garbage-first heap   total reserved 3002368K, committed 67584K, used 29060K [0x0000000748c00000, 0x0000000800000000)
  region size 2048K, 2 young (4096K), 2 survivors (4096K)
 Metaspace       used 59403K, committed 59968K, reserved 1114112K
  class space    used 6274K, committed 6528K, reserved 1048576K
}
Event: 9.862 GC heap before
{Heap before GC invocations=12 (full 0):
 garbage-first heap   total reserved 3002368K, committed 67584K, used 31108K [0x0000000748c00000, 0x0000000800000000)
  region size 2048K, 4 young (8192K), 2 survivors (4096K)
 Metaspace       used 59749K, committed 60288K, reserved 1114112K
  class space    used 6317K, committed 6528K, reserved 1048576K
}
Event: 9.867 GC heap after
{Heap after GC invocations=13 (full 0):
 garbage-first heap   total reserved 3002368K, committed 67584K, used 29521K [0x0000000748c00000, 0x0000000800000000)
  region size 2048K, 1 young (2048K), 1 survivors (2048K)
 Metaspace       used 59749K, committed 60288K, reserved 1114112K
  class space    used 6317K, committed 6528K, reserved 1048576K
}
Event: 10.564 GC heap before
{Heap before GC invocations=14 (full 0):
 garbage-first heap   total reserved 3002368K, committed 67584K, used 58193K [0x0000000748c00000, 0x0000000800000000)
  region size 2048K, 15 young (30720K), 1 survivors (2048K)
 Metaspace       used 62059K, committed 62656K, reserved 1114112K
  class space    used 6638K, committed 6912K, reserved 1048576K
}
Event: 10.568 GC heap after
{Heap after GC invocations=15 (full 0):
 garbage-first heap   total reserved 3002368K, committed 67584K, used 31662K [0x0000000748c00000, 0x0000000800000000)
  region size 2048K, 2 young (4096K), 2 survivors (4096K)
 Metaspace       used 62059K, committed 62656K, reserved 1114112K
  class space    used 6638K, committed 6912K, reserved 1048576K
}
Event: 11.307 GC heap before
{Heap before GC invocations=15 (full 0):
 garbage-first heap   total reserved 3002368K, committed 67584K, used 56238K [0x0000000748c00000, 0x0000000800000000)
  region size 2048K, 14 young (28672K), 2 survivors (4096K)
 Metaspace       used 64975K, committed 65600K, reserved 1114112K
  class space    used 6974K, committed 7232K, reserved 1048576K
}
Event: 11.318 GC heap after
{Heap after GC invocations=16 (full 0):
 garbage-first heap   total reserved 3002368K, committed 67584K, used 33605K [0x0000000748c00000, 0x0000000800000000)
  region size 2048K, 2 young (4096K), 2 survivors (4096K)
 Metaspace       used 64975K, committed 65600K, reserved 1114112K
  class space    used 6974K, committed 7232K, reserved 1048576K
}
Event: 11.952 GC heap before
{Heap before GC invocations=16 (full 0):
 garbage-first heap   total reserved 3002368K, committed 67584K, used 54085K [0x0000000748c00000, 0x0000000800000000)
  region size 2048K, 12 young (24576K), 2 survivors (4096K)
 Metaspace       used 68314K, committed 68992K, reserved 1114112K
  class space    used 7318K, committed 7616K, reserved 1048576K
}
Event: 11.958 GC heap after
{Heap after GC invocations=17 (full 0):
 garbage-first heap   total reserved 3002368K, committed 67584K, used 35356K [0x0000000748c00000, 0x0000000800000000)
  region size 2048K, 1 young (2048K), 1 survivors (2048K)
 Metaspace       used 68314K, committed 68992K, reserved 1114112K
  class space    used 7318K, committed 7616K, reserved 1048576K
}

