# JRE version: Java(TM) SE Runtime Environment (21.0.7+8) (build 21.0.7+8-LTS-245)
# Java VM: Java HotSpot(TM) 64-Bit Server VM (21.0.7+8-LTS-245, mixed mode, sharing, tiered, compressed oops, compressed class ptrs, g1 gc, windows-amd64)
GC Precious Log:
 CardTable entry size: 512
 Card Set container configuration: InlinePtr #cards 4 size 8 Array Of Cards #cards 16 size 48 Howl #buckets 8 coarsen threshold 3686 Howl Bitmap #cards 512 size 80 coarsen threshold 460 Card regions per heap region 1 cards per card region 4096
 CPUs: 8 total, 8 available
 Memory: 11723M
 Large Page Support: Disabled
 NUMA Support: Disabled
 Compressed Oops: Enabled (Zero based)
 Heap Region Size: 2M
 Heap Min Capacity: 8M
 Heap Initial Capacity: 184M
 Heap Max Capacity: 2932M
 Pre-touch: Disabled
 Parallel Workers: 8
 Concurrent Workers: 2
 Concurrent Refinement Workers: 8
 Periodic GC: Disabled
Heap:
 garbage-first heap   total 188416K, used 126857K [0x0000000748c00000, 0x0000000800000000)
  region size 2048K, 46 young (94208K), 7 survivors (14336K)
 Metaspace       used 19114K, committed 19392K, reserved 1114112K
  class space    used 2108K, committed 2240K, reserved 1048576K
GC Heap History (6 events):
Event: 9.181 GC heap before
{Heap before GC invocations=0 (full 0):
 garbage-first heap   total 188416K, used 22528K [0x0000000748c00000, 0x0000000800000000)
  region size 2048K, 11 young (22528K), 0 survivors (0K)
 Metaspace       used 5609K, committed 5760K, reserved 1114112K
  class space    used 647K, committed 768K, reserved 1048576K
}
Event: 10.491 GC heap after
{Heap after GC invocations=1 (full 0):
 garbage-first heap   total 188416K, used 3840K [0x0000000748c00000, 0x0000000800000000)
  region size 2048K, 2 young (4096K), 2 survivors (4096K)
 Metaspace       used 5609K, committed 5760K, reserved 1114112K
  class space    used 647K, committed 768K, reserved 1048576K
}
Event: 16.769 GC heap before
{Heap before GC invocations=1 (full 0):
 garbage-first heap   total 188416K, used 34560K [0x0000000748c00000, 0x0000000800000000)
  region size 2048K, 17 young (34816K), 2 survivors (4096K)
 Metaspace       used 9584K, committed 9728K, reserved 1114112K
  class space    used 1124K, committed 1216K, reserved 1048576K
}
Event: 16.776 GC heap after
{Heap after GC invocations=2 (full 0):
 garbage-first heap   total 188416K, used 5549K [0x0000000748c00000, 0x0000000800000000)
  region size 2048K, 1 young (2048K), 1 survivors (2048K)
 Metaspace       used 9584K, committed 9728K, reserved 1114112K
  class space    used 1124K, committed 1216K, reserved 1048576K
}
Event: 27.298 GC heap before
{Heap before GC invocations=2 (full 0):
 garbage-first heap   total 188416K, used 116141K [0x0000000748c00000, 0x0000000800000000)
  region size 2048K, 55 young (112640K), 1 survivors (2048K)
 Metaspace       used 16407K, committed 16640K, reserved 1114112K
  class space    used 1852K, committed 1984K, reserved 1048576K
}
Event: 27.318 GC heap after
{Heap after GC invocations=3 (full 0):
 garbage-first heap   total 188416K, used 16265K [0x0000000748c00000, 0x0000000800000000)
  region size 2048K, 7 young (14336K), 7 survivors (14336K)
 Metaspace       used 16407K, committed 16640K, reserved 1114112K
  class space    used 1852K, committed 1984K, reserved 1048576K
}

