# JRE version: Java(TM) SE Runtime Environment (21.0.7+8) (build 21.0.7+8-LTS-245)
# Java VM: Java HotSpot(TM) 64-Bit Server VM (21.0.7+8-LTS-245, mixed mode, emulated-client, sharing, tiered, compressed oops, compressed class ptrs, g1 gc, windows-amd64)
GC Precious Log:
 CardTable entry size: 512
 Card Set container configuration: InlinePtr #cards 4 size 8 Array Of Cards #cards 16 size 48 Howl #buckets 8 coarsen threshold 3686 Howl Bitmap #cards 512 size 80 coarsen threshold 460 Card regions per heap region 1 cards per card region 4096
 CPUs: 8 total, 8 available
 Memory: 11723M
 Large Page Support: Disabled
 NUMA Support: Disabled
 Compressed Oops: Enabled (Zero based)
 Heap Region Size: 2M
 Heap Min Capacity: 8M
 Heap Initial Capacity: 184M
 Heap Max Capacity: 2932M
 Pre-touch: Disabled
 Parallel Workers: 8
 Concurrent Workers: 2
 Concurrent Refinement Workers: 8
 Periodic GC: Disabled
Heap:
 garbage-first heap   total 81920K, used 59518K [0x0000000748c00000, 0x0000000800000000)
  region size 2048K, 14 young (28672K), 3 survivors (6144K)
 Metaspace       used 55114K, committed 55744K, reserved 1114112K
  class space    used 7818K, committed 8128K, reserved 1048576K
GC Heap History (20 events):
Event: 3.784 GC heap before
{Heap before GC invocations=2 (full 0):
 garbage-first heap   total 188416K, used 47524K [0x0000000748c00000, 0x0000000800000000)
  region size 2048K, 19 young (38912K), 2 survivors (4096K)
 Metaspace       used 10618K, committed 11008K, reserved 1114112K
  class space    used 1488K, committed 1664K, reserved 1048576K
}
Event: 3.804 GC heap after
{Heap after GC invocations=3 (full 0):
 garbage-first heap   total 188416K, used 17277K [0x0000000748c00000, 0x0000000800000000)
  region size 2048K, 2 young (4096K), 2 survivors (4096K)
 Metaspace       used 10618K, committed 11008K, reserved 1114112K
  class space    used 1488K, committed 1664K, reserved 1048576K
}
Event: 5.123 GC heap before
{Heap before GC invocations=3 (full 0):
 garbage-first heap   total 188416K, used 68477K [0x0000000748c00000, 0x0000000800000000)
  region size 2048K, 29 young (59392K), 2 survivors (4096K)
 Metaspace       used 21111K, committed 21504K, reserved 1114112K
  class space    used 2855K, committed 3072K, reserved 1048576K
}
Event: 5.130 GC heap after
{Heap after GC invocations=4 (full 0):
 garbage-first heap   total 188416K, used 20683K [0x0000000748c00000, 0x0000000800000000)
  region size 2048K, 4 young (8192K), 4 survivors (8192K)
 Metaspace       used 21111K, committed 21504K, reserved 1114112K
  class space    used 2855K, committed 3072K, reserved 1048576K
}
Event: 6.725 GC heap before
{Heap before GC invocations=5 (full 0):
 garbage-first heap   total 81920K, used 61643K [0x0000000748c00000, 0x0000000800000000)
  region size 2048K, 24 young (49152K), 4 survivors (8192K)
 Metaspace       used 23410K, committed 23808K, reserved 1114112K
  class space    used 3211K, committed 3392K, reserved 1048576K
}
Event: 6.734 GC heap after
{Heap after GC invocations=6 (full 0):
 garbage-first heap   total 81920K, used 23598K [0x0000000748c00000, 0x0000000800000000)
  region size 2048K, 2 young (4096K), 2 survivors (4096K)
 Metaspace       used 23410K, committed 23808K, reserved 1114112K
  class space    used 3211K, committed 3392K, reserved 1048576K
}
Event: 8.647 GC heap before
{Heap before GC invocations=6 (full 0):
 garbage-first heap   total 81920K, used 62510K [0x0000000748c00000, 0x0000000800000000)
  region size 2048K, 21 young (43008K), 2 survivors (4096K)
 Metaspace       used 27185K, committed 27584K, reserved 1114112K
  class space    used 3808K, committed 3968K, reserved 1048576K
}
Event: 8.654 GC heap after
{Heap after GC invocations=7 (full 0):
 garbage-first heap   total 81920K, used 25452K [0x0000000748c00000, 0x0000000800000000)
  region size 2048K, 2 young (4096K), 2 survivors (4096K)
 Metaspace       used 27185K, committed 27584K, reserved 1114112K
  class space    used 3808K, committed 3968K, reserved 1048576K
}
Event: 10.036 GC heap before
{Heap before GC invocations=7 (full 0):
 garbage-first heap   total 81920K, used 64364K [0x0000000748c00000, 0x0000000800000000)
  region size 2048K, 21 young (43008K), 2 survivors (4096K)
 Metaspace       used 32145K, committed 32640K, reserved 1114112K
  class space    used 4450K, committed 4672K, reserved 1048576K
}
Event: 10.042 GC heap after
{Heap after GC invocations=8 (full 0):
 garbage-first heap   total 81920K, used 27646K [0x0000000748c00000, 0x0000000800000000)
  region size 2048K, 3 young (6144K), 3 survivors (6144K)
 Metaspace       used 32145K, committed 32640K, reserved 1114112K
  class space    used 4450K, committed 4672K, reserved 1048576K
}
Event: 11.337 GC heap before
{Heap before GC invocations=8 (full 0):
 garbage-first heap   total 81920K, used 66558K [0x0000000748c00000, 0x0000000800000000)
  region size 2048K, 22 young (45056K), 3 survivors (6144K)
 Metaspace       used 35183K, committed 35776K, reserved 1114112K
  class space    used 4852K, committed 5120K, reserved 1048576K
}
Event: 11.345 GC heap after
{Heap after GC invocations=9 (full 0):
 garbage-first heap   total 81920K, used 30037K [0x0000000748c00000, 0x0000000800000000)
  region size 2048K, 3 young (6144K), 3 survivors (6144K)
 Metaspace       used 35183K, committed 35776K, reserved 1114112K
  class space    used 4852K, committed 5120K, reserved 1048576K
}
Event: 11.921 GC heap before
{Heap before GC invocations=9 (full 0):
 garbage-first heap   total 81920K, used 58709K [0x0000000748c00000, 0x0000000800000000)
  region size 2048K, 19 young (38912K), 3 survivors (6144K)
 Metaspace       used 35577K, committed 36096K, reserved 1114112K
  class space    used 4891K, committed 5120K, reserved 1048576K
}
Event: 11.931 GC heap after
{Heap after GC invocations=10 (full 0):
 garbage-first heap   total 81920K, used 33693K [0x0000000748c00000, 0x0000000800000000)
  region size 2048K, 3 young (6144K), 3 survivors (6144K)
 Metaspace       used 35577K, committed 36096K, reserved 1114112K
  class space    used 4891K, committed 5120K, reserved 1048576K
}
Event: 13.442 GC heap before
{Heap before GC invocations=11 (full 0):
 garbage-first heap   total 81920K, used 68509K [0x0000000748c00000, 0x0000000800000000)
  region size 2048K, 20 young (40960K), 3 survivors (6144K)
 Metaspace       used 36879K, committed 37440K, reserved 1114112K
  class space    used 5119K, committed 5376K, reserved 1048576K
}
Event: 13.449 GC heap after
{Heap after GC invocations=12 (full 0):
 garbage-first heap   total 81920K, used 35336K [0x0000000748c00000, 0x0000000800000000)
  region size 2048K, 1 young (2048K), 1 survivors (2048K)
 Metaspace       used 36879K, committed 37440K, reserved 1114112K
  class space    used 5119K, committed 5376K, reserved 1048576K
}
Event: 15.048 GC heap before
{Heap before GC invocations=12 (full 0):
 garbage-first heap   total 81920K, used 70152K [0x0000000748c00000, 0x0000000800000000)
  region size 2048K, 18 young (36864K), 1 survivors (2048K)
 Metaspace       used 41955K, committed 42624K, reserved 1114112K
  class space    used 5831K, committed 6144K, reserved 1048576K
}
Event: 15.053 GC heap after
{Heap after GC invocations=13 (full 0):
 garbage-first heap   total 81920K, used 36741K [0x0000000748c00000, 0x0000000800000000)
  region size 2048K, 2 young (4096K), 2 survivors (4096K)
 Metaspace       used 41955K, committed 42624K, reserved 1114112K
  class space    used 5831K, committed 6144K, reserved 1048576K
}
Event: 17.242 GC heap before
{Heap before GC invocations=13 (full 0):
 garbage-first heap   total 81920K, used 69509K [0x0000000748c00000, 0x0000000800000000)
  region size 2048K, 18 young (36864K), 2 survivors (4096K)
 Metaspace       used 50068K, committed 50752K, reserved 1114112K
  class space    used 7028K, committed 7360K, reserved 1048576K
}
Event: 17.248 GC heap after
{Heap after GC invocations=14 (full 0):
 garbage-first heap   total 81920K, used 39038K [0x0000000748c00000, 0x0000000800000000)
  region size 2048K, 3 young (6144K), 3 survivors (6144K)
 Metaspace       used 50068K, committed 50752K, reserved 1114112K
  class space    used 7028K, committed 7360K, reserved 1048576K
}

