# JRE version: Java(TM) SE Runtime Environment (21.0.7+8) (build 21.0.7+8-LTS-245)
# Java VM: Java HotSpot(TM) 64-Bit Server VM (21.0.7+8-LTS-245, mixed mode, sharing, tiered, compressed oops, compressed class ptrs, g1 gc, windows-amd64)
GC Precious Log:
 CardTable entry size: 512
 Card Set container configuration: InlinePtr #cards 4 size 8 Array Of Cards #cards 16 size 48 Howl #buckets 8 coarsen threshold 3686 Howl Bitmap #cards 512 size 80 coarsen threshold 460 Card regions per heap region 1 cards per card region 4096
 CPUs: 8 total, 8 available
 Memory: 11723M
 Large Page Support: Disabled
 NUMA Support: Disabled
 Compressed Oops: Enabled (Zero based)
 Heap Region Size: 2M
 Heap Min Capacity: 8M
 Heap Initial Capacity: 184M
 Heap Max Capacity: 2932M
 Pre-touch: Disabled
 Parallel Workers: 8
 Concurrent Workers: 2
 Concurrent Refinement Workers: 8
 Periodic GC: Disabled
Heap:
 garbage-first heap   total 147456K, used 57195K [0x0000000748c00000, 0x0000000800000000)
  region size 2048K, 11 young (22528K), 7 survivors (14336K)
 Metaspace       used 30458K, committed 30912K, reserved 1114112K
  class space    used 3352K, committed 3584K, reserved 1048576K
GC Heap History (12 events):
Event: 6.541 GC heap before
{Heap before GC invocations=0 (full 0):
 garbage-first heap   total 188416K, used 22528K [0x0000000748c00000, 0x0000000800000000)
  region size 2048K, 11 young (22528K), 0 survivors (0K)
 Metaspace       used 5635K, committed 5824K, reserved 1114112K
  class space    used 647K, committed 768K, reserved 1048576K
}
Event: 7.233 GC heap after
{Heap after GC invocations=1 (full 0):
 garbage-first heap   total 188416K, used 3840K [0x0000000748c00000, 0x0000000800000000)
  region size 2048K, 2 young (4096K), 2 survivors (4096K)
 Metaspace       used 5635K, committed 5824K, reserved 1114112K
  class space    used 647K, committed 768K, reserved 1048576K
}
Event: 13.778 GC heap before
{Heap before GC invocations=1 (full 0):
 garbage-first heap   total 188416K, used 34560K [0x0000000748c00000, 0x0000000800000000)
  region size 2048K, 17 young (34816K), 2 survivors (4096K)
 Metaspace       used 9601K, committed 9792K, reserved 1114112K
  class space    used 1122K, committed 1216K, reserved 1048576K
}
Event: 13.786 GC heap after
{Heap after GC invocations=2 (full 0):
 garbage-first heap   total 188416K, used 5290K [0x0000000748c00000, 0x0000000800000000)
  region size 2048K, 1 young (2048K), 1 survivors (2048K)
 Metaspace       used 9601K, committed 9792K, reserved 1114112K
  class space    used 1122K, committed 1216K, reserved 1048576K
}
Event: 24.814 GC heap before
{Heap before GC invocations=2 (full 0):
 garbage-first heap   total 188416K, used 115882K [0x0000000748c00000, 0x0000000800000000)
  region size 2048K, 55 young (112640K), 1 survivors (2048K)
 Metaspace       used 16511K, committed 16768K, reserved 1114112K
  class space    used 1849K, committed 1984K, reserved 1048576K
}
Event: 24.834 GC heap after
{Heap after GC invocations=3 (full 0):
 garbage-first heap   total 188416K, used 16292K [0x0000000748c00000, 0x0000000800000000)
  region size 2048K, 7 young (14336K), 7 survivors (14336K)
 Metaspace       used 16511K, committed 16768K, reserved 1114112K
  class space    used 1849K, committed 1984K, reserved 1048576K
}
Event: 34.626 GC heap before
{Heap before GC invocations=3 (full 0):
 garbage-first heap   total 188416K, used 149412K [0x0000000748c00000, 0x0000000800000000)
  region size 2048K, 55 young (112640K), 7 survivors (14336K)
 Metaspace       used 20667K, committed 20992K, reserved 1114112K
  class space    used 2288K, committed 2432K, reserved 1048576K
}
Event: 34.655 GC heap after
{Heap after GC invocations=4 (full 0):
 garbage-first heap   total 188416K, used 27057K [0x0000000748c00000, 0x0000000800000000)
  region size 2048K, 4 young (8192K), 4 survivors (8192K)
 Metaspace       used 20667K, committed 20992K, reserved 1114112K
  class space    used 2288K, committed 2432K, reserved 1048576K
}
Event: 35.196 GC heap before
{Heap before GC invocations=4 (full 0):
 garbage-first heap   total 188416K, used 37297K [0x0000000748c00000, 0x0000000800000000)
  region size 2048K, 8 young (16384K), 4 survivors (8192K)
 Metaspace       used 21204K, committed 21504K, reserved 1114112K
  class space    used 2357K, committed 2496K, reserved 1048576K
}
Event: 35.205 GC heap after
{Heap after GC invocations=5 (full 0):
 garbage-first heap   total 188416K, used 32327K [0x0000000748c00000, 0x0000000800000000)
  region size 2048K, 3 young (6144K), 3 survivors (6144K)
 Metaspace       used 21204K, committed 21504K, reserved 1114112K
  class space    used 2357K, committed 2496K, reserved 1048576K
}
Event: 57.505 GC heap before
{Heap before GC invocations=6 (full 0):
 garbage-first heap   total 122880K, used 120391K [0x0000000748c00000, 0x0000000800000000)
  region size 2048K, 46 young (94208K), 3 survivors (6144K)
 Metaspace       used 30017K, committed 30464K, reserved 1114112K
  class space    used 3325K, committed 3520K, reserved 1048576K
}
Event: 57.541 GC heap after
{Heap after GC invocations=7 (full 0):
 garbage-first heap   total 147456K, used 51051K [0x0000000748c00000, 0x0000000800000000)
  region size 2048K, 7 young (14336K), 7 survivors (14336K)
 Metaspace       used 30017K, committed 30464K, reserved 1114112K
  class space    used 3325K, committed 3520K, reserved 1048576K
}

