# JRE version: Java(TM) SE Runtime Environment (21.0.7+8) (build 21.0.7+8-LTS-245)
# Java VM: Java HotSpot(TM) 64-Bit Server VM (21.0.7+8-LTS-245, mixed mode, emulated-client, sharing, tiered, compressed oops, compressed class ptrs, g1 gc, windows-amd64)
GC Precious Log:
 CardTable entry size: 512
 Card Set container configuration: InlinePtr #cards 4 size 8 Array Of Cards #cards 16 size 48 Howl #buckets 8 coarsen threshold 3686 Howl Bitmap #cards 512 size 80 coarsen threshold 460 Card regions per heap region 1 cards per card region 4096
 CPUs: 8 total, 8 available
 Memory: 11723M
 Large Page Support: Disabled
 NUMA Support: Disabled
 Compressed Oops: Enabled (Zero based)
 Heap Region Size: 2M
 Heap Min Capacity: 8M
 Heap Initial Capacity: 184M
 Heap Max Capacity: 2932M
 Pre-touch: Disabled
 Parallel Workers: 8
 Concurrent Workers: 2
 Concurrent Refinement Workers: 8
 Periodic GC: Disabled
Heap:
 garbage-first heap   total 108544K, used 90730K [0x0000000748c00000, 0x0000000800000000)
  region size 2048K, 25 young (51200K), 2 survivors (4096K)
 Metaspace       used 66087K, committed 66752K, reserved 1114112K
  class space    used 9427K, committed 9728K, reserved 1048576K
GC Heap History (20 events):
Event: 4.590 GC heap before
{Heap before GC invocations=2 (full 0):
 garbage-first heap   total 188416K, used 47297K [0x0000000748c00000, 0x0000000800000000)
  region size 2048K, 19 young (38912K), 2 survivors (4096K)
 Metaspace       used 10218K, committed 10624K, reserved 1114112K
  class space    used 1449K, committed 1664K, reserved 1048576K
}
Event: 4.598 GC heap after
{Heap after GC invocations=3 (full 0):
 garbage-first heap   total 188416K, used 17809K [0x0000000748c00000, 0x0000000800000000)
  region size 2048K, 2 young (4096K), 2 survivors (4096K)
 Metaspace       used 10218K, committed 10624K, reserved 1114112K
  class space    used 1449K, committed 1664K, reserved 1048576K
}
Event: 5.756 GC heap before
{Heap before GC invocations=3 (full 0):
 garbage-first heap   total 188416K, used 69009K [0x0000000748c00000, 0x0000000800000000)
  region size 2048K, 29 young (59392K), 2 survivors (4096K)
 Metaspace       used 21155K, committed 21504K, reserved 1114112K
  class space    used 2856K, committed 3008K, reserved 1048576K
}
Event: 5.764 GC heap after
{Heap after GC invocations=4 (full 0):
 garbage-first heap   total 188416K, used 21281K [0x0000000748c00000, 0x0000000800000000)
  region size 2048K, 4 young (8192K), 4 survivors (8192K)
 Metaspace       used 21155K, committed 21504K, reserved 1114112K
  class space    used 2856K, committed 3008K, reserved 1048576K
}
Event: 9.250 GC heap before
{Heap before GC invocations=5 (full 0):
 garbage-first heap   total 96256K, used 92961K [0x0000000748c00000, 0x0000000800000000)
  region size 2048K, 39 young (79872K), 4 survivors (8192K)
 Metaspace       used 26348K, committed 26816K, reserved 1114112K
  class space    used 3666K, committed 3840K, reserved 1048576K
}
Event: 9.260 GC heap after
{Heap after GC invocations=6 (full 0):
 garbage-first heap   total 108544K, used 26640K [0x0000000748c00000, 0x0000000800000000)
  region size 2048K, 6 young (12288K), 6 survivors (12288K)
 Metaspace       used 26348K, committed 26816K, reserved 1114112K
  class space    used 3666K, committed 3840K, reserved 1048576K
}
Event: 11.368 GC heap before
{Heap before GC invocations=6 (full 0):
 garbage-first heap   total 108544K, used 77840K [0x0000000748c00000, 0x0000000800000000)
  region size 2048K, 31 young (63488K), 6 survivors (12288K)
 Metaspace       used 32266K, committed 32768K, reserved 1114112K
  class space    used 4478K, committed 4736K, reserved 1048576K
}
Event: 11.383 GC heap after
{Heap after GC invocations=7 (full 0):
 garbage-first heap   total 108544K, used 29849K [0x0000000748c00000, 0x0000000800000000)
  region size 2048K, 3 young (6144K), 3 survivors (6144K)
 Metaspace       used 32266K, committed 32768K, reserved 1114112K
  class space    used 4478K, committed 4736K, reserved 1048576K
}
Event: 12.695 GC heap before
{Heap before GC invocations=7 (full 0):
 garbage-first heap   total 108544K, used 85145K [0x0000000748c00000, 0x0000000800000000)
  region size 2048K, 31 young (63488K), 3 survivors (6144K)
 Metaspace       used 35187K, committed 35776K, reserved 1114112K
  class space    used 4860K, committed 5120K, reserved 1048576K
}
Event: 12.708 GC heap after
{Heap after GC invocations=8 (full 0):
 garbage-first heap   total 108544K, used 39433K [0x0000000748c00000, 0x0000000800000000)
  region size 2048K, 4 young (8192K), 4 survivors (8192K)
 Metaspace       used 35187K, committed 35776K, reserved 1114112K
  class space    used 4860K, committed 5120K, reserved 1048576K
}
Event: 13.263 GC heap before
{Heap before GC invocations=8 (full 0):
 garbage-first heap   total 108544K, used 55817K [0x0000000748c00000, 0x0000000800000000)
  region size 2048K, 14 young (28672K), 4 survivors (8192K)
 Metaspace       used 35960K, committed 36480K, reserved 1114112K
  class space    used 4957K, committed 5184K, reserved 1048576K
}
Event: 13.271 GC heap after
{Heap after GC invocations=9 (full 0):
 garbage-first heap   total 108544K, used 40034K [0x0000000748c00000, 0x0000000800000000)
  region size 2048K, 1 young (2048K), 1 survivors (2048K)
 Metaspace       used 35960K, committed 36480K, reserved 1114112K
  class space    used 4957K, committed 5184K, reserved 1048576K
}
Event: 14.726 GC heap before
{Heap before GC invocations=10 (full 0):
 garbage-first heap   total 108544K, used 87138K [0x0000000748c00000, 0x0000000800000000)
  region size 2048K, 24 young (49152K), 1 survivors (2048K)
 Metaspace       used 37518K, committed 38144K, reserved 1114112K
  class space    used 5240K, committed 5504K, reserved 1048576K
}
Event: 14.733 GC heap after
{Heap after GC invocations=11 (full 0):
 garbage-first heap   total 108544K, used 41943K [0x0000000748c00000, 0x0000000800000000)
  region size 2048K, 2 young (4096K), 2 survivors (4096K)
 Metaspace       used 37518K, committed 38144K, reserved 1114112K
  class space    used 5240K, committed 5504K, reserved 1048576K
}
Event: 17.568 GC heap before
{Heap before GC invocations=11 (full 0):
 garbage-first heap   total 108544K, used 89047K [0x0000000748c00000, 0x0000000800000000)
  region size 2048K, 25 young (51200K), 2 survivors (4096K)
 Metaspace       used 49868K, committed 50624K, reserved 1114112K
  class space    used 7016K, committed 7360K, reserved 1048576K
}
Event: 17.577 GC heap after
{Heap after GC invocations=12 (full 0):
 garbage-first heap   total 108544K, used 43251K [0x0000000748c00000, 0x0000000800000000)
  region size 2048K, 4 young (8192K), 4 survivors (8192K)
 Metaspace       used 49868K, committed 50624K, reserved 1114112K
  class space    used 7016K, committed 7360K, reserved 1048576K
}
Event: 19.550 GC heap before
{Heap before GC invocations=12 (full 0):
 garbage-first heap   total 108544K, used 88307K [0x0000000748c00000, 0x0000000800000000)
  region size 2048K, 26 young (53248K), 4 survivors (8192K)
 Metaspace       used 59278K, committed 59968K, reserved 1114112K
  class space    used 8453K, committed 8768K, reserved 1048576K
}
Event: 19.557 GC heap after
{Heap after GC invocations=13 (full 0):
 garbage-first heap   total 108544K, used 45310K [0x0000000748c00000, 0x0000000800000000)
  region size 2048K, 3 young (6144K), 3 survivors (6144K)
 Metaspace       used 59278K, committed 59968K, reserved 1114112K
  class space    used 8453K, committed 8768K, reserved 1048576K
}
Event: 19.864 GC heap before
{Heap before GC invocations=13 (full 0):
 garbage-first heap   total 108544K, used 49406K [0x0000000748c00000, 0x0000000800000000)
  region size 2048K, 6 young (12288K), 3 survivors (6144K)
 Metaspace       used 60677K, committed 61376K, reserved 1114112K
  class space    used 8664K, committed 8960K, reserved 1048576K
}
Event: 19.870 GC heap after
{Heap after GC invocations=14 (full 0):
 garbage-first heap   total 108544K, used 45674K [0x0000000748c00000, 0x0000000800000000)
  region size 2048K, 2 young (4096K), 2 survivors (4096K)
 Metaspace       used 60677K, committed 61376K, reserved 1114112K
  class space    used 8664K, committed 8960K, reserved 1048576K
}

