# JRE version: Java(TM) SE Runtime Environment (21.0.7+8) (build 21.0.7+8-LTS-245)
# Java VM: Java HotSpot(TM) 64-Bit Server VM (21.0.7+8-LTS-245, mixed mode, sharing, tiered, compressed oops, compressed class ptrs, g1 gc, windows-amd64)
GC Precious Log:
 CardTable entry size: 512
 Card Set container configuration: InlinePtr #cards 4 size 8 Array Of Cards #cards 16 size 48 Howl #buckets 8 coarsen threshold 3686 Howl Bitmap #cards 512 size 80 coarsen threshold 460 Card regions per heap region 1 cards per card region 4096
 CPUs: 8 total, 8 available
 Memory: 11723M
 Large Page Support: Disabled
 NUMA Support: Disabled
 Compressed Oops: Enabled (Zero based)
 Heap Region Size: 2M
 Heap Min Capacity: 8M
 Heap Initial Capacity: 184M
 Heap Max Capacity: 2932M
 Pre-touch: Disabled
 Parallel Workers: 8
 Concurrent Workers: 2
 Concurrent Refinement Workers: 8
 Periodic GC: Disabled
Heap:
 garbage-first heap   total 110592K, used 32269K [0x0000000748c00000, 0x0000000800000000)
  region size 2048K, 8 young (16384K), 5 survivors (10240K)
 Metaspace       used 26223K, committed 26624K, reserved 1114112K
  class space    used 2913K, committed 3136K, reserved 1048576K
GC Heap History (10 events):
Event: 6.051 GC heap before
{Heap before GC invocations=0 (full 0):
 garbage-first heap   total 188416K, used 22528K [0x0000000748c00000, 0x0000000800000000)
  region size 2048K, 11 young (22528K), 0 survivors (0K)
 Metaspace       used 5607K, committed 5824K, reserved 1114112K
  class space    used 645K, committed 768K, reserved 1048576K
}
Event: 6.204 GC heap after
{Heap after GC invocations=1 (full 0):
 garbage-first heap   total 188416K, used 3584K [0x0000000748c00000, 0x0000000800000000)
  region size 2048K, 2 young (4096K), 2 survivors (4096K)
 Metaspace       used 5607K, committed 5824K, reserved 1114112K
  class space    used 645K, committed 768K, reserved 1048576K
}
Event: 8.535 GC heap before
{Heap before GC invocations=1 (full 0):
 garbage-first heap   total 188416K, used 36352K [0x0000000748c00000, 0x0000000800000000)
  region size 2048K, 18 young (36864K), 2 survivors (4096K)
 Metaspace       used 9770K, committed 10048K, reserved 1114112K
  class space    used 1143K, committed 1280K, reserved 1048576K
}
Event: 8.544 GC heap after
{Heap after GC invocations=2 (full 0):
 garbage-first heap   total 188416K, used 5521K [0x0000000748c00000, 0x0000000800000000)
  region size 2048K, 1 young (2048K), 1 survivors (2048K)
 Metaspace       used 9770K, committed 10048K, reserved 1114112K
  class space    used 1143K, committed 1280K, reserved 1048576K
}
Event: 17.781 GC heap before
{Heap before GC invocations=2 (full 0):
 garbage-first heap   total 188416K, used 116113K [0x0000000748c00000, 0x0000000800000000)
  region size 2048K, 55 young (112640K), 1 survivors (2048K)
 Metaspace       used 16497K, committed 16768K, reserved 1114112K
  class space    used 1848K, committed 1984K, reserved 1048576K
}
Event: 17.806 GC heap after
{Heap after GC invocations=3 (full 0):
 garbage-first heap   total 188416K, used 16254K [0x0000000748c00000, 0x0000000800000000)
  region size 2048K, 7 young (14336K), 7 survivors (14336K)
 Metaspace       used 16497K, committed 16768K, reserved 1114112K
  class space    used 1848K, committed 1984K, reserved 1048576K
}
Event: 22.178 GC heap before
{Heap before GC invocations=3 (full 0):
 garbage-first heap   total 188416K, used 155518K [0x0000000748c00000, 0x0000000800000000)
  region size 2048K, 55 young (112640K), 7 survivors (14336K)
 Metaspace       used 20711K, committed 20992K, reserved 1114112K
  class space    used 2298K, committed 2432K, reserved 1048576K
}
Event: 22.202 GC heap after
{Heap after GC invocations=4 (full 0):
 garbage-first heap   total 188416K, used 28415K [0x0000000748c00000, 0x0000000800000000)
  region size 2048K, 3 young (6144K), 3 survivors (6144K)
 Metaspace       used 20711K, committed 20992K, reserved 1114112K
  class space    used 2298K, committed 2432K, reserved 1048576K
}
Event: 22.454 GC heap before
{Heap before GC invocations=4 (full 0):
 garbage-first heap   total 188416K, used 32511K [0x0000000748c00000, 0x0000000800000000)
  region size 2048K, 6 young (12288K), 3 survivors (6144K)
 Metaspace       used 21211K, committed 21504K, reserved 1114112K
  class space    used 2364K, committed 2496K, reserved 1048576K
}
Event: 22.463 GC heap after
{Heap after GC invocations=5 (full 0):
 garbage-first heap   total 188416K, used 28173K [0x0000000748c00000, 0x0000000800000000)
  region size 2048K, 5 young (10240K), 5 survivors (10240K)
 Metaspace       used 21211K, committed 21504K, reserved 1114112K
  class space    used 2364K, committed 2496K, reserved 1048576K
}

