# JRE version: Java(TM) SE Runtime Environment (21.0.7+8) (build 21.0.7+8-LTS-245)
# Java VM: Java HotSpot(TM) 64-Bit Server VM (21.0.7+8-LTS-245, mixed mode, emulated-client, sharing, tiered, compressed oops, compressed class ptrs, g1 gc, windows-amd64)
GC Precious Log:
 CardTable entry size: 512
 Card Set container configuration: InlinePtr #cards 4 size 8 Array Of Cards #cards 16 size 48 Howl #buckets 8 coarsen threshold 3686 Howl Bitmap #cards 512 size 80 coarsen threshold 460 Card regions per heap region 1 cards per card region 4096
 CPUs: 8 total, 8 available
 Memory: 11723M
 Large Page Support: Disabled
 NUMA Support: Disabled
 Compressed Oops: Enabled (Zero based)
 Heap Region Size: 2M
 Heap Min Capacity: 8M
 Heap Initial Capacity: 184M
 Heap Max Capacity: 2932M
 Pre-touch: Disabled
 Parallel Workers: 8
 Concurrent Workers: 2
 Concurrent Refinement Workers: 8
 Periodic GC: Disabled
Heap:
 garbage-first heap   total 90112K, used 49400K [0x0000000748c00000, 0x0000000800000000)
  region size 2048K, 5 young (10240K), 1 survivors (2048K)
 Metaspace       used 61315K, committed 62016K, reserved 1114112K
  class space    used 8829K, committed 9152K, reserved 1048576K
GC Heap History (20 events):
Event: 7.201 GC heap before
{Heap before GC invocations=5 (full 0):
 garbage-first heap   total 90112K, used 66119K [0x0000000748c00000, 0x0000000800000000)
  region size 2048K, 26 young (53248K), 4 survivors (8192K)
 Metaspace       used 23384K, committed 23808K, reserved 1114112K
  class space    used 3209K, committed 3392K, reserved 1048576K
}
Event: 7.211 GC heap after
{Heap after GC invocations=6 (full 0):
 garbage-first heap   total 90112K, used 24279K [0x0000000748c00000, 0x0000000800000000)
  region size 2048K, 4 young (8192K), 4 survivors (8192K)
 Metaspace       used 23384K, committed 23808K, reserved 1114112K
  class space    used 3209K, committed 3392K, reserved 1048576K
}
Event: 9.535 GC heap before
{Heap before GC invocations=6 (full 0):
 garbage-first heap   total 90112K, used 69335K [0x0000000748c00000, 0x0000000800000000)
  region size 2048K, 26 young (53248K), 4 survivors (8192K)
 Metaspace       used 28138K, committed 28672K, reserved 1114112K
  class space    used 3929K, committed 4160K, reserved 1048576K
}
Event: 9.549 GC heap after
{Heap after GC invocations=7 (full 0):
 garbage-first heap   total 90112K, used 25807K [0x0000000748c00000, 0x0000000800000000)
  region size 2048K, 4 young (8192K), 4 survivors (8192K)
 Metaspace       used 28138K, committed 28672K, reserved 1114112K
  class space    used 3929K, committed 4160K, reserved 1048576K
}
Event: 11.234 GC heap before
{Heap before GC invocations=7 (full 0):
 garbage-first heap   total 90112K, used 70863K [0x0000000748c00000, 0x0000000800000000)
  region size 2048K, 26 young (53248K), 4 survivors (8192K)
 Metaspace       used 33012K, committed 33536K, reserved 1114112K
  class space    used 4569K, committed 4800K, reserved 1048576K
}
Event: 11.244 GC heap after
{Heap after GC invocations=8 (full 0):
 garbage-first heap   total 90112K, used 28739K [0x0000000748c00000, 0x0000000800000000)
  region size 2048K, 3 young (6144K), 3 survivors (6144K)
 Metaspace       used 33012K, committed 33536K, reserved 1114112K
  class space    used 4569K, committed 4800K, reserved 1048576K
}
Event: 12.299 GC heap before
{Heap before GC invocations=8 (full 0):
 garbage-first heap   total 90112K, used 71747K [0x0000000748c00000, 0x0000000800000000)
  region size 2048K, 25 young (51200K), 3 survivors (6144K)
 Metaspace       used 35199K, committed 35776K, reserved 1114112K
  class space    used 4858K, committed 5120K, reserved 1048576K
}
Event: 12.312 GC heap after
{Heap after GC invocations=9 (full 0):
 garbage-first heap   total 90112K, used 37521K [0x0000000748c00000, 0x0000000800000000)
  region size 2048K, 4 young (8192K), 4 survivors (8192K)
 Metaspace       used 35199K, committed 35776K, reserved 1114112K
  class space    used 4858K, committed 5120K, reserved 1048576K
}
Event: 12.630 GC heap before
{Heap before GC invocations=9 (full 0):
 garbage-first heap   total 90112K, used 47761K [0x0000000748c00000, 0x0000000800000000)
  region size 2048K, 11 young (22528K), 4 survivors (8192K)
 Metaspace       used 35581K, committed 36096K, reserved 1114112K
  class space    used 4897K, committed 5120K, reserved 1048576K
}
Event: 12.637 GC heap after
{Heap after GC invocations=10 (full 0):
 garbage-first heap   total 90112K, used 37107K [0x0000000748c00000, 0x0000000800000000)
  region size 2048K, 1 young (2048K), 1 survivors (2048K)
 Metaspace       used 35581K, committed 36096K, reserved 1114112K
  class space    used 4897K, committed 5120K, reserved 1048576K
}
Event: 13.659 GC heap before
{Heap before GC invocations=11 (full 0):
 garbage-first heap   total 90112K, used 71923K [0x0000000748c00000, 0x0000000800000000)
  region size 2048K, 18 young (36864K), 1 survivors (2048K)
 Metaspace       used 36861K, committed 37440K, reserved 1114112K
  class space    used 5118K, committed 5376K, reserved 1048576K
}
Event: 13.667 GC heap after
{Heap after GC invocations=12 (full 0):
 garbage-first heap   total 90112K, used 38046K [0x0000000748c00000, 0x0000000800000000)
  region size 2048K, 2 young (4096K), 2 survivors (4096K)
 Metaspace       used 36861K, committed 37440K, reserved 1114112K
  class space    used 5118K, committed 5376K, reserved 1048576K
}
Event: 15.555 GC heap before
{Heap before GC invocations=12 (full 0):
 garbage-first heap   total 90112K, used 72862K [0x0000000748c00000, 0x0000000800000000)
  region size 2048K, 19 young (38912K), 2 survivors (4096K)
 Metaspace       used 41598K, committed 42240K, reserved 1114112K
  class space    used 5797K, committed 6080K, reserved 1048576K
}
Event: 15.561 GC heap after
{Heap after GC invocations=13 (full 0):
 garbage-first heap   total 90112K, used 39117K [0x0000000748c00000, 0x0000000800000000)
  region size 2048K, 3 young (6144K), 3 survivors (6144K)
 Metaspace       used 41598K, committed 42240K, reserved 1114112K
  class space    used 5797K, committed 6080K, reserved 1048576K
}
Event: 17.681 GC heap before
{Heap before GC invocations=13 (full 0):
 garbage-first heap   total 90112K, used 75981K [0x0000000748c00000, 0x0000000800000000)
  region size 2048K, 21 young (43008K), 3 survivors (6144K)
 Metaspace       used 50681K, committed 51328K, reserved 1114112K
  class space    used 7128K, committed 7424K, reserved 1048576K
}
Event: 17.689 GC heap after
{Heap after GC invocations=14 (full 0):
 garbage-first heap   total 90112K, used 41659K [0x0000000748c00000, 0x0000000800000000)
  region size 2048K, 3 young (6144K), 3 survivors (6144K)
 Metaspace       used 50681K, committed 51328K, reserved 1114112K
  class space    used 7128K, committed 7424K, reserved 1048576K
}
Event: 19.509 GC heap before
{Heap before GC invocations=14 (full 0):
 garbage-first heap   total 90112K, used 76475K [0x0000000748c00000, 0x0000000800000000)
  region size 2048K, 20 young (40960K), 3 survivors (6144K)
 Metaspace       used 58861K, committed 59584K, reserved 1114112K
  class space    used 8392K, committed 8704K, reserved 1048576K
}
Event: 19.516 GC heap after
{Heap after GC invocations=15 (full 0):
 garbage-first heap   total 90112K, used 42625K [0x0000000748c00000, 0x0000000800000000)
  region size 2048K, 2 young (4096K), 2 survivors (4096K)
 Metaspace       used 58861K, committed 59584K, reserved 1114112K
  class space    used 8392K, committed 8704K, reserved 1048576K
}
Event: 19.849 GC heap before
{Heap before GC invocations=15 (full 0):
 garbage-first heap   total 90112K, used 48769K [0x0000000748c00000, 0x0000000800000000)
  region size 2048K, 6 young (12288K), 2 survivors (4096K)
 Metaspace       used 59807K, committed 60480K, reserved 1114112K
  class space    used 8539K, committed 8832K, reserved 1048576K
}
Event: 19.855 GC heap after
{Heap after GC invocations=16 (full 0):
 garbage-first heap   total 90112K, used 43256K [0x0000000748c00000, 0x0000000800000000)
  region size 2048K, 1 young (2048K), 1 survivors (2048K)
 Metaspace       used 59807K, committed 60480K, reserved 1114112K
  class space    used 8539K, committed 8832K, reserved 1048576K
}

