# JRE version: Java(TM) SE Runtime Environment (21.0.7+8) (build 21.0.7+8-LTS-245)
# Java VM: Java HotSpot(TM) 64-Bit Server VM (21.0.7+8-LTS-245, mixed mode, emulated-client, sharing, tiered, compressed oops, compressed class ptrs, g1 gc, windows-amd64)
GC Precious Log:
 CardTable entry size: 512
 Card Set container configuration: InlinePtr #cards 4 size 8 Array Of Cards #cards 16 size 48 Howl #buckets 8 coarsen threshold 3686 Howl Bitmap #cards 512 size 80 coarsen threshold 460 Card regions per heap region 1 cards per card region 4096
 CPUs: 8 total, 8 available
 Memory: 11723M
 Large Page Support: Disabled
 NUMA Support: Disabled
 Compressed Oops: Enabled (Zero based)
 Heap Region Size: 2M
 Heap Min Capacity: 8M
 Heap Initial Capacity: 184M
 Heap Max Capacity: 2932M
 Pre-touch: Disabled
 Parallel Workers: 8
 Concurrent Workers: 2
 Concurrent Refinement Workers: 8
 Periodic GC: Disabled
Heap:
 garbage-first heap   total 90112K, used 61019K [0x0000000748c00000, 0x0000000800000000)
  region size 2048K, 15 young (30720K), 2 survivors (4096K)
 Metaspace       used 40953K, committed 41536K, reserved 1114112K
  class space    used 5719K, committed 5952K, reserved 1048576K
GC Heap History (20 events):
Event: 1.511 GC heap before
{Heap before GC invocations=0 (full 0):
 garbage-first heap   total 188416K, used 20480K [0x0000000748c00000, 0x0000000800000000)
  region size 2048K, 11 young (22528K), 0 survivors (0K)
 Metaspace       used 2036K, committed 2304K, reserved 1114112K
  class space    used 252K, committed 384K, reserved 1048576K
}
Event: 1.582 GC heap after
{Heap after GC invocations=1 (full 0):
 garbage-first heap   total 188416K, used 10240K [0x0000000748c00000, 0x0000000800000000)
  region size 2048K, 2 young (4096K), 2 survivors (4096K)
 Metaspace       used 2036K, committed 2304K, reserved 1114112K
  class space    used 252K, committed 384K, reserved 1048576K
}
Event: 2.189 GC heap before
{Heap before GC invocations=1 (full 0):
 garbage-first heap   total 188416K, used 26624K [0x0000000748c00000, 0x0000000800000000)
  region size 2048K, 11 young (22528K), 2 survivors (4096K)
 Metaspace       used 5080K, committed 5248K, reserved 1114112K
  class space    used 618K, committed 704K, reserved 1048576K
}
Event: 2.194 GC heap after
{Heap after GC invocations=2 (full 0):
 garbage-first heap   total 188416K, used 14127K [0x0000000748c00000, 0x0000000800000000)
  region size 2048K, 2 young (4096K), 2 survivors (4096K)
 Metaspace       used 5080K, committed 5248K, reserved 1114112K
  class space    used 618K, committed 704K, reserved 1048576K
}
Event: 3.969 GC heap before
{Heap before GC invocations=2 (full 0):
 garbage-first heap   total 188416K, used 46895K [0x0000000748c00000, 0x0000000800000000)
  region size 2048K, 19 young (38912K), 2 survivors (4096K)
 Metaspace       used 10311K, committed 10688K, reserved 1114112K
  class space    used 1462K, committed 1664K, reserved 1048576K
}
Event: 3.982 GC heap after
{Heap after GC invocations=3 (full 0):
 garbage-first heap   total 188416K, used 16935K [0x0000000748c00000, 0x0000000800000000)
  region size 2048K, 2 young (4096K), 2 survivors (4096K)
 Metaspace       used 10311K, committed 10688K, reserved 1114112K
  class space    used 1462K, committed 1664K, reserved 1048576K
}
Event: 5.354 GC heap before
{Heap before GC invocations=3 (full 0):
 garbage-first heap   total 188416K, used 70183K [0x0000000748c00000, 0x0000000800000000)
  region size 2048K, 30 young (61440K), 2 survivors (4096K)
 Metaspace       used 21109K, committed 21504K, reserved 1114112K
  class space    used 2858K, committed 3072K, reserved 1048576K
}
Event: 5.361 GC heap after
{Heap after GC invocations=4 (full 0):
 garbage-first heap   total 188416K, used 20614K [0x0000000748c00000, 0x0000000800000000)
  region size 2048K, 4 young (8192K), 4 survivors (8192K)
 Metaspace       used 21109K, committed 21504K, reserved 1114112K
  class space    used 2858K, committed 3072K, reserved 1048576K
}
Event: 9.262 GC heap before
{Heap before GC invocations=5 (full 0):
 garbage-first heap   total 90112K, used 65670K [0x0000000748c00000, 0x0000000800000000)
  region size 2048K, 26 young (53248K), 4 survivors (8192K)
 Metaspace       used 24227K, committed 24640K, reserved 1114112K
  class space    used 3316K, committed 3520K, reserved 1048576K
}
Event: 9.273 GC heap after
{Heap after GC invocations=6 (full 0):
 garbage-first heap   total 90112K, used 24017K [0x0000000748c00000, 0x0000000800000000)
  region size 2048K, 4 young (8192K), 4 survivors (8192K)
 Metaspace       used 24227K, committed 24640K, reserved 1114112K
  class space    used 3316K, committed 3520K, reserved 1048576K
}
Event: 16.103 GC heap before
{Heap before GC invocations=6 (full 0):
 garbage-first heap   total 90112K, used 67025K [0x0000000748c00000, 0x0000000800000000)
  region size 2048K, 25 young (51200K), 4 survivors (8192K)
 Metaspace       used 28279K, committed 28800K, reserved 1114112K
  class space    used 3940K, committed 4160K, reserved 1048576K
}
Event: 16.114 GC heap after
{Heap after GC invocations=7 (full 0):
 garbage-first heap   total 90112K, used 27100K [0x0000000748c00000, 0x0000000800000000)
  region size 2048K, 4 young (8192K), 4 survivors (8192K)
 Metaspace       used 28279K, committed 28800K, reserved 1114112K
  class space    used 3940K, committed 4160K, reserved 1048576K
}
Event: 22.893 GC heap before
{Heap before GC invocations=7 (full 0):
 garbage-first heap   total 90112K, used 72156K [0x0000000748c00000, 0x0000000800000000)
  region size 2048K, 26 young (53248K), 4 survivors (8192K)
 Metaspace       used 33034K, committed 33536K, reserved 1114112K
  class space    used 4570K, committed 4800K, reserved 1048576K
}
Event: 22.901 GC heap after
{Heap after GC invocations=8 (full 0):
 garbage-first heap   total 90112K, used 29425K [0x0000000748c00000, 0x0000000800000000)
  region size 2048K, 3 young (6144K), 3 survivors (6144K)
 Metaspace       used 33034K, committed 33536K, reserved 1114112K
  class space    used 4570K, committed 4800K, reserved 1048576K
}
Event: 26.619 GC heap before
{Heap before GC invocations=8 (full 0):
 garbage-first heap   total 90112K, used 72433K [0x0000000748c00000, 0x0000000800000000)
  region size 2048K, 25 young (51200K), 3 survivors (6144K)
 Metaspace       used 35175K, committed 35776K, reserved 1114112K
  class space    used 4852K, committed 5120K, reserved 1048576K
}
Event: 26.632 GC heap after
{Heap after GC invocations=9 (full 0):
 garbage-first heap   total 90112K, used 34676K [0x0000000748c00000, 0x0000000800000000)
  region size 2048K, 4 young (8192K), 4 survivors (8192K)
 Metaspace       used 35175K, committed 35776K, reserved 1114112K
  class space    used 4852K, committed 5120K, reserved 1048576K
}
Event: 27.672 GC heap before
{Heap before GC invocations=9 (full 0):
 garbage-first heap   total 90112K, used 40820K [0x0000000748c00000, 0x0000000800000000)
  region size 2048K, 9 young (18432K), 4 survivors (8192K)
 Metaspace       used 35656K, committed 36160K, reserved 1114112K
  class space    used 4901K, committed 5120K, reserved 1048576K
}
Event: 27.680 GC heap after
{Heap after GC invocations=10 (full 0):
 garbage-first heap   total 90112K, used 35650K [0x0000000748c00000, 0x0000000800000000)
  region size 2048K, 1 young (2048K), 1 survivors (2048K)
 Metaspace       used 35656K, committed 36160K, reserved 1114112K
  class space    used 4901K, committed 5120K, reserved 1048576K
}
Event: 30.247 GC heap before
{Heap before GC invocations=11 (full 0):
 garbage-first heap   total 90112K, used 76610K [0x0000000748c00000, 0x0000000800000000)
  region size 2048K, 21 young (43008K), 1 survivors (2048K)
 Metaspace       used 37079K, committed 37632K, reserved 1114112K
  class space    used 5147K, committed 5376K, reserved 1048576K
}
Event: 30.252 GC heap after
{Heap after GC invocations=12 (full 0):
 garbage-first heap   total 90112K, used 36443K [0x0000000748c00000, 0x0000000800000000)
  region size 2048K, 2 young (4096K), 2 survivors (4096K)
 Metaspace       used 37079K, committed 37632K, reserved 1114112K
  class space    used 5147K, committed 5376K, reserved 1048576K
}

