# JRE version: Java(TM) SE Runtime Environment (21.0.7+8) (build 21.0.7+8-LTS-245)
# Java VM: Java HotSpot(TM) 64-Bit Server VM (21.0.7+8-LTS-245, mixed mode, sharing, tiered, compressed oops, compressed class ptrs, g1 gc, windows-amd64)
GC Precious Log:
 CardTable entry size: 512
 Card Set container configuration: InlinePtr #cards 4 size 8 Array Of Cards #cards 16 size 48 Howl #buckets 8 coarsen threshold 3686 Howl Bitmap #cards 512 size 80 coarsen threshold 460 Card regions per heap region 1 cards per card region 4096
 CPUs: 8 total, 8 available
 Memory: 11723M
 Large Page Support: Disabled
 NUMA Support: Disabled
 Compressed Oops: Enabled (Zero based)
 Heap Region Size: 2M
 Heap Min Capacity: 8M
 Heap Initial Capacity: 184M
 Heap Max Capacity: 2932M
 Pre-touch: Disabled
 Parallel Workers: 8
 Concurrent Workers: 2
 Concurrent Refinement Workers: 8
 Periodic GC: Disabled
Heap:
 garbage-first heap   total 110592K, used 79304K [0x0000000748c00000, 0x0000000800000000)
  region size 2048K, 31 young (63488K), 5 survivors (10240K)
 Metaspace       used 26954K, committed 27264K, reserved 1114112K
  class space    used 3011K, committed 3200K, reserved 1048576K
GC Heap History (10 events):
Event: 5.810 GC heap before
{Heap before GC invocations=0 (full 0):
 garbage-first heap   total 188416K, used 20480K [0x0000000748c00000, 0x0000000800000000)
  region size 2048K, 11 young (22528K), 0 survivors (0K)
 Metaspace       used 5599K, committed 5760K, reserved 1114112K
  class space    used 646K, committed 768K, reserved 1048576K
}
Event: 6.258 GC heap after
{Heap after GC invocations=1 (full 0):
 garbage-first heap   total 188416K, used 3840K [0x0000000748c00000, 0x0000000800000000)
  region size 2048K, 2 young (4096K), 2 survivors (4096K)
 Metaspace       used 5599K, committed 5760K, reserved 1114112K
  class space    used 646K, committed 768K, reserved 1048576K
}
Event: 12.868 GC heap before
{Heap before GC invocations=1 (full 0):
 garbage-first heap   total 188416K, used 36608K [0x0000000748c00000, 0x0000000800000000)
  region size 2048K, 18 young (36864K), 2 survivors (4096K)
 Metaspace       used 9788K, committed 9984K, reserved 1114112K
  class space    used 1146K, committed 1216K, reserved 1048576K
}
Event: 12.879 GC heap after
{Heap after GC invocations=2 (full 0):
 garbage-first heap   total 188416K, used 5396K [0x0000000748c00000, 0x0000000800000000)
  region size 2048K, 1 young (2048K), 1 survivors (2048K)
 Metaspace       used 9788K, committed 9984K, reserved 1114112K
  class space    used 1146K, committed 1216K, reserved 1048576K
}
Event: 31.613 GC heap before
{Heap before GC invocations=2 (full 0):
 garbage-first heap   total 188416K, used 115988K [0x0000000748c00000, 0x0000000800000000)
  region size 2048K, 55 young (112640K), 1 survivors (2048K)
 Metaspace       used 16466K, committed 16768K, reserved 1114112K
  class space    used 1852K, committed 1984K, reserved 1048576K
}
Event: 31.635 GC heap after
{Heap after GC invocations=3 (full 0):
 garbage-first heap   total 188416K, used 15849K [0x0000000748c00000, 0x0000000800000000)
  region size 2048K, 6 young (12288K), 6 survivors (12288K)
 Metaspace       used 16466K, committed 16768K, reserved 1114112K
  class space    used 1852K, committed 1984K, reserved 1048576K
}
Event: 50.240 GC heap before
{Heap before GC invocations=3 (full 0):
 garbage-first heap   total 188416K, used 155113K [0x0000000748c00000, 0x0000000800000000)
  region size 2048K, 55 young (112640K), 6 survivors (12288K)
 Metaspace       used 20682K, committed 20992K, reserved 1114112K
  class space    used 2302K, committed 2432K, reserved 1048576K
}
Event: 50.271 GC heap after
{Heap after GC invocations=4 (full 0):
 garbage-first heap   total 188416K, used 30864K [0x0000000748c00000, 0x0000000800000000)
  region size 2048K, 4 young (8192K), 4 survivors (8192K)
 Metaspace       used 20682K, committed 20992K, reserved 1114112K
  class space    used 2302K, committed 2432K, reserved 1048576K
}
Event: 50.786 GC heap before
{Heap before GC invocations=4 (full 0):
 garbage-first heap   total 188416K, used 32912K [0x0000000748c00000, 0x0000000800000000)
  region size 2048K, 6 young (12288K), 4 survivors (8192K)
 Metaspace       used 21251K, committed 21504K, reserved 1114112K
  class space    used 2380K, committed 2496K, reserved 1048576K
}
Event: 50.797 GC heap after
{Heap after GC invocations=5 (full 0):
 garbage-first heap   total 188416K, used 28104K [0x0000000748c00000, 0x0000000800000000)
  region size 2048K, 5 young (10240K), 5 survivors (10240K)
 Metaspace       used 21251K, committed 21504K, reserved 1114112K
  class space    used 2380K, committed 2496K, reserved 1048576K
}

