# JRE version: Java(TM) SE Runtime Environment (21.0.7+8) (build 21.0.7+8-LTS-245)
# Java VM: Java HotSpot(TM) 64-Bit Server VM (21.0.7+8-LTS-245, mixed mode, sharing, tiered, compressed oops, compressed class ptrs, g1 gc, windows-amd64)
GC Precious Log:
 CardTable entry size: 512
 Card Set container configuration: InlinePtr #cards 4 size 8 Array Of Cards #cards 16 size 48 Howl #buckets 8 coarsen threshold 3686 Howl Bitmap #cards 512 size 80 coarsen threshold 460 Card regions per heap region 1 cards per card region 4096
 CPUs: 8 total, 8 available
 Memory: 11723M
 Large Page Support: Disabled
 NUMA Support: Disabled
 Compressed Oops: Enabled (Zero based)
 Heap Region Size: 2M
 Heap Min Capacity: 8M
 Heap Initial Capacity: 184M
 Heap Max Capacity: 2932M
 Pre-touch: Disabled
 Parallel Workers: 8
 Concurrent Workers: 2
 Concurrent Refinement Workers: 8
 Periodic GC: Disabled
Heap:
 garbage-first heap   total 131072K, used 79014K [0x0000000748c00000, 0x0000000800000000)
  region size 2048K, 12 young (24576K), 3 survivors (6144K)
 Metaspace       used 30884K, committed 31360K, reserved 1114112K
  class space    used 3375K, committed 3584K, reserved 1048576K
GC Heap History (16 events):
Event: 4.147 GC heap before
{Heap before GC invocations=0 (full 0):
 garbage-first heap   total 188416K, used 22528K [0x0000000748c00000, 0x0000000800000000)
  region size 2048K, 11 young (22528K), 0 survivors (0K)
 Metaspace       used 5620K, committed 5824K, reserved 1114112K
  class space    used 645K, committed 768K, reserved 1048576K
}
Event: 4.295 GC heap after
{Heap after GC invocations=1 (full 0):
 garbage-first heap   total 188416K, used 3776K [0x0000000748c00000, 0x0000000800000000)
  region size 2048K, 2 young (4096K), 2 survivors (4096K)
 Metaspace       used 5620K, committed 5824K, reserved 1114112K
  class space    used 645K, committed 768K, reserved 1048576K
}
Event: 7.075 GC heap before
{Heap before GC invocations=1 (full 0):
 garbage-first heap   total 188416K, used 34496K [0x0000000748c00000, 0x0000000800000000)
  region size 2048K, 17 young (34816K), 2 survivors (4096K)
 Metaspace       used 9509K, committed 9728K, reserved 1114112K
  class space    used 1108K, committed 1216K, reserved 1048576K
}
Event: 7.082 GC heap after
{Heap after GC invocations=2 (full 0):
 garbage-first heap   total 188416K, used 5244K [0x0000000748c00000, 0x0000000800000000)
  region size 2048K, 1 young (2048K), 1 survivors (2048K)
 Metaspace       used 9509K, committed 9728K, reserved 1114112K
  class space    used 1108K, committed 1216K, reserved 1048576K
}
Event: 14.202 GC heap before
{Heap before GC invocations=2 (full 0):
 garbage-first heap   total 188416K, used 115836K [0x0000000748c00000, 0x0000000800000000)
  region size 2048K, 55 young (112640K), 1 survivors (2048K)
 Metaspace       used 16540K, committed 16832K, reserved 1114112K
  class space    used 1850K, committed 1984K, reserved 1048576K
}
Event: 14.227 GC heap after
{Heap after GC invocations=3 (full 0):
 garbage-first heap   total 188416K, used 15864K [0x0000000748c00000, 0x0000000800000000)
  region size 2048K, 6 young (12288K), 6 survivors (12288K)
 Metaspace       used 16540K, committed 16832K, reserved 1114112K
  class space    used 1850K, committed 1984K, reserved 1048576K
}
Event: 21.722 GC heap before
{Heap before GC invocations=3 (full 0):
 garbage-first heap   total 188416K, used 155128K [0x0000000748c00000, 0x0000000800000000)
  region size 2048K, 55 young (112640K), 6 survivors (12288K)
 Metaspace       used 20731K, committed 21056K, reserved 1114112K
  class space    used 2298K, committed 2432K, reserved 1048576K
}
Event: 21.750 GC heap after
{Heap after GC invocations=4 (full 0):
 garbage-first heap   total 188416K, used 28883K [0x0000000748c00000, 0x0000000800000000)
  region size 2048K, 3 young (6144K), 3 survivors (6144K)
 Metaspace       used 20731K, committed 21056K, reserved 1114112K
  class space    used 2298K, committed 2432K, reserved 1048576K
}
Event: 21.888 GC heap before
{Heap before GC invocations=4 (full 0):
 garbage-first heap   total 188416K, used 32979K [0x0000000748c00000, 0x0000000800000000)
  region size 2048K, 6 young (12288K), 3 survivors (6144K)
 Metaspace       used 21187K, committed 21504K, reserved 1114112K
  class space    used 2351K, committed 2496K, reserved 1048576K
}
Event: 21.899 GC heap after
{Heap after GC invocations=5 (full 0):
 garbage-first heap   total 188416K, used 27963K [0x0000000748c00000, 0x0000000800000000)
  region size 2048K, 5 young (10240K), 5 survivors (10240K)
 Metaspace       used 21187K, committed 21504K, reserved 1114112K
  class space    used 2351K, committed 2496K, reserved 1048576K
}
Event: 35.143 GC heap before
{Heap before GC invocations=6 (full 0):
 garbage-first heap   total 110592K, used 99643K [0x0000000748c00000, 0x0000000800000000)
  region size 2048K, 40 young (81920K), 5 survivors (10240K)
 Metaspace       used 28409K, committed 28800K, reserved 1114112K
  class space    used 3114K, committed 3328K, reserved 1048576K
}
Event: 35.187 GC heap after
{Heap after GC invocations=7 (full 0):
 garbage-first heap   total 131072K, used 46004K [0x0000000748c00000, 0x0000000800000000)
  region size 2048K, 5 young (10240K), 5 survivors (10240K)
 Metaspace       used 28409K, committed 28800K, reserved 1114112K
  class space    used 3114K, committed 3328K, reserved 1048576K
}
Event: 50.571 GC heap before
{Heap before GC invocations=7 (full 0):
 garbage-first heap   total 131072K, used 84916K [0x0000000748c00000, 0x0000000800000000)
  region size 2048K, 25 young (51200K), 5 survivors (10240K)
 Metaspace       used 30800K, committed 31296K, reserved 1114112K
  class space    used 3373K, committed 3584K, reserved 1048576K
}
Event: 50.592 GC heap after
{Heap after GC invocations=8 (full 0):
 garbage-first heap   total 131072K, used 48325K [0x0000000748c00000, 0x0000000800000000)
  region size 2048K, 2 young (4096K), 2 survivors (4096K)
 Metaspace       used 30800K, committed 31296K, reserved 1114112K
  class space    used 3373K, committed 3584K, reserved 1048576K
}
Event: 55.772 GC heap before
{Heap before GC invocations=8 (full 0):
 garbage-first heap   total 131072K, used 95429K [0x0000000748c00000, 0x0000000800000000)
  region size 2048K, 23 young (47104K), 2 survivors (4096K)
 Metaspace       used 30880K, committed 31360K, reserved 1114112K
  class space    used 3375K, committed 3584K, reserved 1048576K
}
Event: 55.793 GC heap after
{Heap after GC invocations=9 (full 0):
 garbage-first heap   total 131072K, used 64678K [0x0000000748c00000, 0x0000000800000000)
  region size 2048K, 3 young (6144K), 3 survivors (6144K)
 Metaspace       used 30880K, committed 31360K, reserved 1114112K
  class space    used 3375K, committed 3584K, reserved 1048576K
}

