# JRE version: Java(TM) SE Runtime Environment (21.0.7+8) (build 21.0.7+8-LTS-245)
# Java VM: Java HotSpot(TM) 64-Bit Server VM (21.0.7+8-LTS-245, mixed mode, sharing, tiered, compressed oops, compressed class ptrs, g1 gc, windows-amd64)
GC Precious Log:
 CardTable entry size: 512
 Card Set container configuration: InlinePtr #cards 4 size 8 Array Of Cards #cards 16 size 48 Howl #buckets 8 coarsen threshold 3686 Howl Bitmap #cards 512 size 80 coarsen threshold 460 Card regions per heap region 1 cards per card region 4096
 CPUs: 8 total, 8 available
 Memory: 11723M
 Large Page Support: Disabled
 NUMA Support: Disabled
 Compressed Oops: Enabled (Zero based)
 Heap Region Size: 2M
 Heap Min Capacity: 8M
 Heap Initial Capacity: 184M
 Heap Max Capacity: 2932M
 Pre-touch: Disabled
 Parallel Workers: 8
 Concurrent Workers: 2
 Concurrent Refinement Workers: 8
 Periodic GC: Disabled
Heap:
 garbage-first heap   total 102400K, used 29347K [0x0000000748c00000, 0x0000000800000000)
  region size 2048K, 7 young (14336K), 5 survivors (10240K)
 Metaspace       used 24832K, committed 25152K, reserved 1114112K
  class space    used 2789K, committed 2944K, reserved 1048576K
GC Heap History (10 events):
Event: 7.831 GC heap before
{Heap before GC invocations=0 (full 0):
 garbage-first heap   total 188416K, used 22528K [0x0000000748c00000, 0x0000000800000000)
  region size 2048K, 11 young (22528K), 0 survivors (0K)
 Metaspace       used 5611K, committed 5824K, reserved 1114112K
  class space    used 645K, committed 768K, reserved 1048576K
}
Event: 8.059 GC heap after
{Heap after GC invocations=1 (full 0):
 garbage-first heap   total 188416K, used 3840K [0x0000000748c00000, 0x0000000800000000)
  region size 2048K, 2 young (4096K), 2 survivors (4096K)
 Metaspace       used 5611K, committed 5824K, reserved 1114112K
  class space    used 645K, committed 768K, reserved 1048576K
}
Event: 12.552 GC heap before
{Heap before GC invocations=1 (full 0):
 garbage-first heap   total 188416K, used 34560K [0x0000000748c00000, 0x0000000800000000)
  region size 2048K, 17 young (34816K), 2 survivors (4096K)
 Metaspace       used 9533K, committed 9664K, reserved 1114112K
  class space    used 1119K, committed 1216K, reserved 1048576K
}
Event: 12.560 GC heap after
{Heap after GC invocations=2 (full 0):
 garbage-first heap   total 188416K, used 5330K [0x0000000748c00000, 0x0000000800000000)
  region size 2048K, 1 young (2048K), 1 survivors (2048K)
 Metaspace       used 9533K, committed 9664K, reserved 1114112K
  class space    used 1119K, committed 1216K, reserved 1048576K
}
Event: 32.788 GC heap before
{Heap before GC invocations=2 (full 0):
 garbage-first heap   total 188416K, used 115922K [0x0000000748c00000, 0x0000000800000000)
  region size 2048K, 55 young (112640K), 1 survivors (2048K)
 Metaspace       used 16490K, committed 16768K, reserved 1114112K
  class space    used 1848K, committed 1984K, reserved 1048576K
}
Event: 32.810 GC heap after
{Heap after GC invocations=3 (full 0):
 garbage-first heap   total 188416K, used 15804K [0x0000000748c00000, 0x0000000800000000)
  region size 2048K, 6 young (12288K), 6 survivors (12288K)
 Metaspace       used 16490K, committed 16768K, reserved 1114112K
  class space    used 1848K, committed 1984K, reserved 1048576K
}
Event: 50.646 GC heap before
{Heap before GC invocations=3 (full 0):
 garbage-first heap   total 188416K, used 155068K [0x0000000748c00000, 0x0000000800000000)
  region size 2048K, 55 young (112640K), 6 survivors (12288K)
 Metaspace       used 20712K, committed 20992K, reserved 1114112K
  class space    used 2296K, committed 2432K, reserved 1048576K
}
Event: 50.668 GC heap after
{Heap after GC invocations=4 (full 0):
 garbage-first heap   total 188416K, used 29600K [0x0000000748c00000, 0x0000000800000000)
  region size 2048K, 4 young (8192K), 4 survivors (8192K)
 Metaspace       used 20712K, committed 20992K, reserved 1114112K
  class space    used 2296K, committed 2432K, reserved 1048576K
}
Event: 51.116 GC heap before
{Heap before GC invocations=4 (full 0):
 garbage-first heap   total 188416K, used 31648K [0x0000000748c00000, 0x0000000800000000)
  region size 2048K, 6 young (12288K), 4 survivors (8192K)
 Metaspace       used 21263K, committed 21504K, reserved 1114112K
  class space    used 2378K, committed 2496K, reserved 1048576K
}
Event: 51.125 GC heap after
{Heap after GC invocations=5 (full 0):
 garbage-first heap   total 188416K, used 27299K [0x0000000748c00000, 0x0000000800000000)
  region size 2048K, 5 young (10240K), 5 survivors (10240K)
 Metaspace       used 21263K, committed 21504K, reserved 1114112K
  class space    used 2378K, committed 2496K, reserved 1048576K
}

