# JRE version: Java(TM) SE Runtime Environment (21.0.7+8) (build 21.0.7+8-LTS-245)
# Java VM: Java HotSpot(TM) 64-Bit Server VM (21.0.7+8-LTS-245, mixed mode, sharing, tiered, compressed oops, compressed class ptrs, g1 gc, windows-amd64)
GC Precious Log:
 CardTable entry size: 512
 Card Set container configuration: InlinePtr #cards 4 size 8 Array Of Cards #cards 16 size 48 Howl #buckets 8 coarsen threshold 3686 Howl Bitmap #cards 512 size 80 coarsen threshold 460 Card regions per heap region 1 cards per card region 4096
 CPUs: 8 total, 8 available
 Memory: 11723M
 Large Page Support: Disabled
 NUMA Support: Disabled
 Compressed Oops: Enabled (Zero based)
 Heap Region Size: 2M
 Heap Min Capacity: 8M
 Heap Initial Capacity: 184M
 Heap Max Capacity: 2932M
 Pre-touch: Disabled
 Parallel Workers: 8
 Concurrent Workers: 2
 Concurrent Refinement Workers: 8
 Periodic GC: Disabled
Heap:
 garbage-first heap   total 110592K, used 34094K [0x0000000748c00000, 0x0000000800000000)
  region size 2048K, 9 young (18432K), 5 survivors (10240K)
 Metaspace       used 26169K, committed 26560K, reserved 1114112K
  class space    used 2911K, committed 3136K, reserved 1048576K
GC Heap History (10 events):
Event: 5.167 GC heap before
{Heap before GC invocations=0 (full 0):
 garbage-first heap   total 188416K, used 22528K [0x0000000748c00000, 0x0000000800000000)
  region size 2048K, 11 young (22528K), 0 survivors (0K)
 Metaspace       used 5621K, committed 5824K, reserved 1114112K
  class space    used 645K, committed 768K, reserved 1048576K
}
Event: 5.514 GC heap after
{Heap after GC invocations=1 (full 0):
 garbage-first heap   total 188416K, used 3840K [0x0000000748c00000, 0x0000000800000000)
  region size 2048K, 2 young (4096K), 2 survivors (4096K)
 Metaspace       used 5621K, committed 5824K, reserved 1114112K
  class space    used 645K, committed 768K, reserved 1048576K
}
Event: 8.551 GC heap before
{Heap before GC invocations=1 (full 0):
 garbage-first heap   total 188416K, used 36608K [0x0000000748c00000, 0x0000000800000000)
  region size 2048K, 18 young (36864K), 2 survivors (4096K)
 Metaspace       used 10055K, committed 10240K, reserved 1114112K
  class space    used 1183K, committed 1280K, reserved 1048576K
}
Event: 8.561 GC heap after
{Heap after GC invocations=2 (full 0):
 garbage-first heap   total 188416K, used 5579K [0x0000000748c00000, 0x0000000800000000)
  region size 2048K, 1 young (2048K), 1 survivors (2048K)
 Metaspace       used 10055K, committed 10240K, reserved 1114112K
  class space    used 1183K, committed 1280K, reserved 1048576K
}
Event: 18.264 GC heap before
{Heap before GC invocations=2 (full 0):
 garbage-first heap   total 188416K, used 114123K [0x0000000748c00000, 0x0000000800000000)
  region size 2048K, 55 young (112640K), 1 survivors (2048K)
 Metaspace       used 16440K, committed 16704K, reserved 1114112K
  class space    used 1848K, committed 1984K, reserved 1048576K
}
Event: 18.286 GC heap after
{Heap after GC invocations=3 (full 0):
 garbage-first heap   total 188416K, used 16225K [0x0000000748c00000, 0x0000000800000000)
  region size 2048K, 7 young (14336K), 7 survivors (14336K)
 Metaspace       used 16440K, committed 16704K, reserved 1114112K
  class space    used 1848K, committed 1984K, reserved 1048576K
}
Event: 22.922 GC heap before
{Heap before GC invocations=3 (full 0):
 garbage-first heap   total 188416K, used 155489K [0x0000000748c00000, 0x0000000800000000)
  region size 2048K, 55 young (112640K), 7 survivors (14336K)
 Metaspace       used 20633K, committed 20928K, reserved 1114112K
  class space    used 2294K, committed 2432K, reserved 1048576K
}
Event: 22.948 GC heap after
{Heap after GC invocations=4 (full 0):
 garbage-first heap   total 188416K, used 30725K [0x0000000748c00000, 0x0000000800000000)
  region size 2048K, 4 young (8192K), 4 survivors (8192K)
 Metaspace       used 20633K, committed 20928K, reserved 1114112K
  class space    used 2294K, committed 2432K, reserved 1048576K
}
Event: 23.200 GC heap before
{Heap before GC invocations=4 (full 0):
 garbage-first heap   total 188416K, used 32773K [0x0000000748c00000, 0x0000000800000000)
  region size 2048K, 6 young (12288K), 4 survivors (8192K)
 Metaspace       used 21221K, committed 21504K, reserved 1114112K
  class space    used 2383K, committed 2560K, reserved 1048576K
}
Event: 23.209 GC heap after
{Heap after GC invocations=5 (full 0):
 garbage-first heap   total 188416K, used 27950K [0x0000000748c00000, 0x0000000800000000)
  region size 2048K, 5 young (10240K), 5 survivors (10240K)
 Metaspace       used 21221K, committed 21504K, reserved 1114112K
  class space    used 2383K, committed 2560K, reserved 1048576K
}

