# JRE version: Java(TM) SE Runtime Environment (21.0.7+8) (build 21.0.7+8-LTS-245)
# Java VM: Java HotSpot(TM) 64-Bit Server VM (21.0.7+8-LTS-245, mixed mode, sharing, tiered, compressed oops, compressed class ptrs, g1 gc, windows-amd64)
GC Precious Log:
 CardTable entry size: 512
 Card Set container configuration: InlinePtr #cards 4 size 8 Array Of Cards #cards 16 size 48 Howl #buckets 8 coarsen threshold 3686 Howl Bitmap #cards 512 size 80 coarsen threshold 460 Card regions per heap region 1 cards per card region 4096
 CPUs: 8 total, 8 available
 Memory: 11723M
 Large Page Support: Disabled
 NUMA Support: Disabled
 Compressed Oops: Enabled (Zero based)
 Heap Region Size: 2M
 Heap Min Capacity: 8M
 Heap Initial Capacity: 184M
 Heap Max Capacity: 2932M
 Pre-touch: Disabled
 Parallel Workers: 8
 Concurrent Workers: 2
 Concurrent Refinement Workers: 8
 Periodic GC: Disabled
Heap:
 garbage-first heap   total 110592K, used 99401K [0x0000000748c00000, 0x0000000800000000)
  region size 2048K, 37 young (75776K), 2 survivors (4096K)
 Metaspace       used 28242K, committed 28672K, reserved 1114112K
  class space    used 3112K, committed 3328K, reserved 1048576K
GC Heap History (11 events):
Event: 2.962 GC heap before
{Heap before GC invocations=0 (full 0):
 garbage-first heap   total 188416K, used 22528K [0x0000000748c00000, 0x0000000800000000)
  region size 2048K, 11 young (22528K), 0 survivors (0K)
 Metaspace       used 5604K, committed 5824K, reserved 1114112K
  class space    used 645K, committed 768K, reserved 1048576K
}
Event: 3.298 GC heap after
{Heap after GC invocations=1 (full 0):
 garbage-first heap   total 188416K, used 3840K [0x0000000748c00000, 0x0000000800000000)
  region size 2048K, 2 young (4096K), 2 survivors (4096K)
 Metaspace       used 5604K, committed 5824K, reserved 1114112K
  class space    used 645K, committed 768K, reserved 1048576K
}
Event: 5.060 GC heap before
{Heap before GC invocations=1 (full 0):
 garbage-first heap   total 188416K, used 34560K [0x0000000748c00000, 0x0000000800000000)
  region size 2048K, 17 young (34816K), 2 survivors (4096K)
 Metaspace       used 9469K, committed 9664K, reserved 1114112K
  class space    used 1108K, committed 1216K, reserved 1048576K
}
Event: 5.072 GC heap after
{Heap after GC invocations=2 (full 0):
 garbage-first heap   total 188416K, used 5238K [0x0000000748c00000, 0x0000000800000000)
  region size 2048K, 1 young (2048K), 1 survivors (2048K)
 Metaspace       used 9469K, committed 9664K, reserved 1114112K
  class space    used 1108K, committed 1216K, reserved 1048576K
}
Event: 15.846 GC heap before
{Heap before GC invocations=2 (full 0):
 garbage-first heap   total 188416K, used 115830K [0x0000000748c00000, 0x0000000800000000)
  region size 2048K, 55 young (112640K), 1 survivors (2048K)
 Metaspace       used 16424K, committed 16704K, reserved 1114112K
  class space    used 1852K, committed 1984K, reserved 1048576K
}
Event: 15.867 GC heap after
{Heap after GC invocations=3 (full 0):
 garbage-first heap   total 188416K, used 15860K [0x0000000748c00000, 0x0000000800000000)
  region size 2048K, 6 young (12288K), 6 survivors (12288K)
 Metaspace       used 16424K, committed 16704K, reserved 1114112K
  class space    used 1852K, committed 1984K, reserved 1048576K
}
Event: 32.243 GC heap before
{Heap before GC invocations=3 (full 0):
 garbage-first heap   total 188416K, used 155124K [0x0000000748c00000, 0x0000000800000000)
  region size 2048K, 55 young (112640K), 6 survivors (12288K)
 Metaspace       used 20668K, committed 20992K, reserved 1114112K
  class space    used 2301K, committed 2432K, reserved 1048576K
}
Event: 32.283 GC heap after
{Heap after GC invocations=4 (full 0):
 garbage-first heap   total 188416K, used 29099K [0x0000000748c00000, 0x0000000800000000)
  region size 2048K, 3 young (6144K), 3 survivors (6144K)
 Metaspace       used 20668K, committed 20992K, reserved 1114112K
  class space    used 2301K, committed 2432K, reserved 1048576K
}
Event: 32.581 GC heap before
{Heap before GC invocations=4 (full 0):
 garbage-first heap   total 188416K, used 31147K [0x0000000748c00000, 0x0000000800000000)
  region size 2048K, 5 young (10240K), 3 survivors (6144K)
 Metaspace       used 21211K, committed 21504K, reserved 1114112K
  class space    used 2379K, committed 2496K, reserved 1048576K
}
Event: 32.594 GC heap after
{Heap after GC invocations=5 (full 0):
 garbage-first heap   total 188416K, used 27721K [0x0000000748c00000, 0x0000000800000000)
  region size 2048K, 5 young (10240K), 5 survivors (10240K)
 Metaspace       used 21211K, committed 21504K, reserved 1114112K
  class space    used 2379K, committed 2496K, reserved 1048576K
}
Event: 53.701 GC heap before
{Heap before GC invocations=6 (full 0):
 garbage-first heap   total 110592K, used 99401K [0x0000000748c00000, 0x0000000800000000)
  region size 2048K, 40 young (81920K), 5 survivors (10240K)
 Metaspace       used 28242K, committed 28672K, reserved 1114112K
  class space    used 3112K, committed 3328K, reserved 1048576K
}

