# JRE version: Java(TM) SE Runtime Environment (21.0.7+8) (build 21.0.7+8-LTS-245)
# Java VM: Java HotSpot(TM) 64-Bit Server VM (21.0.7+8-LTS-245, mixed mode, tiered, compressed oops, compressed class ptrs, g1 gc, windows-amd64)
GC Precious Log:
 CardTable entry size: 512
 Card Set container configuration: InlinePtr #cards 4 size 8 Array Of Cards #cards 16 size 48 Howl #buckets 8 coarsen threshold 3686 Howl Bitmap #cards 512 size 80 coarsen threshold 460 Card regions per heap region 1 cards per card region 4096
 CPUs: 8 total, 8 available
 Memory: 11723M
 Large Page Support: Disabled
 NUMA Support: Disabled
 Compressed Oops: Enabled (Zero based)
 Heap Region Size: 2M
 Heap Min Capacity: 8M
 Heap Initial Capacity: 184M
 Heap Max Capacity: 2932M
 Pre-touch: Disabled
 Parallel Workers: 8
 Concurrent Workers: 2
 Concurrent Refinement Workers: 8
 Periodic GC: Disabled
Heap:
 garbage-first heap   total 92160K, used 34017K [0x0000000748c00000, 0x0000000800000000)
  region size 2048K, 10 young (20480K), 1 survivors (2048K)
 Metaspace       used 30178K, committed 30464K, reserved 1114112K
  class space    used 3079K, committed 3200K, reserved 1048576K
GC Heap History (20 events):
Event: 26.981 GC heap before
{Heap before GC invocations=5 (full 0):
 garbage-first heap   total 40960K, used 28107K [0x0000000748c00000, 0x0000000800000000)
  region size 2048K, 12 young (24576K), 3 survivors (6144K)
 Metaspace       used 25054K, committed 25344K, reserved 1114112K
  class space    used 2620K, committed 2752K, reserved 1048576K
}
Event: 27.005 GC heap after
{Heap after GC invocations=6 (full 0):
 garbage-first heap   total 40960K, used 12350K [0x0000000748c00000, 0x0000000800000000)
  region size 2048K, 2 young (4096K), 2 survivors (4096K)
 Metaspace       used 25054K, committed 25344K, reserved 1114112K
  class space    used 2620K, committed 2752K, reserved 1048576K
}
Event: 29.464 GC heap before
{Heap before GC invocations=6 (full 0):
 garbage-first heap   total 40960K, used 30782K [0x0000000748c00000, 0x0000000800000000)
  region size 2048K, 11 young (22528K), 2 survivors (4096K)
 Metaspace       used 25288K, committed 25536K, reserved 1114112K
  class space    used 2633K, committed 2752K, reserved 1048576K
}
Event: 29.473 GC heap after
{Heap after GC invocations=7 (full 0):
 garbage-first heap   total 40960K, used 13607K [0x0000000748c00000, 0x0000000800000000)
  region size 2048K, 1 young (2048K), 1 survivors (2048K)
 Metaspace       used 25288K, committed 25536K, reserved 1114112K
  class space    used 2633K, committed 2752K, reserved 1048576K
}
Event: 31.708 GC heap before
{Heap before GC invocations=7 (full 0):
 garbage-first heap   total 40960K, used 32039K [0x0000000748c00000, 0x0000000800000000)
  region size 2048K, 10 young (20480K), 1 survivors (2048K)
 Metaspace       used 25502K, committed 25728K, reserved 1114112K
  class space    used 2635K, committed 2752K, reserved 1048576K
}
Event: 31.714 GC heap after
{Heap after GC invocations=8 (full 0):
 garbage-first heap   total 40960K, used 14336K [0x0000000748c00000, 0x0000000800000000)
  region size 2048K, 1 young (2048K), 1 survivors (2048K)
 Metaspace       used 25502K, committed 25728K, reserved 1114112K
  class space    used 2635K, committed 2752K, reserved 1048576K
}
Event: 33.818 GC heap before
{Heap before GC invocations=8 (full 0):
 garbage-first heap   total 40960K, used 32768K [0x0000000748c00000, 0x0000000800000000)
  region size 2048K, 10 young (20480K), 1 survivors (2048K)
 Metaspace       used 25690K, committed 25920K, reserved 1114112K
  class space    used 2639K, committed 2752K, reserved 1048576K
}
Event: 33.827 GC heap after
{Heap after GC invocations=9 (full 0):
 garbage-first heap   total 40960K, used 16044K [0x0000000748c00000, 0x0000000800000000)
  region size 2048K, 2 young (4096K), 2 survivors (4096K)
 Metaspace       used 25690K, committed 25920K, reserved 1114112K
  class space    used 2639K, committed 2752K, reserved 1048576K
}
Event: 36.071 GC heap before
{Heap before GC invocations=9 (full 0):
 garbage-first heap   total 40960K, used 34476K [0x0000000748c00000, 0x0000000800000000)
  region size 2048K, 11 young (22528K), 2 survivors (4096K)
 Metaspace       used 25797K, committed 26048K, reserved 1114112K
  class space    used 2641K, committed 2752K, reserved 1048576K
}
Event: 36.079 GC heap after
{Heap after GC invocations=10 (full 0):
 garbage-first heap   total 40960K, used 16647K [0x0000000748c00000, 0x0000000800000000)
  region size 2048K, 2 young (4096K), 2 survivors (4096K)
 Metaspace       used 25797K, committed 26048K, reserved 1114112K
  class space    used 2641K, committed 2752K, reserved 1048576K
}
Event: 36.998 GC heap before
{Heap before GC invocations=10 (full 0):
 garbage-first heap   total 40960K, used 33031K [0x0000000748c00000, 0x0000000800000000)
  region size 2048K, 10 young (20480K), 2 survivors (4096K)
 Metaspace       used 25862K, committed 26112K, reserved 1114112K
  class space    used 2641K, committed 2752K, reserved 1048576K
}
Event: 37.004 GC heap after
{Heap after GC invocations=11 (full 0):
 garbage-first heap   total 40960K, used 17674K [0x0000000748c00000, 0x0000000800000000)
  region size 2048K, 2 young (4096K), 2 survivors (4096K)
 Metaspace       used 25862K, committed 26112K, reserved 1114112K
  class space    used 2641K, committed 2752K, reserved 1048576K
}
Event: 39.431 GC heap before
{Heap before GC invocations=11 (full 0):
 garbage-first heap   total 40960K, used 34058K [0x0000000748c00000, 0x0000000800000000)
  region size 2048K, 10 young (20480K), 2 survivors (4096K)
 Metaspace       used 26152K, committed 26368K, reserved 1114112K
  class space    used 2656K, committed 2752K, reserved 1048576K
}
Event: 39.439 GC heap after
{Heap after GC invocations=12 (full 0):
 garbage-first heap   total 40960K, used 18340K [0x0000000748c00000, 0x0000000800000000)
  region size 2048K, 2 young (4096K), 2 survivors (4096K)
 Metaspace       used 26152K, committed 26368K, reserved 1114112K
  class space    used 2656K, committed 2752K, reserved 1048576K
}
Event: 41.919 GC heap before
{Heap before GC invocations=12 (full 0):
 garbage-first heap   total 40960K, used 26532K [0x0000000748c00000, 0x0000000800000000)
  region size 2048K, 7 young (14336K), 2 survivors (4096K)
 Metaspace       used 27714K, committed 27968K, reserved 1114112K
  class space    used 2804K, committed 2944K, reserved 1048576K
}
Event: 41.930 GC heap after
{Heap after GC invocations=13 (full 0):
 garbage-first heap   total 40960K, used 19393K [0x0000000748c00000, 0x0000000800000000)
  region size 2048K, 2 young (4096K), 2 survivors (4096K)
 Metaspace       used 27714K, committed 27968K, reserved 1114112K
  class space    used 2804K, committed 2944K, reserved 1048576K
}
Event: 41.931 GC heap before
{Heap before GC invocations=13 (full 0):
 garbage-first heap   total 40960K, used 27585K [0x0000000748c00000, 0x0000000800000000)
  region size 2048K, 3 young (6144K), 2 survivors (4096K)
 Metaspace       used 27714K, committed 27968K, reserved 1114112K
  class space    used 2804K, committed 2944K, reserved 1048576K
}
Event: 41.937 GC heap after
{Heap after GC invocations=14 (full 0):
 garbage-first heap   total 40960K, used 27504K [0x0000000748c00000, 0x0000000800000000)
  region size 2048K, 1 young (2048K), 1 survivors (2048K)
 Metaspace       used 27714K, committed 27968K, reserved 1114112K
  class space    used 2804K, committed 2944K, reserved 1048576K
}
Event: 43.887 GC heap before
{Heap before GC invocations=15 (full 0):
 garbage-first heap   total 92160K, used 60272K [0x0000000748c00000, 0x0000000800000000)
  region size 2048K, 5 young (10240K), 1 survivors (2048K)
 Metaspace       used 27844K, committed 28096K, reserved 1114112K
  class space    used 2809K, committed 2944K, reserved 1048576K
}
Event: 43.893 GC heap after
{Heap after GC invocations=16 (full 0):
 garbage-first heap   total 92160K, used 19681K [0x0000000748c00000, 0x0000000800000000)
  region size 2048K, 1 young (2048K), 1 survivors (2048K)
 Metaspace       used 27844K, committed 28096K, reserved 1114112K
  class space    used 2809K, committed 2944K, reserved 1048576K
}

