# JRE version: Java(TM) SE Runtime Environment (21.0.7+8) (build 21.0.7+8-LTS-245)
# Java VM: Java HotSpot(TM) 64-Bit Server VM (21.0.7+8-LTS-245, mixed mode, emulated-client, sharing, tiered, compressed oops, compressed class ptrs, g1 gc, windows-amd64)
GC Precious Log:
 CardTable entry size: 512
 Card Set container configuration: InlinePtr #cards 4 size 8 Array Of Cards #cards 16 size 48 Howl #buckets 8 coarsen threshold 3686 Howl Bitmap #cards 512 size 80 coarsen threshold 460 Card regions per heap region 1 cards per card region 4096
 CPUs: 8 total, 8 available
 Memory: 11723M
 Large Page Support: Disabled
 NUMA Support: Disabled
 Compressed Oops: Enabled (Zero based)
 Heap Region Size: 2M
 Heap Min Capacity: 8M
 Heap Initial Capacity: 184M
 Heap Max Capacity: 2932M
 Pre-touch: Disabled
 Parallel Workers: 8
 Concurrent Workers: 2
 Concurrent Refinement Workers: 8
 Periodic GC: Disabled
Heap:
 garbage-first heap   total 92160K, used 63744K [0x0000000748c00000, 0x0000000800000000)
  region size 2048K, 8 young (16384K), 3 survivors (6144K)
 Metaspace       used 71388K, committed 72192K, reserved 1114112K
  class space    used 10479K, committed 10816K, reserved 1048576K
GC Heap History (20 events):
Event: 42.248 GC heap before
{Heap before GC invocations=14 (full 0):
 garbage-first heap   total 90112K, used 69154K [0x0000000748c00000, 0x0000000800000000)
  region size 2048K, 18 young (36864K), 3 survivors (6144K)
 Metaspace       used 60711K, committed 61376K, reserved 1114112K
  class space    used 8664K, committed 8960K, reserved 1048576K
}
Event: 42.256 GC heap after
{Heap after GC invocations=15 (full 0):
 garbage-first heap   total 90112K, used 41328K [0x0000000748c00000, 0x0000000800000000)
  region size 2048K, 2 young (4096K), 2 survivors (4096K)
 Metaspace       used 60711K, committed 61376K, reserved 1114112K
  class space    used 8664K, committed 8960K, reserved 1048576K
}
Event: 45.633 GC heap before
{Heap before GC invocations=16 (full 0):
 garbage-first heap   total 90112K, used 78192K [0x0000000748c00000, 0x0000000800000000)
  region size 2048K, 20 young (40960K), 2 survivors (4096K)
 Metaspace       used 63766K, committed 64448K, reserved 1114112K
  class space    used 9160K, committed 9472K, reserved 1048576K
}
Event: 45.640 GC heap after
{Heap after GC invocations=17 (full 0):
 garbage-first heap   total 90112K, used 43679K [0x0000000748c00000, 0x0000000800000000)
  region size 2048K, 3 young (6144K), 3 survivors (6144K)
 Metaspace       used 63766K, committed 64448K, reserved 1114112K
  class space    used 9160K, committed 9472K, reserved 1048576K
}
Event: 48.033 GC heap before
{Heap before GC invocations=17 (full 0):
 garbage-first heap   total 90112K, used 74399K [0x0000000748c00000, 0x0000000800000000)
  region size 2048K, 19 young (38912K), 3 survivors (6144K)
 Metaspace       used 68899K, committed 69568K, reserved 1114112K
  class space    used 10006K, committed 10304K, reserved 1048576K
}
Event: 48.044 GC heap after
{Heap after GC invocations=18 (full 0):
 garbage-first heap   total 90112K, used 45821K [0x0000000748c00000, 0x0000000800000000)
  region size 2048K, 3 young (6144K), 3 survivors (6144K)
 Metaspace       used 68899K, committed 69568K, reserved 1114112K
  class space    used 10006K, committed 10304K, reserved 1048576K
}
Event: 49.345 GC heap before
{Heap before GC invocations=18 (full 0):
 garbage-first heap   total 90112K, used 76541K [0x0000000748c00000, 0x0000000800000000)
  region size 2048K, 18 young (36864K), 3 survivors (6144K)
 Metaspace       used 71014K, committed 71680K, reserved 1114112K
  class space    used 10401K, committed 10688K, reserved 1048576K
}
Event: 49.351 GC heap after
{Heap after GC invocations=19 (full 0):
 garbage-first heap   total 90112K, used 47375K [0x0000000748c00000, 0x0000000800000000)
  region size 2048K, 2 young (4096K), 2 survivors (4096K)
 Metaspace       used 71014K, committed 71680K, reserved 1114112K
  class space    used 10401K, committed 10688K, reserved 1048576K
}
Event: 49.832 GC heap before
{Heap before GC invocations=20 (full 0):
 garbage-first heap   total 90112K, used 78095K [0x0000000748c00000, 0x0000000800000000)
  region size 2048K, 17 young (34816K), 2 survivors (4096K)
 Metaspace       used 71020K, committed 71744K, reserved 1114112K
  class space    used 10409K, committed 10752K, reserved 1048576K
}
Event: 49.835 GC heap after
{Heap after GC invocations=21 (full 0):
 garbage-first heap   total 90112K, used 47599K [0x0000000748c00000, 0x0000000800000000)
  region size 2048K, 1 young (2048K), 1 survivors (2048K)
 Metaspace       used 71020K, committed 71744K, reserved 1114112K
  class space    used 10409K, committed 10752K, reserved 1048576K
}
Event: 50.110 GC heap before
{Heap before GC invocations=21 (full 0):
 garbage-first heap   total 90112K, used 80367K [0x0000000748c00000, 0x0000000800000000)
  region size 2048K, 17 young (34816K), 1 survivors (2048K)
 Metaspace       used 71087K, committed 71808K, reserved 1114112K
  class space    used 10429K, committed 10752K, reserved 1048576K
}
Event: 50.121 GC heap after
{Heap after GC invocations=22 (full 0):
 garbage-first heap   total 90112K, used 49358K [0x0000000748c00000, 0x0000000800000000)
  region size 2048K, 3 young (6144K), 3 survivors (6144K)
 Metaspace       used 71087K, committed 71808K, reserved 1114112K
  class space    used 10429K, committed 10752K, reserved 1048576K
}
Event: 50.275 GC heap before
{Heap before GC invocations=22 (full 0):
 garbage-first heap   total 90112K, used 75982K [0x0000000748c00000, 0x0000000800000000)
  region size 2048K, 16 young (32768K), 3 survivors (6144K)
 Metaspace       used 71118K, committed 71808K, reserved 1114112K
  class space    used 10437K, committed 10752K, reserved 1048576K
}
Event: 50.280 GC heap after
{Heap after GC invocations=23 (full 0):
 garbage-first heap   total 90112K, used 50144K [0x0000000748c00000, 0x0000000800000000)
  region size 2048K, 2 young (4096K), 2 survivors (4096K)
 Metaspace       used 71118K, committed 71808K, reserved 1114112K
  class space    used 10437K, committed 10752K, reserved 1048576K
}
Event: 51.309 GC heap before
{Heap before GC invocations=24 (full 0):
 garbage-first heap   total 90112K, used 78816K [0x0000000748c00000, 0x0000000800000000)
  region size 2048K, 16 young (32768K), 2 survivors (4096K)
 Metaspace       used 71154K, committed 71808K, reserved 1114112K
  class space    used 10439K, committed 10752K, reserved 1048576K
}
Event: 51.311 GC heap after
{Heap after GC invocations=25 (full 0):
 garbage-first heap   total 90112K, used 48061K [0x0000000748c00000, 0x0000000800000000)
  region size 2048K, 1 young (2048K), 1 survivors (2048K)
 Metaspace       used 71154K, committed 71808K, reserved 1114112K
  class space    used 10439K, committed 10752K, reserved 1048576K
}
Event: 52.174 GC heap before
{Heap before GC invocations=25 (full 0):
 garbage-first heap   total 90112K, used 78781K [0x0000000748c00000, 0x0000000800000000)
  region size 2048K, 16 young (32768K), 1 survivors (2048K)
 Metaspace       used 71177K, committed 71872K, reserved 1114112K
  class space    used 10447K, committed 10752K, reserved 1048576K
}
Event: 52.180 GC heap after
{Heap after GC invocations=26 (full 0):
 garbage-first heap   total 90112K, used 48240K [0x0000000748c00000, 0x0000000800000000)
  region size 2048K, 1 young (2048K), 1 survivors (2048K)
 Metaspace       used 71177K, committed 71872K, reserved 1114112K
  class space    used 10447K, committed 10752K, reserved 1048576K
}
Event: 53.664 GC heap before
{Heap before GC invocations=26 (full 0):
 garbage-first heap   total 90112K, used 81008K [0x0000000748c00000, 0x0000000800000000)
  region size 2048K, 17 young (34816K), 1 survivors (2048K)
 Metaspace       used 71404K, committed 72192K, reserved 1114112K
  class space    used 10484K, committed 10816K, reserved 1048576K
}
Event: 53.671 GC heap after
{Heap after GC invocations=27 (full 0):
 garbage-first heap   total 92160K, used 55552K [0x0000000748c00000, 0x0000000800000000)
  region size 2048K, 3 young (6144K), 3 survivors (6144K)
 Metaspace       used 71404K, committed 72192K, reserved 1114112K
  class space    used 10484K, committed 10816K, reserved 1048576K
}

