# JRE version: Java(TM) SE Runtime Environment (21.0.7+8) (build 21.0.7+8-LTS-245)
# Java VM: Java HotSpot(TM) 64-Bit Server VM (21.0.7+8-LTS-245, mixed mode, sharing, tiered, compressed oops, compressed class ptrs, g1 gc, windows-amd64)
GC Precious Log:
 CardTable entry size: 512
 Card Set container configuration: InlinePtr #cards 4 size 8 Array Of Cards #cards 16 size 48 Howl #buckets 8 coarsen threshold 3686 Howl Bitmap #cards 512 size 80 coarsen threshold 460 Card regions per heap region 1 cards per card region 4096
 CPUs: 8 total, 8 available
 Memory: 11723M
 Large Page Support: Disabled
 NUMA Support: Disabled
 Compressed Oops: Enabled (Zero based)
 Heap Region Size: 2M
 Heap Min Capacity: 8M
 Heap Initial Capacity: 184M
 Heap Max Capacity: 2932M
 Pre-touch: Disabled
 Parallel Workers: 8
 Concurrent Workers: 2
 Concurrent Refinement Workers: 8
 Periodic GC: Disabled
Heap:
 garbage-first heap   total 110592K, used 91419K [0x0000000748c00000, 0x0000000800000000)
  region size 2048K, 37 young (75776K), 5 survivors (10240K)
 Metaspace       used 27570K, committed 27904K, reserved 1114112K
  class space    used 3023K, committed 3200K, reserved 1048576K
GC Heap History (10 events):
Event: 11.523 GC heap before
{Heap before GC invocations=0 (full 0):
 garbage-first heap   total 188416K, used 22528K [0x0000000748c00000, 0x0000000800000000)
  region size 2048K, 11 young (22528K), 0 survivors (0K)
 Metaspace       used 5618K, committed 5824K, reserved 1114112K
  class space    used 645K, committed 768K, reserved 1048576K
}
Event: 11.723 GC heap after
{Heap after GC invocations=1 (full 0):
 garbage-first heap   total 188416K, used 3840K [0x0000000748c00000, 0x0000000800000000)
  region size 2048K, 2 young (4096K), 2 survivors (4096K)
 Metaspace       used 5618K, committed 5824K, reserved 1114112K
  class space    used 645K, committed 768K, reserved 1048576K
}
Event: 14.317 GC heap before
{Heap before GC invocations=1 (full 0):
 garbage-first heap   total 188416K, used 32512K [0x0000000748c00000, 0x0000000800000000)
  region size 2048K, 17 young (34816K), 2 survivors (4096K)
 Metaspace       used 9522K, committed 9664K, reserved 1114112K
  class space    used 1116K, committed 1216K, reserved 1048576K
}
Event: 14.324 GC heap after
{Heap after GC invocations=2 (full 0):
 garbage-first heap   total 188416K, used 5189K [0x0000000748c00000, 0x0000000800000000)
  region size 2048K, 1 young (2048K), 1 survivors (2048K)
 Metaspace       used 9522K, committed 9664K, reserved 1114112K
  class space    used 1116K, committed 1216K, reserved 1048576K
}
Event: 25.469 GC heap before
{Heap before GC invocations=2 (full 0):
 garbage-first heap   total 188416K, used 115781K [0x0000000748c00000, 0x0000000800000000)
  region size 2048K, 55 young (112640K), 1 survivors (2048K)
 Metaspace       used 16454K, committed 16768K, reserved 1114112K
  class space    used 1849K, committed 1984K, reserved 1048576K
}
Event: 25.492 GC heap after
{Heap after GC invocations=3 (full 0):
 garbage-first heap   total 188416K, used 15820K [0x0000000748c00000, 0x0000000800000000)
  region size 2048K, 6 young (12288K), 6 survivors (12288K)
 Metaspace       used 16454K, committed 16768K, reserved 1114112K
  class space    used 1849K, committed 1984K, reserved 1048576K
}
Event: 42.075 GC heap before
{Heap before GC invocations=3 (full 0):
 garbage-first heap   total 188416K, used 157132K [0x0000000748c00000, 0x0000000800000000)
  region size 2048K, 55 young (112640K), 6 survivors (12288K)
 Metaspace       used 20721K, committed 21056K, reserved 1114112K
  class space    used 2297K, committed 2432K, reserved 1048576K
}
Event: 42.107 GC heap after
{Heap after GC invocations=4 (full 0):
 garbage-first heap   total 188416K, used 29191K [0x0000000748c00000, 0x0000000800000000)
  region size 2048K, 3 young (6144K), 3 survivors (6144K)
 Metaspace       used 20721K, committed 21056K, reserved 1114112K
  class space    used 2297K, committed 2432K, reserved 1048576K
}
Event: 42.587 GC heap before
{Heap before GC invocations=4 (full 0):
 garbage-first heap   total 188416K, used 33287K [0x0000000748c00000, 0x0000000800000000)
  region size 2048K, 6 young (12288K), 3 survivors (6144K)
 Metaspace       used 21181K, committed 21504K, reserved 1114112K
  class space    used 2348K, committed 2496K, reserved 1048576K
}
Event: 42.596 GC heap after
{Heap after GC invocations=5 (full 0):
 garbage-first heap   total 188416K, used 27931K [0x0000000748c00000, 0x0000000800000000)
  region size 2048K, 5 young (10240K), 5 survivors (10240K)
 Metaspace       used 21181K, committed 21504K, reserved 1114112K
  class space    used 2348K, committed 2496K, reserved 1048576K
}

