# JRE version: Java(TM) SE Runtime Environment (21.0.7+8) (build 21.0.7+8-LTS-245)
# Java VM: Java HotSpot(TM) 64-Bit Server VM (21.0.7+8-LTS-245, mixed mode, sharing, tiered, compressed oops, compressed class ptrs, g1 gc, windows-amd64)
GC Precious Log:
 CardTable entry size: 512
 Card Set container configuration: InlinePtr #cards 4 size 8 Array Of Cards #cards 16 size 48 Howl #buckets 8 coarsen threshold 3686 Howl Bitmap #cards 512 size 80 coarsen threshold 460 Card regions per heap region 1 cards per card region 4096
 CPUs: 8 total, 8 available
 Memory: 11723M
 Large Page Support: Disabled
 NUMA Support: Disabled
 Compressed Oops: Enabled (Zero based)
 Heap Region Size: 2M
 Heap Min Capacity: 8M
 Heap Initial Capacity: 184M
 Heap Max Capacity: 2932M
 Pre-touch: Disabled
 Parallel Workers: 8
 Concurrent Workers: 2
 Concurrent Refinement Workers: 8
 Periodic GC: Disabled
Heap:
 garbage-first heap   total 122880K, used 109091K [0x0000000748c00000, 0x0000000800000000)
  region size 2048K, 44 young (90112K), 5 survivors (10240K)
 Metaspace       used 28654K, committed 29056K, reserved 1114112K
  class space    used 3131K, committed 3328K, reserved 1048576K
GC Heap History (10 events):
Event: 2.740 GC heap before
{Heap before GC invocations=0 (full 0):
 garbage-first heap   total 188416K, used 22528K [0x0000000748c00000, 0x0000000800000000)
  region size 2048K, 11 young (22528K), 0 survivors (0K)
 Metaspace       used 5624K, committed 5824K, reserved 1114112K
  class space    used 646K, committed 768K, reserved 1048576K
}
Event: 3.285 GC heap after
{Heap after GC invocations=1 (full 0):
 garbage-first heap   total 188416K, used 3781K [0x0000000748c00000, 0x0000000800000000)
  region size 2048K, 2 young (4096K), 2 survivors (4096K)
 Metaspace       used 5624K, committed 5824K, reserved 1114112K
  class space    used 646K, committed 768K, reserved 1048576K
}
Event: 6.676 GC heap before
{Heap before GC invocations=1 (full 0):
 garbage-first heap   total 188416K, used 34501K [0x0000000748c00000, 0x0000000800000000)
  region size 2048K, 17 young (34816K), 2 survivors (4096K)
 Metaspace       used 9492K, committed 9728K, reserved 1114112K
  class space    used 1110K, committed 1216K, reserved 1048576K
}
Event: 6.683 GC heap after
{Heap after GC invocations=2 (full 0):
 garbage-first heap   total 188416K, used 5460K [0x0000000748c00000, 0x0000000800000000)
  region size 2048K, 1 young (2048K), 1 survivors (2048K)
 Metaspace       used 9492K, committed 9728K, reserved 1114112K
  class space    used 1110K, committed 1216K, reserved 1048576K
}
Event: 15.522 GC heap before
{Heap before GC invocations=2 (full 0):
 garbage-first heap   total 188416K, used 116052K [0x0000000748c00000, 0x0000000800000000)
  region size 2048K, 55 young (112640K), 1 survivors (2048K)
 Metaspace       used 16515K, committed 16768K, reserved 1114112K
  class space    used 1849K, committed 1984K, reserved 1048576K
}
Event: 15.543 GC heap after
{Heap after GC invocations=3 (full 0):
 garbage-first heap   total 188416K, used 16250K [0x0000000748c00000, 0x0000000800000000)
  region size 2048K, 7 young (14336K), 7 survivors (14336K)
 Metaspace       used 16515K, committed 16768K, reserved 1114112K
  class space    used 1849K, committed 1984K, reserved 1048576K
}
Event: 25.149 GC heap before
{Heap before GC invocations=3 (full 0):
 garbage-first heap   total 188416K, used 149370K [0x0000000748c00000, 0x0000000800000000)
  region size 2048K, 55 young (112640K), 7 survivors (14336K)
 Metaspace       used 20670K, committed 20992K, reserved 1114112K
  class space    used 2289K, committed 2432K, reserved 1048576K
}
Event: 25.173 GC heap after
{Heap after GC invocations=4 (full 0):
 garbage-first heap   total 188416K, used 24788K [0x0000000748c00000, 0x0000000800000000)
  region size 2048K, 3 young (6144K), 3 survivors (6144K)
 Metaspace       used 20670K, committed 20992K, reserved 1114112K
  class space    used 2289K, committed 2432K, reserved 1048576K
}
Event: 25.420 GC heap before
{Heap before GC invocations=4 (full 0):
 garbage-first heap   total 188416K, used 37076K [0x0000000748c00000, 0x0000000800000000)
  region size 2048K, 8 young (16384K), 3 survivors (6144K)
 Metaspace       used 21191K, committed 21504K, reserved 1114112K
  class space    used 2348K, committed 2432K, reserved 1048576K
}
Event: 25.429 GC heap after
{Heap after GC invocations=5 (full 0):
 garbage-first heap   total 188416K, used 31267K [0x0000000748c00000, 0x0000000800000000)
  region size 2048K, 5 young (10240K), 5 survivors (10240K)
 Metaspace       used 21191K, committed 21504K, reserved 1114112K
  class space    used 2348K, committed 2432K, reserved 1048576K
}

