# JRE version: Java(TM) SE Runtime Environment (21.0.7+8) (build 21.0.7+8-LTS-245)
# Java VM: Java HotSpot(TM) 64-Bit Server VM (21.0.7+8-LTS-245, mixed mode, sharing, tiered, compressed oops, compressed class ptrs, g1 gc, windows-amd64)
GC Precious Log:
 CardTable entry size: 512
 Card Set container configuration: InlinePtr #cards 4 size 8 Array Of Cards #cards 16 size 48 Howl #buckets 8 coarsen threshold 3686 Howl Bitmap #cards 512 size 80 coarsen threshold 460 Card regions per heap region 1 cards per card region 4096
 CPUs: 8 total, 8 available
 Memory: 11723M
 Large Page Support: Disabled
 NUMA Support: Disabled
 Compressed Oops: Enabled (Zero based)
 Heap Region Size: 2M
 Heap Min Capacity: 8M
 Heap Initial Capacity: 184M
 Heap Max Capacity: 2932M
 Pre-touch: Disabled
 Parallel Workers: 8
 Concurrent Workers: 2
 Concurrent Refinement Workers: 8
 Periodic GC: Disabled
Heap:
 garbage-first heap   total 155648K, used 120346K [0x0000000748c00000, 0x0000000800000000)
  region size 2048K, 40 young (81920K), 7 survivors (14336K)
 Metaspace       used 30638K, committed 31104K, reserved 1114112K
  class space    used 3379K, committed 3584K, reserved 1048576K
GC Heap History (12 events):
Event: 9.029 GC heap before
{Heap before GC invocations=0 (full 0):
 garbage-first heap   total 188416K, used 22528K [0x0000000748c00000, 0x0000000800000000)
  region size 2048K, 11 young (22528K), 0 survivors (0K)
 Metaspace       used 5619K, committed 5824K, reserved 1114112K
  class space    used 646K, committed 768K, reserved 1048576K
}
Event: 9.237 GC heap after
{Heap after GC invocations=1 (full 0):
 garbage-first heap   total 188416K, used 3840K [0x0000000748c00000, 0x0000000800000000)
  region size 2048K, 2 young (4096K), 2 survivors (4096K)
 Metaspace       used 5619K, committed 5824K, reserved 1114112K
  class space    used 646K, committed 768K, reserved 1048576K
}
Event: 11.649 GC heap before
{Heap before GC invocations=1 (full 0):
 garbage-first heap   total 188416K, used 34560K [0x0000000748c00000, 0x0000000800000000)
  region size 2048K, 17 young (34816K), 2 survivors (4096K)
 Metaspace       used 9426K, committed 9600K, reserved 1114112K
  class space    used 1104K, committed 1216K, reserved 1048576K
}
Event: 11.660 GC heap after
{Heap after GC invocations=2 (full 0):
 garbage-first heap   total 188416K, used 5266K [0x0000000748c00000, 0x0000000800000000)
  region size 2048K, 1 young (2048K), 1 survivors (2048K)
 Metaspace       used 9426K, committed 9600K, reserved 1114112K
  class space    used 1104K, committed 1216K, reserved 1048576K
}
Event: 21.652 GC heap before
{Heap before GC invocations=2 (full 0):
 garbage-first heap   total 188416K, used 115858K [0x0000000748c00000, 0x0000000800000000)
  region size 2048K, 55 young (112640K), 1 survivors (2048K)
 Metaspace       used 16383K, committed 16640K, reserved 1114112K
  class space    used 1852K, committed 1984K, reserved 1048576K
}
Event: 21.674 GC heap after
{Heap after GC invocations=3 (full 0):
 garbage-first heap   total 188416K, used 16261K [0x0000000748c00000, 0x0000000800000000)
  region size 2048K, 7 young (14336K), 7 survivors (14336K)
 Metaspace       used 16383K, committed 16640K, reserved 1114112K
  class space    used 1852K, committed 1984K, reserved 1048576K
}
Event: 24.753 GC heap before
{Heap before GC invocations=3 (full 0):
 garbage-first heap   total 188416K, used 151429K [0x0000000748c00000, 0x0000000800000000)
  region size 2048K, 55 young (112640K), 7 survivors (14336K)
 Metaspace       used 20522K, committed 20800K, reserved 1114112K
  class space    used 2289K, committed 2432K, reserved 1048576K
}
Event: 24.780 GC heap after
{Heap after GC invocations=4 (full 0):
 garbage-first heap   total 188416K, used 26624K [0x0000000748c00000, 0x0000000800000000)
  region size 2048K, 4 young (8192K), 4 survivors (8192K)
 Metaspace       used 20522K, committed 20800K, reserved 1114112K
  class space    used 2289K, committed 2432K, reserved 1048576K
}
Event: 25.074 GC heap before
{Heap before GC invocations=4 (full 0):
 garbage-first heap   total 188416K, used 36864K [0x0000000748c00000, 0x0000000800000000)
  region size 2048K, 8 young (16384K), 4 survivors (8192K)
 Metaspace       used 21182K, committed 21504K, reserved 1114112K
  class space    used 2387K, committed 2560K, reserved 1048576K
}
Event: 25.084 GC heap after
{Heap after GC invocations=5 (full 0):
 garbage-first heap   total 188416K, used 31911K [0x0000000748c00000, 0x0000000800000000)
  region size 2048K, 3 young (6144K), 3 survivors (6144K)
 Metaspace       used 21182K, committed 21504K, reserved 1114112K
  class space    used 2387K, committed 2560K, reserved 1048576K
}
Event: 31.193 GC heap before
{Heap before GC invocations=6 (full 0):
 garbage-first heap   total 131072K, used 128167K [0x0000000748c00000, 0x0000000800000000)
  region size 2048K, 50 young (102400K), 3 survivors (6144K)
 Metaspace       used 30200K, committed 30720K, reserved 1114112K
  class space    used 3355K, committed 3584K, reserved 1048576K
}
Event: 31.233 GC heap after
{Heap after GC invocations=7 (full 0):
 garbage-first heap   total 155648K, used 50714K [0x0000000748c00000, 0x0000000800000000)
  region size 2048K, 7 young (14336K), 7 survivors (14336K)
 Metaspace       used 30200K, committed 30720K, reserved 1114112K
  class space    used 3355K, committed 3584K, reserved 1048576K
}

