# JRE version: Java(TM) SE Runtime Environment (21.0.7+8) (build 21.0.7+8-LTS-245)
# Java VM: Java HotSpot(TM) 64-Bit Server VM (21.0.7+8-LTS-245, mixed mode, sharing, tiered, compressed oops, compressed class ptrs, g1 gc, windows-amd64)
GC Precious Log:
 CardTable entry size: 512
 Card Set container configuration: InlinePtr #cards 4 size 8 Array Of Cards #cards 16 size 48 Howl #buckets 8 coarsen threshold 3686 Howl Bitmap #cards 512 size 80 coarsen threshold 460 Card regions per heap region 1 cards per card region 4096
 CPUs: 8 total, 8 available
 Memory: 11723M
 Large Page Support: Disabled
 NUMA Support: Disabled
 Compressed Oops: Enabled (Zero based)
 Heap Region Size: 2M
 Heap Min Capacity: 8M
 Heap Initial Capacity: 184M
 Heap Max Capacity: 2932M
 Pre-touch: Disabled
 Parallel Workers: 8
 Concurrent Workers: 2
 Concurrent Refinement Workers: 8
 Periodic GC: Disabled
Heap:
 garbage-first heap   total 131072K, used 72295K [0x0000000748c00000, 0x0000000800000000)
  region size 2048K, 13 young (26624K), 3 survivors (6144K)
 Metaspace       used 30769K, committed 31232K, reserved 1114112K
  class space    used 3379K, committed 3584K, reserved 1048576K
GC Heap History (14 events):
Event: 9.719 GC heap before
{Heap before GC invocations=0 (full 0):
 garbage-first heap   total 188416K, used 22528K [0x0000000748c00000, 0x0000000800000000)
  region size 2048K, 11 young (22528K), 0 survivors (0K)
 Metaspace       used 5622K, committed 5824K, reserved 1114112K
  class space    used 647K, committed 768K, reserved 1048576K
}
Event: 11.217 GC heap after
{Heap after GC invocations=1 (full 0):
 garbage-first heap   total 188416K, used 3840K [0x0000000748c00000, 0x0000000800000000)
  region size 2048K, 2 young (4096K), 2 survivors (4096K)
 Metaspace       used 5622K, committed 5824K, reserved 1114112K
  class space    used 647K, committed 768K, reserved 1048576K
}
Event: 13.681 GC heap before
{Heap before GC invocations=1 (full 0):
 garbage-first heap   total 188416K, used 34560K [0x0000000748c00000, 0x0000000800000000)
  region size 2048K, 17 young (34816K), 2 survivors (4096K)
 Metaspace       used 9615K, committed 9792K, reserved 1114112K
  class space    used 1128K, committed 1216K, reserved 1048576K
}
Event: 13.689 GC heap after
{Heap after GC invocations=2 (full 0):
 garbage-first heap   total 188416K, used 5471K [0x0000000748c00000, 0x0000000800000000)
  region size 2048K, 1 young (2048K), 1 survivors (2048K)
 Metaspace       used 9615K, committed 9792K, reserved 1114112K
  class space    used 1128K, committed 1216K, reserved 1048576K
}
Event: 20.836 GC heap before
{Heap before GC invocations=2 (full 0):
 garbage-first heap   total 188416K, used 114015K [0x0000000748c00000, 0x0000000800000000)
  region size 2048K, 55 young (112640K), 1 survivors (2048K)
 Metaspace       used 16445K, committed 16768K, reserved 1114112K
  class space    used 1850K, committed 1984K, reserved 1048576K
}
Event: 20.858 GC heap after
{Heap after GC invocations=3 (full 0):
 garbage-first heap   total 188416K, used 15755K [0x0000000748c00000, 0x0000000800000000)
  region size 2048K, 6 young (12288K), 6 survivors (12288K)
 Metaspace       used 16445K, committed 16768K, reserved 1114112K
  class space    used 1850K, committed 1984K, reserved 1048576K
}
Event: 31.021 GC heap before
{Heap before GC invocations=3 (full 0):
 garbage-first heap   total 188416K, used 155019K [0x0000000748c00000, 0x0000000800000000)
  region size 2048K, 55 young (112640K), 6 survivors (12288K)
 Metaspace       used 20674K, committed 20992K, reserved 1114112K
  class space    used 2297K, committed 2432K, reserved 1048576K
}
Event: 31.043 GC heap after
{Heap after GC invocations=4 (full 0):
 garbage-first heap   total 188416K, used 29059K [0x0000000748c00000, 0x0000000800000000)
  region size 2048K, 3 young (6144K), 3 survivors (6144K)
 Metaspace       used 20674K, committed 20992K, reserved 1114112K
  class space    used 2297K, committed 2432K, reserved 1048576K
}
Event: 31.147 GC heap before
{Heap before GC invocations=4 (full 0):
 garbage-first heap   total 188416K, used 33155K [0x0000000748c00000, 0x0000000800000000)
  region size 2048K, 6 young (12288K), 3 survivors (6144K)
 Metaspace       used 21273K, committed 21504K, reserved 1114112K
  class space    used 2388K, committed 2496K, reserved 1048576K
}
Event: 31.157 GC heap after
{Heap after GC invocations=5 (full 0):
 garbage-first heap   total 188416K, used 27646K [0x0000000748c00000, 0x0000000800000000)
  region size 2048K, 5 young (10240K), 5 survivors (10240K)
 Metaspace       used 21273K, committed 21504K, reserved 1114112K
  class space    used 2388K, committed 2496K, reserved 1048576K
}
Event: 36.061 GC heap before
{Heap before GC invocations=6 (full 0):
 garbage-first heap   total 110592K, used 101374K [0x0000000748c00000, 0x0000000800000000)
  region size 2048K, 41 young (83968K), 5 survivors (10240K)
 Metaspace       used 28339K, committed 28736K, reserved 1114112K
  class space    used 3117K, committed 3328K, reserved 1048576K
}
Event: 36.102 GC heap after
{Heap after GC invocations=7 (full 0):
 garbage-first heap   total 131072K, used 44982K [0x0000000748c00000, 0x0000000800000000)
  region size 2048K, 6 young (12288K), 6 survivors (12288K)
 Metaspace       used 28339K, committed 28736K, reserved 1114112K
  class space    used 3117K, committed 3328K, reserved 1048576K
}
Event: 38.604 GC heap before
{Heap before GC invocations=7 (full 0):
 garbage-first heap   total 131072K, used 83894K [0x0000000748c00000, 0x0000000800000000)
  region size 2048K, 26 young (53248K), 6 survivors (12288K)
 Metaspace       used 30697K, committed 31168K, reserved 1114112K
  class space    used 3377K, committed 3584K, reserved 1048576K
}
Event: 38.623 GC heap after
{Heap after GC invocations=8 (full 0):
 garbage-first heap   total 131072K, used 47719K [0x0000000748c00000, 0x0000000800000000)
  region size 2048K, 3 young (6144K), 3 survivors (6144K)
 Metaspace       used 30697K, committed 31168K, reserved 1114112K
  class space    used 3377K, committed 3584K, reserved 1048576K
}

