# JRE version: Java(TM) SE Runtime Environment (21.0.7+8) (build 21.0.7+8-LTS-245)
# Java VM: Java HotSpot(TM) 64-Bit Server VM (21.0.7+8-LTS-245, mixed mode, tiered, compressed oops, compressed class ptrs, g1 gc, windows-amd64)
GC Precious Log:
 CardTable entry size: 512
 Card Set container configuration: InlinePtr #cards 4 size 8 Array Of Cards #cards 16 size 48 Howl #buckets 8 coarsen threshold 3686 Howl Bitmap #cards 512 size 80 coarsen threshold 460 Card regions per heap region 1 cards per card region 4096
 CPUs: 8 total, 8 available
 Memory: 11723M
 Large Page Support: Disabled
 NUMA Support: Disabled
 Compressed Oops: Enabled (Zero based)
 Heap Region Size: 2M
 Heap Min Capacity: 8M
 Heap Initial Capacity: 184M
 Heap Max Capacity: 2932M
 Pre-touch: Disabled
 Parallel Workers: 8
 Concurrent Workers: 2
 Concurrent Refinement Workers: 8
 Periodic GC: Disabled
Heap:
 garbage-first heap   total 65536K, used 27143K [0x0000000748c00000, 0x0000000800000000)
  region size 2048K, 13 young (26624K), 5 survivors (10240K)
 Metaspace       used 25253K, committed 25536K, reserved 1114112K
  class space    used 2631K, committed 2752K, reserved 1048576K
GC Heap History (8 events):
Event: 7.344 GC heap before
{Heap before GC invocations=0 (full 0):
 garbage-first heap   total 188416K, used 22528K [0x0000000748c00000, 0x0000000800000000)
  region size 2048K, 11 young (22528K), 0 survivors (0K)
 Metaspace       used 14433K, committed 14592K, reserved 1114112K
  class space    used 1395K, committed 1472K, reserved 1048576K
}
Event: 7.506 GC heap after
{Heap after GC invocations=1 (full 0):
 garbage-first heap   total 188416K, used 3840K [0x0000000748c00000, 0x0000000800000000)
  region size 2048K, 2 young (4096K), 2 survivors (4096K)
 Metaspace       used 14433K, committed 14592K, reserved 1114112K
  class space    used 1395K, committed 1472K, reserved 1048576K
}
Event: 11.560 GC heap before
{Heap before GC invocations=1 (full 0):
 garbage-first heap   total 188416K, used 34560K [0x0000000748c00000, 0x0000000800000000)
  region size 2048K, 17 young (34816K), 2 survivors (4096K)
 Metaspace       used 18377K, committed 18560K, reserved 1114112K
  class space    used 1864K, committed 1984K, reserved 1048576K
}
Event: 11.567 GC heap after
{Heap after GC invocations=2 (full 0):
 garbage-first heap   total 188416K, used 5370K [0x0000000748c00000, 0x0000000800000000)
  region size 2048K, 1 young (2048K), 1 survivors (2048K)
 Metaspace       used 18377K, committed 18560K, reserved 1114112K
  class space    used 1864K, committed 1984K, reserved 1048576K
}
Event: 13.711 GC heap before
{Heap before GC invocations=2 (full 0):
 garbage-first heap   total 188416K, used 19706K [0x0000000748c00000, 0x0000000800000000)
  region size 2048K, 9 young (18432K), 1 survivors (2048K)
 Metaspace       used 21329K, committed 21504K, reserved 1114112K
  class space    used 2266K, committed 2368K, reserved 1048576K
}
Event: 13.716 GC heap after
{Heap after GC invocations=3 (full 0):
 garbage-first heap   total 188416K, used 6779K [0x0000000748c00000, 0x0000000800000000)
  region size 2048K, 2 young (4096K), 2 survivors (4096K)
 Metaspace       used 21329K, committed 21504K, reserved 1114112K
  class space    used 2266K, committed 2368K, reserved 1048576K
}
Event: 20.646 GC heap before
{Heap before GC invocations=4 (full 0):
 garbage-first heap   total 55296K, used 53883K [0x0000000748c00000, 0x0000000800000000)
  region size 2048K, 25 young (51200K), 2 survivors (4096K)
 Metaspace       used 25113K, committed 25408K, reserved 1114112K
  class space    used 2630K, committed 2752K, reserved 1048576K
}
Event: 20.667 GC heap after
{Heap after GC invocations=5 (full 0):
 garbage-first heap   total 65536K, used 12807K [0x0000000748c00000, 0x0000000800000000)
  region size 2048K, 5 young (10240K), 5 survivors (10240K)
 Metaspace       used 25113K, committed 25408K, reserved 1114112K
  class space    used 2630K, committed 2752K, reserved 1048576K
}

