# JRE version: Java(TM) SE Runtime Environment (21.0.7+8) (build 21.0.7+8-LTS-245)
# Java VM: Java HotSpot(TM) 64-Bit Server VM (21.0.7+8-LTS-245, mixed mode, sharing, tiered, compressed oops, compressed class ptrs, g1 gc, windows-amd64)
GC Precious Log:
 CardTable entry size: 512
 Card Set container configuration: InlinePtr #cards 4 size 8 Array Of Cards #cards 16 size 48 Howl #buckets 8 coarsen threshold 3686 Howl Bitmap #cards 512 size 80 coarsen threshold 460 Card regions per heap region 1 cards per card region 4096
 CPUs: 8 total, 8 available
 Memory: 11723M
 Large Page Support: Disabled
 NUMA Support: Disabled
 Compressed Oops: Enabled (Zero based)
 Heap Region Size: 2M
 Heap Min Capacity: 8M
 Heap Initial Capacity: 184M
 Heap Max Capacity: 2932M
 Pre-touch: Disabled
 Parallel Workers: 8
 Concurrent Workers: 2
 Concurrent Refinement Workers: 8
 Periodic GC: Disabled
Heap:
 garbage-first heap   total 137216K, used 65742K [0x0000000748c00000, 0x0000000800000000)
  region size 2048K, 17 young (34816K), 6 survivors (12288K)
 Metaspace       used 30694K, committed 31168K, reserved 1114112K
  class space    used 3373K, committed 3584K, reserved 1048576K
GC Heap History (12 events):
Event: 1.573 GC heap before
{Heap before GC invocations=0 (full 0):
 garbage-first heap   total 188416K, used 22528K [0x0000000748c00000, 0x0000000800000000)
  region size 2048K, 11 young (22528K), 0 survivors (0K)
 Metaspace       used 5607K, committed 5824K, reserved 1114112K
  class space    used 645K, committed 768K, reserved 1048576K
}
Event: 1.580 GC heap after
{Heap after GC invocations=1 (full 0):
 garbage-first heap   total 188416K, used 3917K [0x0000000748c00000, 0x0000000800000000)
  region size 2048K, 2 young (4096K), 2 survivors (4096K)
 Metaspace       used 5607K, committed 5824K, reserved 1114112K
  class space    used 645K, committed 768K, reserved 1048576K
}
Event: 3.537 GC heap before
{Heap before GC invocations=1 (full 0):
 garbage-first heap   total 188416K, used 36685K [0x0000000748c00000, 0x0000000800000000)
  region size 2048K, 18 young (36864K), 2 survivors (4096K)
 Metaspace       used 9701K, committed 9920K, reserved 1114112K
  class space    used 1138K, committed 1216K, reserved 1048576K
}
Event: 3.544 GC heap after
{Heap after GC invocations=2 (full 0):
 garbage-first heap   total 188416K, used 5444K [0x0000000748c00000, 0x0000000800000000)
  region size 2048K, 1 young (2048K), 1 survivors (2048K)
 Metaspace       used 9701K, committed 9920K, reserved 1114112K
  class space    used 1138K, committed 1216K, reserved 1048576K
}
Event: 16.435 GC heap before
{Heap before GC invocations=2 (full 0):
 garbage-first heap   total 188416K, used 116036K [0x0000000748c00000, 0x0000000800000000)
  region size 2048K, 55 young (112640K), 1 survivors (2048K)
 Metaspace       used 16543K, committed 16832K, reserved 1114112K
  class space    used 1852K, committed 1984K, reserved 1048576K
}
Event: 16.459 GC heap after
{Heap after GC invocations=3 (full 0):
 garbage-first heap   total 188416K, used 15838K [0x0000000748c00000, 0x0000000800000000)
  region size 2048K, 6 young (12288K), 6 survivors (12288K)
 Metaspace       used 16543K, committed 16832K, reserved 1114112K
  class space    used 1852K, committed 1984K, reserved 1048576K
}
Event: 23.522 GC heap before
{Heap before GC invocations=3 (full 0):
 garbage-first heap   total 188416K, used 157150K [0x0000000748c00000, 0x0000000800000000)
  region size 2048K, 55 young (112640K), 6 survivors (12288K)
 Metaspace       used 20720K, committed 20992K, reserved 1114112K
  class space    used 2301K, committed 2432K, reserved 1048576K
}
Event: 23.545 GC heap after
{Heap after GC invocations=4 (full 0):
 garbage-first heap   total 188416K, used 30264K [0x0000000748c00000, 0x0000000800000000)
  region size 2048K, 4 young (8192K), 4 survivors (8192K)
 Metaspace       used 20720K, committed 20992K, reserved 1114112K
  class space    used 2301K, committed 2432K, reserved 1048576K
}
Event: 23.631 GC heap before
{Heap before GC invocations=4 (full 0):
 garbage-first heap   total 188416K, used 32312K [0x0000000748c00000, 0x0000000800000000)
  region size 2048K, 6 young (12288K), 4 survivors (8192K)
 Metaspace       used 21212K, committed 21504K, reserved 1114112K
  class space    used 2364K, committed 2496K, reserved 1048576K
}
Event: 23.639 GC heap after
{Heap after GC invocations=5 (full 0):
 garbage-first heap   total 188416K, used 27187K [0x0000000748c00000, 0x0000000800000000)
  region size 2048K, 5 young (10240K), 5 survivors (10240K)
 Metaspace       used 21212K, committed 21504K, reserved 1114112K
  class space    used 2364K, committed 2496K, reserved 1048576K
}
Event: 30.955 GC heap before
{Heap before GC invocations=6 (full 0):
 garbage-first heap   total 110592K, used 107059K [0x0000000748c00000, 0x0000000800000000)
  region size 2048K, 44 young (90112K), 5 survivors (10240K)
 Metaspace       used 28533K, committed 28928K, reserved 1114112K
  class space    used 3132K, committed 3328K, reserved 1048576K
}
Event: 30.993 GC heap after
{Heap after GC invocations=7 (full 0):
 garbage-first heap   total 137216K, used 45262K [0x0000000748c00000, 0x0000000800000000)
  region size 2048K, 6 young (12288K), 6 survivors (12288K)
 Metaspace       used 28533K, committed 28928K, reserved 1114112K
  class space    used 3132K, committed 3328K, reserved 1048576K
}

