# JRE version: Java(TM) SE Runtime Environment (21.0.7+8) (build 21.0.7+8-LTS-245)
# Java VM: Java HotSpot(TM) 64-Bit Server VM (21.0.7+8-LTS-245, mixed mode, sharing, tiered, compressed oops, compressed class ptrs, g1 gc, windows-amd64)
GC Precious Log:
 CardTable entry size: 512
 Card Set container configuration: InlinePtr #cards 4 size 8 Array Of Cards #cards 16 size 48 Howl #buckets 8 coarsen threshold 3686 Howl Bitmap #cards 512 size 80 coarsen threshold 460 Card regions per heap region 1 cards per card region 4096
 CPUs: 8 total, 8 available
 Memory: 11723M
 Large Page Support: Disabled
 NUMA Support: Disabled
 Compressed Oops: Enabled (Zero based)
 Heap Region Size: 2M
 Heap Min Capacity: 8M
 Heap Initial Capacity: 184M
 Heap Max Capacity: 2932M
 Pre-touch: Disabled
 Parallel Workers: 8
 Concurrent Workers: 2
 Concurrent Refinement Workers: 8
 Periodic GC: Disabled
Heap:
 garbage-first heap   total 110592K, used 27760K [0x0000000748c00000, 0x0000000800000000)
  region size 2048K, 6 young (12288K), 5 survivors (10240K)
 Metaspace       used 21657K, committed 22016K, reserved 1114112K
  class space    used 2451K, committed 2624K, reserved 1048576K
GC Heap History (10 events):
Event: 4.291 GC heap before
{Heap before GC invocations=0 (full 0):
 garbage-first heap   total 188416K, used 22528K [0x0000000748c00000, 0x0000000800000000)
  region size 2048K, 11 young (22528K), 0 survivors (0K)
 Metaspace       used 5624K, committed 5824K, reserved 1114112K
  class space    used 647K, committed 768K, reserved 1048576K
}
Event: 4.576 GC heap after
{Heap after GC invocations=1 (full 0):
 garbage-first heap   total 188416K, used 3840K [0x0000000748c00000, 0x0000000800000000)
  region size 2048K, 2 young (4096K), 2 survivors (4096K)
 Metaspace       used 5624K, committed 5824K, reserved 1114112K
  class space    used 647K, committed 768K, reserved 1048576K
}
Event: 7.860 GC heap before
{Heap before GC invocations=1 (full 0):
 garbage-first heap   total 188416K, used 36608K [0x0000000748c00000, 0x0000000800000000)
  region size 2048K, 18 young (36864K), 2 survivors (4096K)
 Metaspace       used 9897K, committed 10112K, reserved 1114112K
  class space    used 1163K, committed 1280K, reserved 1048576K
}
Event: 7.867 GC heap after
{Heap after GC invocations=2 (full 0):
 garbage-first heap   total 188416K, used 5469K [0x0000000748c00000, 0x0000000800000000)
  region size 2048K, 1 young (2048K), 1 survivors (2048K)
 Metaspace       used 9897K, committed 10112K, reserved 1114112K
  class space    used 1163K, committed 1280K, reserved 1048576K
}
Event: 20.439 GC heap before
{Heap before GC invocations=2 (full 0):
 garbage-first heap   total 188416K, used 114013K [0x0000000748c00000, 0x0000000800000000)
  region size 2048K, 55 young (112640K), 1 survivors (2048K)
 Metaspace       used 16476K, committed 16768K, reserved 1114112K
  class space    used 1853K, committed 1984K, reserved 1048576K
}
Event: 20.460 GC heap after
{Heap after GC invocations=3 (full 0):
 garbage-first heap   total 188416K, used 16191K [0x0000000748c00000, 0x0000000800000000)
  region size 2048K, 7 young (14336K), 7 survivors (14336K)
 Metaspace       used 16476K, committed 16768K, reserved 1114112K
  class space    used 1853K, committed 1984K, reserved 1048576K
}
Event: 29.214 GC heap before
{Heap before GC invocations=3 (full 0):
 garbage-first heap   total 188416K, used 153407K [0x0000000748c00000, 0x0000000800000000)
  region size 2048K, 55 young (112640K), 7 survivors (14336K)
 Metaspace       used 20671K, committed 20992K, reserved 1114112K
  class space    used 2299K, committed 2432K, reserved 1048576K
}
Event: 29.237 GC heap after
{Heap after GC invocations=4 (full 0):
 garbage-first heap   total 188416K, used 28710K [0x0000000748c00000, 0x0000000800000000)
  region size 2048K, 3 young (6144K), 3 survivors (6144K)
 Metaspace       used 20671K, committed 20992K, reserved 1114112K
  class space    used 2299K, committed 2432K, reserved 1048576K
}
Event: 29.577 GC heap before
{Heap before GC invocations=4 (full 0):
 garbage-first heap   total 188416K, used 32806K [0x0000000748c00000, 0x0000000800000000)
  region size 2048K, 6 young (12288K), 3 survivors (6144K)
 Metaspace       used 21225K, committed 21504K, reserved 1114112K
  class space    used 2379K, committed 2496K, reserved 1048576K
}
Event: 29.588 GC heap after
{Heap after GC invocations=5 (full 0):
 garbage-first heap   total 188416K, used 27760K [0x0000000748c00000, 0x0000000800000000)
  region size 2048K, 5 young (10240K), 5 survivors (10240K)
 Metaspace       used 21225K, committed 21504K, reserved 1114112K
  class space    used 2379K, committed 2496K, reserved 1048576K
}

