# JRE version: Java(TM) SE Runtime Environment (21.0.7+8) (build 21.0.7+8-LTS-245)
# Java VM: Java HotSpot(TM) 64-Bit Server VM (21.0.7+8-LTS-245, mixed mode, sharing, tiered, compressed oops, compressed class ptrs, g1 gc, windows-amd64)
GC Precious Log:
 CardTable entry size: 512
 Card Set container configuration: InlinePtr #cards 4 size 8 Array Of Cards #cards 16 size 48 Howl #buckets 8 coarsen threshold 3686 Howl Bitmap #cards 512 size 80 coarsen threshold 460 Card regions per heap region 1 cards per card region 4096
 CPUs: 8 total, 8 available
 Memory: 11723M
 Large Page Support: Disabled
 NUMA Support: Disabled
 Compressed Oops: Enabled (Zero based)
 Heap Region Size: 2M
 Heap Min Capacity: 8M
 Heap Initial Capacity: 184M
 Heap Max Capacity: 2932M
 Pre-touch: Disabled
 Parallel Workers: 8
 Concurrent Workers: 2
 Concurrent Refinement Workers: 8
 Periodic GC: Disabled
Heap:
 garbage-first heap   total 110592K, used 93234K [0x0000000748c00000, 0x0000000800000000)
  region size 2048K, 38 young (77824K), 5 survivors (10240K)
 Metaspace       used 27511K, committed 27840K, reserved 1114112K
  class space    used 3022K, committed 3200K, reserved 1048576K
GC Heap History (10 events):
Event: 6.102 GC heap before
{Heap before GC invocations=0 (full 0):
 garbage-first heap   total 188416K, used 22528K [0x0000000748c00000, 0x0000000800000000)
  region size 2048K, 11 young (22528K), 0 survivors (0K)
 Metaspace       used 5627K, committed 5824K, reserved 1114112K
  class space    used 646K, committed 768K, reserved 1048576K
}
Event: 6.761 GC heap after
{Heap after GC invocations=1 (full 0):
 garbage-first heap   total 188416K, used 3840K [0x0000000748c00000, 0x0000000800000000)
  region size 2048K, 2 young (4096K), 2 survivors (4096K)
 Metaspace       used 5627K, committed 5824K, reserved 1114112K
  class space    used 646K, committed 768K, reserved 1048576K
}
Event: 12.674 GC heap before
{Heap before GC invocations=1 (full 0):
 garbage-first heap   total 188416K, used 34560K [0x0000000748c00000, 0x0000000800000000)
  region size 2048K, 17 young (34816K), 2 survivors (4096K)
 Metaspace       used 9508K, committed 9728K, reserved 1114112K
  class space    used 1110K, committed 1216K, reserved 1048576K
}
Event: 12.681 GC heap after
{Heap after GC invocations=2 (full 0):
 garbage-first heap   total 188416K, used 5200K [0x0000000748c00000, 0x0000000800000000)
  region size 2048K, 1 young (2048K), 1 survivors (2048K)
 Metaspace       used 9508K, committed 9728K, reserved 1114112K
  class space    used 1110K, committed 1216K, reserved 1048576K
}
Event: 32.484 GC heap before
{Heap before GC invocations=2 (full 0):
 garbage-first heap   total 188416K, used 115792K [0x0000000748c00000, 0x0000000800000000)
  region size 2048K, 55 young (112640K), 1 survivors (2048K)
 Metaspace       used 16463K, committed 16768K, reserved 1114112K
  class space    used 1852K, committed 1984K, reserved 1048576K
}
Event: 32.504 GC heap after
{Heap after GC invocations=3 (full 0):
 garbage-first heap   total 188416K, used 15839K [0x0000000748c00000, 0x0000000800000000)
  region size 2048K, 6 young (12288K), 6 survivors (12288K)
 Metaspace       used 16463K, committed 16768K, reserved 1114112K
  class space    used 1852K, committed 1984K, reserved 1048576K
}
Event: 50.965 GC heap before
{Heap before GC invocations=3 (full 0):
 garbage-first heap   total 188416K, used 157151K [0x0000000748c00000, 0x0000000800000000)
  region size 2048K, 55 young (112640K), 6 survivors (12288K)
 Metaspace       used 20733K, committed 21056K, reserved 1114112K
  class space    used 2301K, committed 2432K, reserved 1048576K
}
Event: 50.986 GC heap after
{Heap after GC invocations=4 (full 0):
 garbage-first heap   total 188416K, used 28213K [0x0000000748c00000, 0x0000000800000000)
  region size 2048K, 3 young (6144K), 3 survivors (6144K)
 Metaspace       used 20733K, committed 21056K, reserved 1114112K
  class space    used 2301K, committed 2432K, reserved 1048576K
}
Event: 51.379 GC heap before
{Heap before GC invocations=4 (full 0):
 garbage-first heap   total 188416K, used 32309K [0x0000000748c00000, 0x0000000800000000)
  region size 2048K, 6 young (12288K), 3 survivors (6144K)
 Metaspace       used 21191K, committed 21504K, reserved 1114112K
  class space    used 2353K, committed 2496K, reserved 1048576K
}
Event: 51.387 GC heap after
{Heap after GC invocations=5 (full 0):
 garbage-first heap   total 188416K, used 27698K [0x0000000748c00000, 0x0000000800000000)
  region size 2048K, 5 young (10240K), 5 survivors (10240K)
 Metaspace       used 21191K, committed 21504K, reserved 1114112K
  class space    used 2353K, committed 2496K, reserved 1048576K
}

