# JRE version: Java(TM) SE Runtime Environment (21.0.7+8) (build 21.0.7+8-LTS-245)
# Java VM: Java HotSpot(TM) 64-Bit Server VM (21.0.7+8-LTS-245, mixed mode, sharing, tiered, compressed oops, compressed class ptrs, g1 gc, windows-amd64)
GC Precious Log:
 CardTable entry size: 512
 Card Set container configuration: InlinePtr #cards 4 size 8 Array Of Cards #cards 16 size 48 Howl #buckets 8 coarsen threshold 3686 Howl Bitmap #cards 512 size 80 coarsen threshold 460 Card regions per heap region 1 cards per card region 4096
 CPUs: 8 total, 8 available
 Memory: 11723M
 Large Page Support: Disabled
 NUMA Support: Disabled
 Compressed Oops: Enabled (Zero based)
 Heap Region Size: 2M
 Heap Min Capacity: 8M
 Heap Initial Capacity: 184M
 Heap Max Capacity: 2932M
 Pre-touch: Disabled
 Parallel Workers: 8
 Concurrent Workers: 2
 Concurrent Refinement Workers: 8
 Periodic GC: Disabled
Heap:
 garbage-first heap   total 129024K, used 63771K [0x0000000748c00000, 0x0000000800000000)
  region size 2048K, 9 young (18432K), 2 survivors (4096K)
 Metaspace       used 30799K, committed 31232K, reserved 1114112K
  class space    used 3376K, committed 3584K, reserved 1048576K
GC Heap History (14 events):
Event: 7.582 GC heap before
{Heap before GC invocations=0 (full 0):
 garbage-first heap   total 188416K, used 22528K [0x0000000748c00000, 0x0000000800000000)
  region size 2048K, 11 young (22528K), 0 survivors (0K)
 Metaspace       used 5614K, committed 5824K, reserved 1114112K
  class space    used 645K, committed 768K, reserved 1048576K
}
Event: 7.852 GC heap after
{Heap after GC invocations=1 (full 0):
 garbage-first heap   total 188416K, used 3840K [0x0000000748c00000, 0x0000000800000000)
  region size 2048K, 2 young (4096K), 2 survivors (4096K)
 Metaspace       used 5614K, committed 5824K, reserved 1114112K
  class space    used 645K, committed 768K, reserved 1048576K
}
Event: 13.400 GC heap before
{Heap before GC invocations=1 (full 0):
 garbage-first heap   total 188416K, used 34560K [0x0000000748c00000, 0x0000000800000000)
  region size 2048K, 17 young (34816K), 2 survivors (4096K)
 Metaspace       used 9484K, committed 9664K, reserved 1114112K
  class space    used 1109K, committed 1216K, reserved 1048576K
}
Event: 13.407 GC heap after
{Heap after GC invocations=2 (full 0):
 garbage-first heap   total 188416K, used 5331K [0x0000000748c00000, 0x0000000800000000)
  region size 2048K, 1 young (2048K), 1 survivors (2048K)
 Metaspace       used 9484K, committed 9664K, reserved 1114112K
  class space    used 1109K, committed 1216K, reserved 1048576K
}
Event: 36.297 GC heap before
{Heap before GC invocations=2 (full 0):
 garbage-first heap   total 188416K, used 115923K [0x0000000748c00000, 0x0000000800000000)
  region size 2048K, 55 young (112640K), 1 survivors (2048K)
 Metaspace       used 16450K, committed 16768K, reserved 1114112K
  class space    used 1849K, committed 1984K, reserved 1048576K
}
Event: 36.317 GC heap after
{Heap after GC invocations=3 (full 0):
 garbage-first heap   total 188416K, used 15848K [0x0000000748c00000, 0x0000000800000000)
  region size 2048K, 6 young (12288K), 6 survivors (12288K)
 Metaspace       used 16450K, committed 16768K, reserved 1114112K
  class space    used 1849K, committed 1984K, reserved 1048576K
}
Event: 53.211 GC heap before
{Heap before GC invocations=3 (full 0):
 garbage-first heap   total 188416K, used 155112K [0x0000000748c00000, 0x0000000800000000)
  region size 2048K, 55 young (112640K), 6 survivors (12288K)
 Metaspace       used 20672K, committed 20992K, reserved 1114112K
  class space    used 2295K, committed 2432K, reserved 1048576K
}
Event: 53.233 GC heap after
{Heap after GC invocations=4 (full 0):
 garbage-first heap   total 188416K, used 28474K [0x0000000748c00000, 0x0000000800000000)
  region size 2048K, 3 young (6144K), 3 survivors (6144K)
 Metaspace       used 20672K, committed 20992K, reserved 1114112K
  class space    used 2295K, committed 2432K, reserved 1048576K
}
Event: 53.908 GC heap before
{Heap before GC invocations=4 (full 0):
 garbage-first heap   total 188416K, used 32570K [0x0000000748c00000, 0x0000000800000000)
  region size 2048K, 6 young (12288K), 3 survivors (6144K)
 Metaspace       used 21281K, committed 21504K, reserved 1114112K
  class space    used 2387K, committed 2496K, reserved 1048576K
}
Event: 53.920 GC heap after
{Heap after GC invocations=5 (full 0):
 garbage-first heap   total 188416K, used 27527K [0x0000000748c00000, 0x0000000800000000)
  region size 2048K, 5 young (10240K), 5 survivors (10240K)
 Metaspace       used 21281K, committed 21504K, reserved 1114112K
  class space    used 2387K, committed 2496K, reserved 1048576K
}
Event: 75.848 GC heap before
{Heap before GC invocations=6 (full 0):
 garbage-first heap   total 102400K, used 101255K [0x0000000748c00000, 0x0000000800000000)
  region size 2048K, 41 young (83968K), 5 survivors (10240K)
 Metaspace       used 28382K, committed 28736K, reserved 1114112K
  class space    used 3113K, committed 3264K, reserved 1048576K
}
Event: 75.888 GC heap after
{Heap after GC invocations=7 (full 0):
 garbage-first heap   total 129024K, used 45056K [0x0000000748c00000, 0x0000000800000000)
  region size 2048K, 6 young (12288K), 6 survivors (12288K)
 Metaspace       used 28382K, committed 28736K, reserved 1114112K
  class space    used 3113K, committed 3264K, reserved 1048576K
}
Event: 96.391 GC heap before
{Heap before GC invocations=7 (full 0):
 garbage-first heap   total 129024K, used 88064K [0x0000000748c00000, 0x0000000800000000)
  region size 2048K, 28 young (57344K), 6 survivors (12288K)
 Metaspace       used 30735K, committed 31232K, reserved 1114112K
  class space    used 3374K, committed 3584K, reserved 1048576K
}
Event: 96.411 GC heap after
{Heap after GC invocations=8 (full 0):
 garbage-first heap   total 129024K, used 45339K [0x0000000748c00000, 0x0000000800000000)
  region size 2048K, 2 young (4096K), 2 survivors (4096K)
 Metaspace       used 30735K, committed 31232K, reserved 1114112K
  class space    used 3374K, committed 3584K, reserved 1048576K
}

