# JRE version: Java(TM) SE Runtime Environment (21.0.7+8) (build 21.0.7+8-LTS-245)
# Java VM: Java HotSpot(TM) 64-Bit Server VM (21.0.7+8-LTS-245, mixed mode, emulated-client, sharing, tiered, compressed oops, compressed class ptrs, g1 gc, windows-amd64)
GC Precious Log:
 CardTable entry size: 512
 Card Set container configuration: InlinePtr #cards 4 size 8 Array Of Cards #cards 16 size 48 Howl #buckets 8 coarsen threshold 3686 Howl Bitmap #cards 512 size 80 coarsen threshold 460 Card regions per heap region 1 cards per card region 4096
 CPUs: 8 total, 8 available
 Memory: 11723M
 Large Page Support: Disabled
 NUMA Support: Disabled
 Compressed Oops: Enabled (Zero based)
 Heap Region Size: 2M
 Heap Min Capacity: 8M
 Heap Initial Capacity: 184M
 Heap Max Capacity: 2932M
 Pre-touch: Disabled
 Parallel Workers: 8
 Concurrent Workers: 2
 Concurrent Refinement Workers: 8
 Periodic GC: Disabled
Heap:
 garbage-first heap   total 94208K, used 62281K [0x0000000748c00000, 0x0000000800000000)
  region size 2048K, 16 young (32768K), 3 survivors (6144K)
 Metaspace       used 51129K, committed 51776K, reserved 1114112K
  class space    used 7180K, committed 7488K, reserved 1048576K
GC Heap History (20 events):
Event: 1.194 GC heap before
{Heap before GC invocations=0 (full 0):
 garbage-first heap   total 188416K, used 20480K [0x0000000748c00000, 0x0000000800000000)
  region size 2048K, 11 young (22528K), 0 survivors (0K)
 Metaspace       used 2034K, committed 2304K, reserved 1114112K
  class space    used 250K, committed 384K, reserved 1048576K
}
Event: 1.253 GC heap after
{Heap after GC invocations=1 (full 0):
 garbage-first heap   total 188416K, used 9917K [0x0000000748c00000, 0x0000000800000000)
  region size 2048K, 2 young (4096K), 2 survivors (4096K)
 Metaspace       used 2034K, committed 2304K, reserved 1114112K
  class space    used 250K, committed 384K, reserved 1048576K
}
Event: 1.916 GC heap before
{Heap before GC invocations=1 (full 0):
 garbage-first heap   total 188416K, used 30397K [0x0000000748c00000, 0x0000000800000000)
  region size 2048K, 12 young (24576K), 2 survivors (4096K)
 Metaspace       used 5298K, committed 5504K, reserved 1114112K
  class space    used 652K, committed 704K, reserved 1048576K
}
Event: 1.923 GC heap after
{Heap after GC invocations=2 (full 0):
 garbage-first heap   total 188416K, used 14882K [0x0000000748c00000, 0x0000000800000000)
  region size 2048K, 2 young (4096K), 2 survivors (4096K)
 Metaspace       used 5298K, committed 5504K, reserved 1114112K
  class space    used 652K, committed 704K, reserved 1048576K
}
Event: 3.687 GC heap before
{Heap before GC invocations=2 (full 0):
 garbage-first heap   total 188416K, used 49698K [0x0000000748c00000, 0x0000000800000000)
  region size 2048K, 19 young (38912K), 2 survivors (4096K)
 Metaspace       used 10738K, committed 11072K, reserved 1114112K
  class space    used 1506K, committed 1664K, reserved 1048576K
}
Event: 3.756 GC heap after
{Heap after GC invocations=3 (full 0):
 garbage-first heap   total 188416K, used 17271K [0x0000000748c00000, 0x0000000800000000)
  region size 2048K, 2 young (4096K), 2 survivors (4096K)
 Metaspace       used 10738K, committed 11072K, reserved 1114112K
  class space    used 1506K, committed 1664K, reserved 1048576K
}
Event: 4.952 GC heap before
{Heap before GC invocations=3 (full 0):
 garbage-first heap   total 188416K, used 70519K [0x0000000748c00000, 0x0000000800000000)
  region size 2048K, 30 young (61440K), 2 survivors (4096K)
 Metaspace       used 21107K, committed 21504K, reserved 1114112K
  class space    used 2853K, committed 3072K, reserved 1048576K
}
Event: 4.959 GC heap after
{Heap after GC invocations=4 (full 0):
 garbage-first heap   total 188416K, used 21124K [0x0000000748c00000, 0x0000000800000000)
  region size 2048K, 4 young (8192K), 4 survivors (8192K)
 Metaspace       used 21107K, committed 21504K, reserved 1114112K
  class space    used 2853K, committed 3072K, reserved 1048576K
}
Event: 7.357 GC heap before
{Heap before GC invocations=5 (full 0):
 garbage-first heap   total 81920K, used 80516K [0x0000000748c00000, 0x0000000800000000)
  region size 2048K, 33 young (67584K), 4 survivors (8192K)
 Metaspace       used 25452K, committed 25920K, reserved 1114112K
  class space    used 3530K, committed 3712K, reserved 1048576K
}
Event: 7.369 GC heap after
{Heap after GC invocations=6 (full 0):
 garbage-first heap   total 94208K, used 25109K [0x0000000748c00000, 0x0000000800000000)
  region size 2048K, 6 young (12288K), 6 survivors (12288K)
 Metaspace       used 25452K, committed 25920K, reserved 1114112K
  class space    used 3530K, committed 3712K, reserved 1048576K
}
Event: 8.773 GC heap before
{Heap before GC invocations=6 (full 0):
 garbage-first heap   total 94208K, used 68117K [0x0000000748c00000, 0x0000000800000000)
  region size 2048K, 27 young (55296K), 6 survivors (12288K)
 Metaspace       used 29198K, committed 29760K, reserved 1114112K
  class space    used 4067K, committed 4352K, reserved 1048576K
}
Event: 8.785 GC heap after
{Heap after GC invocations=7 (full 0):
 garbage-first heap   total 94208K, used 27167K [0x0000000748c00000, 0x0000000800000000)
  region size 2048K, 2 young (4096K), 2 survivors (4096K)
 Metaspace       used 29198K, committed 29760K, reserved 1114112K
  class space    used 4067K, committed 4352K, reserved 1048576K
}
Event: 10.677 GC heap before
{Heap before GC invocations=7 (full 0):
 garbage-first heap   total 94208K, used 74271K [0x0000000748c00000, 0x0000000800000000)
  region size 2048K, 25 young (51200K), 2 survivors (4096K)
 Metaspace       used 33593K, committed 34112K, reserved 1114112K
  class space    used 4698K, committed 4928K, reserved 1048576K
}
Event: 10.684 GC heap after
{Heap after GC invocations=8 (full 0):
 garbage-first heap   total 94208K, used 29283K [0x0000000748c00000, 0x0000000800000000)
  region size 2048K, 3 young (6144K), 3 survivors (6144K)
 Metaspace       used 33593K, committed 34112K, reserved 1114112K
  class space    used 4698K, committed 4928K, reserved 1048576K
}
Event: 12.112 GC heap before
{Heap before GC invocations=8 (full 0):
 garbage-first heap   total 94208K, used 64099K [0x0000000748c00000, 0x0000000800000000)
  region size 2048K, 22 young (45056K), 3 survivors (6144K)
 Metaspace       used 35609K, committed 36160K, reserved 1114112K
  class space    used 4896K, committed 5120K, reserved 1048576K
}
Event: 12.121 GC heap after
{Heap after GC invocations=9 (full 0):
 garbage-first heap   total 94208K, used 33921K [0x0000000748c00000, 0x0000000800000000)
  region size 2048K, 4 young (8192K), 4 survivors (8192K)
 Metaspace       used 35609K, committed 36160K, reserved 1114112K
  class space    used 4896K, committed 5120K, reserved 1048576K
}
Event: 13.823 GC heap before
{Heap before GC invocations=10 (full 0):
 garbage-first heap   total 94208K, used 78977K [0x0000000748c00000, 0x0000000800000000)
  region size 2048K, 26 young (53248K), 4 survivors (8192K)
 Metaspace       used 37174K, committed 37760K, reserved 1114112K
  class space    used 5161K, committed 5440K, reserved 1048576K
}
Event: 13.831 GC heap after
{Heap after GC invocations=11 (full 0):
 garbage-first heap   total 94208K, used 35884K [0x0000000748c00000, 0x0000000800000000)
  region size 2048K, 4 young (8192K), 4 survivors (8192K)
 Metaspace       used 37174K, committed 37760K, reserved 1114112K
  class space    used 5161K, committed 5440K, reserved 1048576K
}
Event: 16.258 GC heap before
{Heap before GC invocations=11 (full 0):
 garbage-first heap   total 94208K, used 76844K [0x0000000748c00000, 0x0000000800000000)
  region size 2048K, 24 young (49152K), 4 survivors (8192K)
 Metaspace       used 46208K, committed 46912K, reserved 1114112K
  class space    used 6425K, committed 6720K, reserved 1048576K
}
Event: 16.272 GC heap after
{Heap after GC invocations=12 (full 0):
 garbage-first heap   total 94208K, used 37705K [0x0000000748c00000, 0x0000000800000000)
  region size 2048K, 3 young (6144K), 3 survivors (6144K)
 Metaspace       used 46208K, committed 46912K, reserved 1114112K
  class space    used 6425K, committed 6720K, reserved 1048576K
}

