# JRE version: Java(TM) SE Runtime Environment (21.0.7+8) (build 21.0.7+8-LTS-245)
# Java VM: Java HotSpot(TM) 64-Bit Server VM (21.0.7+8-LTS-245, mixed mode, emulated-client, sharing, tiered, compressed oops, compressed class ptrs, g1 gc, windows-amd64)
GC Precious Log:
 CardTable entry size: 512
 Card Set container configuration: InlinePtr #cards 4 size 8 Array Of Cards #cards 16 size 48 Howl #buckets 8 coarsen threshold 3686 Howl Bitmap #cards 512 size 80 coarsen threshold 460 Card regions per heap region 1 cards per card region 4096
 CPUs: 8 total, 8 available
 Memory: 11723M
 Large Page Support: Disabled
 NUMA Support: Disabled
 Compressed Oops: Enabled (Zero based)
 Heap Region Size: 2M
 Heap Min Capacity: 8M
 Heap Initial Capacity: 184M
 Heap Max Capacity: 2932M
 Pre-touch: Disabled
 Parallel Workers: 8
 Concurrent Workers: 2
 Concurrent Refinement Workers: 8
 Periodic GC: Disabled
Heap:
 garbage-first heap   total 96256K, used 80453K [0x0000000748c00000, 0x0000000800000000)
  region size 2048K, 34 young (69632K), 4 survivors (8192K)
 Metaspace       used 25038K, committed 25472K, reserved 1114112K
  class space    used 3455K, committed 3648K, reserved 1048576K
GC Heap History (8 events):
Event: 2.852 GC heap before
{Heap before GC invocations=0 (full 0):
 garbage-first heap   total 188416K, used 20480K [0x0000000748c00000, 0x0000000800000000)
  region size 2048K, 11 young (22528K), 0 survivors (0K)
 Metaspace       used 2034K, committed 2304K, reserved 1114112K
  class space    used 250K, committed 384K, reserved 1048576K
}
Event: 3.653 GC heap after
{Heap after GC invocations=1 (full 0):
 garbage-first heap   total 188416K, used 9792K [0x0000000748c00000, 0x0000000800000000)
  region size 2048K, 2 young (4096K), 2 survivors (4096K)
 Metaspace       used 2034K, committed 2304K, reserved 1114112K
  class space    used 250K, committed 384K, reserved 1048576K
}
Event: 4.559 GC heap before
{Heap before GC invocations=1 (full 0):
 garbage-first heap   total 188416K, used 28224K [0x0000000748c00000, 0x0000000800000000)
  region size 2048K, 12 young (24576K), 2 survivors (4096K)
 Metaspace       used 5297K, committed 5504K, reserved 1114112K
  class space    used 651K, committed 704K, reserved 1048576K
}
Event: 4.568 GC heap after
{Heap after GC invocations=2 (full 0):
 garbage-first heap   total 188416K, used 14417K [0x0000000748c00000, 0x0000000800000000)
  region size 2048K, 2 young (4096K), 2 survivors (4096K)
 Metaspace       used 5297K, committed 5504K, reserved 1114112K
  class space    used 651K, committed 704K, reserved 1048576K
}
Event: 7.761 GC heap before
{Heap before GC invocations=2 (full 0):
 garbage-first heap   total 188416K, used 49233K [0x0000000748c00000, 0x0000000800000000)
  region size 2048K, 19 young (38912K), 2 survivors (4096K)
 Metaspace       used 10775K, committed 11136K, reserved 1114112K
  class space    used 1512K, committed 1664K, reserved 1048576K
}
Event: 7.802 GC heap after
{Heap after GC invocations=3 (full 0):
 garbage-first heap   total 188416K, used 17701K [0x0000000748c00000, 0x0000000800000000)
  region size 2048K, 2 young (4096K), 2 survivors (4096K)
 Metaspace       used 10775K, committed 11136K, reserved 1114112K
  class space    used 1512K, committed 1664K, reserved 1048576K
}
Event: 9.132 GC heap before
{Heap before GC invocations=3 (full 0):
 garbage-first heap   total 188416K, used 66853K [0x0000000748c00000, 0x0000000800000000)
  region size 2048K, 28 young (57344K), 2 survivors (4096K)
 Metaspace       used 21120K, committed 21504K, reserved 1114112K
  class space    used 2860K, committed 3072K, reserved 1048576K
}
Event: 9.141 GC heap after
{Heap after GC invocations=4 (full 0):
 garbage-first heap   total 188416K, used 21061K [0x0000000748c00000, 0x0000000800000000)
  region size 2048K, 4 young (8192K), 4 survivors (8192K)
 Metaspace       used 21120K, committed 21504K, reserved 1114112K
  class space    used 2860K, committed 3072K, reserved 1048576K
}

