# JRE version: Java(TM) SE Runtime Environment (21.0.7+8) (build 21.0.7+8-LTS-245)
# Java VM: Java HotSpot(TM) 64-Bit Server VM (21.0.7+8-LTS-245, mixed mode, sharing, tiered, compressed oops, compressed class ptrs, g1 gc, windows-amd64)
GC Precious Log:
 CardTable entry size: 512
 Card Set container configuration: InlinePtr #cards 4 size 8 Array Of Cards #cards 16 size 48 Howl #buckets 8 coarsen threshold 3686 Howl Bitmap #cards 512 size 80 coarsen threshold 460 Card regions per heap region 1 cards per card region 4096
 CPUs: 8 total, 8 available
 Memory: 11723M
 Large Page Support: Disabled
 NUMA Support: Disabled
 Compressed Oops: Enabled (Zero based)
 Heap Region Size: 2M
 Heap Min Capacity: 8M
 Heap Initial Capacity: 184M
 Heap Max Capacity: 2932M
 Pre-touch: Disabled
 Parallel Workers: 8
 Concurrent Workers: 2
 Concurrent Refinement Workers: 8
 Periodic GC: Disabled
Heap:
 garbage-first heap   total 133120K, used 82413K [0x0000000748c00000, 0x0000000800000000)
  region size 2048K, 8 young (16384K), 3 survivors (6144K)
 Metaspace       used 30486K, committed 31232K, reserved 1114112K
  class space    used 3334K, committed 3584K, reserved 1048576K
GC Heap History (18 events):
Event: 6.752 GC heap before
{Heap before GC invocations=0 (full 0):
 garbage-first heap   total 188416K, used 22528K [0x0000000748c00000, 0x0000000800000000)
  region size 2048K, 11 young (22528K), 0 survivors (0K)
 Metaspace       used 5607K, committed 5824K, reserved 1114112K
  class space    used 645K, committed 768K, reserved 1048576K
}
Event: 6.931 GC heap after
{Heap after GC invocations=1 (full 0):
 garbage-first heap   total 188416K, used 3840K [0x0000000748c00000, 0x0000000800000000)
  region size 2048K, 2 young (4096K), 2 survivors (4096K)
 Metaspace       used 5607K, committed 5824K, reserved 1114112K
  class space    used 645K, committed 768K, reserved 1048576K
}
Event: 12.725 GC heap before
{Heap before GC invocations=1 (full 0):
 garbage-first heap   total 188416K, used 36608K [0x0000000748c00000, 0x0000000800000000)
  region size 2048K, 18 young (36864K), 2 survivors (4096K)
 Metaspace       used 9840K, committed 10048K, reserved 1114112K
  class space    used 1152K, committed 1280K, reserved 1048576K
}
Event: 12.732 GC heap after
{Heap after GC invocations=2 (full 0):
 garbage-first heap   total 188416K, used 5513K [0x0000000748c00000, 0x0000000800000000)
  region size 2048K, 1 young (2048K), 1 survivors (2048K)
 Metaspace       used 9840K, committed 10048K, reserved 1114112K
  class space    used 1152K, committed 1280K, reserved 1048576K
}
Event: 36.523 GC heap before
{Heap before GC invocations=2 (full 0):
 garbage-first heap   total 188416K, used 114057K [0x0000000748c00000, 0x0000000800000000)
  region size 2048K, 55 young (112640K), 1 survivors (2048K)
 Metaspace       used 16463K, committed 16768K, reserved 1114112K
  class space    used 1848K, committed 1984K, reserved 1048576K
}
Event: 36.544 GC heap after
{Heap after GC invocations=3 (full 0):
 garbage-first heap   total 188416K, used 16234K [0x0000000748c00000, 0x0000000800000000)
  region size 2048K, 7 young (14336K), 7 survivors (14336K)
 Metaspace       used 16463K, committed 16768K, reserved 1114112K
  class space    used 1848K, committed 1984K, reserved 1048576K
}
Event: 51.868 GC heap before
{Heap before GC invocations=3 (full 0):
 garbage-first heap   total 188416K, used 153450K [0x0000000748c00000, 0x0000000800000000)
  region size 2048K, 55 young (112640K), 7 survivors (14336K)
 Metaspace       used 20690K, committed 20992K, reserved 1114112K
  class space    used 2296K, committed 2432K, reserved 1048576K
}
Event: 51.891 GC heap after
{Heap after GC invocations=4 (full 0):
 garbage-first heap   total 188416K, used 29570K [0x0000000748c00000, 0x0000000800000000)
  region size 2048K, 4 young (8192K), 4 survivors (8192K)
 Metaspace       used 20690K, committed 20992K, reserved 1114112K
  class space    used 2296K, committed 2432K, reserved 1048576K
}
Event: 52.191 GC heap before
{Heap before GC invocations=4 (full 0):
 garbage-first heap   total 188416K, used 33666K [0x0000000748c00000, 0x0000000800000000)
  region size 2048K, 7 young (14336K), 4 survivors (8192K)
 Metaspace       used 21197K, committed 21504K, reserved 1114112K
  class space    used 2360K, committed 2496K, reserved 1048576K
}
Event: 52.212 GC heap after
{Heap after GC invocations=5 (full 0):
 garbage-first heap   total 188416K, used 27370K [0x0000000748c00000, 0x0000000800000000)
  region size 2048K, 5 young (10240K), 5 survivors (10240K)
 Metaspace       used 21197K, committed 21504K, reserved 1114112K
  class space    used 2360K, committed 2496K, reserved 1048576K
}
Event: 71.850 GC heap before
{Heap before GC invocations=6 (full 0):
 garbage-first heap   total 110592K, used 101098K [0x0000000748c00000, 0x0000000800000000)
  region size 2048K, 41 young (83968K), 5 survivors (10240K)
 Metaspace       used 28369K, committed 28800K, reserved 1114112K
  class space    used 3116K, committed 3328K, reserved 1048576K
}
Event: 71.890 GC heap after
{Heap after GC invocations=7 (full 0):
 garbage-first heap   total 131072K, used 45184K [0x0000000748c00000, 0x0000000800000000)
  region size 2048K, 6 young (12288K), 6 survivors (12288K)
 Metaspace       used 28369K, committed 28800K, reserved 1114112K
  class space    used 3116K, committed 3328K, reserved 1048576K
}
Event: 84.785 GC heap before
{Heap before GC invocations=7 (full 0):
 garbage-first heap   total 131072K, used 86144K [0x0000000748c00000, 0x0000000800000000)
  region size 2048K, 26 young (53248K), 6 survivors (12288K)
 Metaspace       used 30765K, committed 31232K, reserved 1114112K
  class space    used 3377K, committed 3584K, reserved 1048576K
}
Event: 84.806 GC heap after
{Heap after GC invocations=8 (full 0):
 garbage-first heap   total 131072K, used 47872K [0x0000000748c00000, 0x0000000800000000)
  region size 2048K, 3 young (6144K), 3 survivors (6144K)
 Metaspace       used 30765K, committed 31232K, reserved 1114112K
  class space    used 3377K, committed 3584K, reserved 1048576K
}
Event: 92.770 GC heap before
{Heap before GC invocations=8 (full 0):
 garbage-first heap   total 131072K, used 94976K [0x0000000748c00000, 0x0000000800000000)
  region size 2048K, 24 young (49152K), 3 survivors (6144K)
 Metaspace       used 30852K, committed 31296K, reserved 1114112K
  class space    used 3378K, committed 3584K, reserved 1048576K
}
Event: 92.790 GC heap after
{Heap after GC invocations=9 (full 0):
 garbage-first heap   total 131072K, used 65208K [0x0000000748c00000, 0x0000000800000000)
  region size 2048K, 3 young (6144K), 3 survivors (6144K)
 Metaspace       used 30852K, committed 31296K, reserved 1114112K
  class space    used 3378K, committed 3584K, reserved 1048576K
}
Event: 97.543 GC heap before
{Heap before GC invocations=9 (full 0):
 garbage-first heap   total 131072K, used 85688K [0x0000000748c00000, 0x0000000800000000)
  region size 2048K, 14 young (28672K), 3 survivors (6144K)
 Metaspace       used 30859K, committed 31296K, reserved 1114112K
  class space    used 3378K, committed 3584K, reserved 1048576K
}
Event: 97.556 GC heap after
{Heap after GC invocations=10 (full 0):
 garbage-first heap   total 131072K, used 72173K [0x0000000748c00000, 0x0000000800000000)
  region size 2048K, 3 young (6144K), 3 survivors (6144K)
 Metaspace       used 30859K, committed 31296K, reserved 1114112K
  class space    used 3378K, committed 3584K, reserved 1048576K
}

