# JRE version: Java(TM) SE Runtime Environment (21.0.7+8) (build 21.0.7+8-LTS-245)
# Java VM: Java HotSpot(TM) 64-Bit Server VM (21.0.7+8-LTS-245, mixed mode, sharing, tiered, compressed oops, compressed class ptrs, g1 gc, windows-amd64)
GC Precious Log:
 CardTable entry size: 512
 Card Set container configuration: InlinePtr #cards 4 size 8 Array Of Cards #cards 16 size 48 Howl #buckets 8 coarsen threshold 3686 Howl Bitmap #cards 512 size 80 coarsen threshold 460 Card regions per heap region 1 cards per card region 4096
 CPUs: 8 total, 8 available
 Memory: 11723M
 Large Page Support: Disabled
 NUMA Support: Disabled
 Compressed Oops: Enabled (Zero based)
 Heap Region Size: 2M
 Heap Min Capacity: 8M
 Heap Initial Capacity: 184M
 Heap Max Capacity: 2932M
 Pre-touch: Disabled
 Parallel Workers: 8
 Concurrent Workers: 2
 Concurrent Refinement Workers: 8
 Periodic GC: Disabled
Heap:
 garbage-first heap   total 137216K, used 98510K [0x0000000748c00000, 0x0000000800000000)
  region size 2048K, 13 young (26624K), 1 survivors (2048K)
 Metaspace       used 30650K, committed 31360K, reserved 1114112K
  class space    used 3341K, committed 3584K, reserved 1048576K
GC Heap History (18 events):
Event: 4.729 GC heap before
{Heap before GC invocations=0 (full 0):
 garbage-first heap   total 188416K, used 22528K [0x0000000748c00000, 0x0000000800000000)
  region size 2048K, 11 young (22528K), 0 survivors (0K)
 Metaspace       used 5624K, committed 5824K, reserved 1114112K
  class space    used 647K, committed 768K, reserved 1048576K
}
Event: 4.751 GC heap after
{Heap after GC invocations=1 (full 0):
 garbage-first heap   total 188416K, used 3904K [0x0000000748c00000, 0x0000000800000000)
  region size 2048K, 2 young (4096K), 2 survivors (4096K)
 Metaspace       used 5624K, committed 5824K, reserved 1114112K
  class space    used 647K, committed 768K, reserved 1048576K
}
Event: 7.442 GC heap before
{Heap before GC invocations=1 (full 0):
 garbage-first heap   total 188416K, used 34624K [0x0000000748c00000, 0x0000000800000000)
  region size 2048K, 17 young (34816K), 2 survivors (4096K)
 Metaspace       used 9721K, committed 9920K, reserved 1114112K
  class space    used 1141K, committed 1216K, reserved 1048576K
}
Event: 7.453 GC heap after
{Heap after GC invocations=2 (full 0):
 garbage-first heap   total 188416K, used 5308K [0x0000000748c00000, 0x0000000800000000)
  region size 2048K, 1 young (2048K), 1 survivors (2048K)
 Metaspace       used 9721K, committed 9920K, reserved 1114112K
  class space    used 1141K, committed 1216K, reserved 1048576K
}
Event: 14.288 GC heap before
{Heap before GC invocations=2 (full 0):
 garbage-first heap   total 188416K, used 115900K [0x0000000748c00000, 0x0000000800000000)
  region size 2048K, 55 young (112640K), 1 survivors (2048K)
 Metaspace       used 16548K, committed 16832K, reserved 1114112K
  class space    used 1852K, committed 1984K, reserved 1048576K
}
Event: 14.311 GC heap after
{Heap after GC invocations=3 (full 0):
 garbage-first heap   total 188416K, used 16324K [0x0000000748c00000, 0x0000000800000000)
  region size 2048K, 7 young (14336K), 7 survivors (14336K)
 Metaspace       used 16548K, committed 16832K, reserved 1114112K
  class space    used 1852K, committed 1984K, reserved 1048576K
}
Event: 20.791 GC heap before
{Heap before GC invocations=3 (full 0):
 garbage-first heap   total 188416K, used 155588K [0x0000000748c00000, 0x0000000800000000)
  region size 2048K, 55 young (112640K), 7 survivors (14336K)
 Metaspace       used 20754K, committed 21056K, reserved 1114112K
  class space    used 2301K, committed 2432K, reserved 1048576K
}
Event: 20.816 GC heap after
{Heap after GC invocations=4 (full 0):
 garbage-first heap   total 188416K, used 28466K [0x0000000748c00000, 0x0000000800000000)
  region size 2048K, 3 young (6144K), 3 survivors (6144K)
 Metaspace       used 20754K, committed 21056K, reserved 1114112K
  class space    used 2301K, committed 2432K, reserved 1048576K
}
Event: 20.933 GC heap before
{Heap before GC invocations=4 (full 0):
 garbage-first heap   total 188416K, used 34610K [0x0000000748c00000, 0x0000000800000000)
  region size 2048K, 7 young (14336K), 3 survivors (6144K)
 Metaspace       used 21226K, committed 21504K, reserved 1114112K
  class space    used 2355K, committed 2496K, reserved 1048576K
}
Event: 20.942 GC heap after
{Heap after GC invocations=5 (full 0):
 garbage-first heap   total 188416K, used 27937K [0x0000000748c00000, 0x0000000800000000)
  region size 2048K, 5 young (10240K), 5 survivors (10240K)
 Metaspace       used 21226K, committed 21504K, reserved 1114112K
  class space    used 2355K, committed 2496K, reserved 1048576K
}
Event: 32.569 GC heap before
{Heap before GC invocations=6 (full 0):
 garbage-first heap   total 110592K, used 107809K [0x0000000748c00000, 0x0000000800000000)
  region size 2048K, 44 young (90112K), 5 survivors (10240K)
 Metaspace       used 28633K, committed 29056K, reserved 1114112K
  class space    used 3132K, committed 3328K, reserved 1048576K
}
Event: 32.614 GC heap after
{Heap after GC invocations=7 (full 0):
 garbage-first heap   total 137216K, used 45501K [0x0000000748c00000, 0x0000000800000000)
  region size 2048K, 6 young (12288K), 6 survivors (12288K)
 Metaspace       used 28633K, committed 29056K, reserved 1114112K
  class space    used 3132K, committed 3328K, reserved 1048576K
}
Event: 48.136 GC heap before
{Heap before GC invocations=7 (full 0):
 garbage-first heap   total 137216K, used 100797K [0x0000000748c00000, 0x0000000800000000)
  region size 2048K, 31 young (63488K), 6 survivors (12288K)
 Metaspace       used 30878K, committed 31360K, reserved 1114112K
  class space    used 3378K, committed 3584K, reserved 1048576K
}
Event: 48.166 GC heap after
{Heap after GC invocations=8 (full 0):
 garbage-first heap   total 137216K, used 54908K [0x0000000748c00000, 0x0000000800000000)
  region size 2048K, 4 young (8192K), 4 survivors (8192K)
 Metaspace       used 30878K, committed 31360K, reserved 1114112K
  class space    used 3378K, committed 3584K, reserved 1048576K
}
Event: 53.390 GC heap before
{Heap before GC invocations=8 (full 0):
 garbage-first heap   total 137216K, used 102012K [0x0000000748c00000, 0x0000000800000000)
  region size 2048K, 27 young (55296K), 4 survivors (8192K)
 Metaspace       used 30896K, committed 31360K, reserved 1114112K
  class space    used 3378K, committed 3584K, reserved 1048576K
}
Event: 53.414 GC heap after
{Heap after GC invocations=9 (full 0):
 garbage-first heap   total 137216K, used 71258K [0x0000000748c00000, 0x0000000800000000)
  region size 2048K, 4 young (8192K), 4 survivors (8192K)
 Metaspace       used 30896K, committed 31360K, reserved 1114112K
  class space    used 3378K, committed 3584K, reserved 1048576K
}
Event: 53.780 GC heap before
{Heap before GC invocations=9 (full 0):
 garbage-first heap   total 137216K, used 71258K [0x0000000748c00000, 0x0000000800000000)
  region size 2048K, 5 young (10240K), 4 survivors (8192K)
 Metaspace       used 30896K, committed 31360K, reserved 1114112K
  class space    used 3378K, committed 3584K, reserved 1048576K
}
Event: 53.788 GC heap after
{Heap after GC invocations=10 (full 0):
 garbage-first heap   total 137216K, used 73934K [0x0000000748c00000, 0x0000000800000000)
  region size 2048K, 1 young (2048K), 1 survivors (2048K)
 Metaspace       used 30896K, committed 31360K, reserved 1114112K
  class space    used 3378K, committed 3584K, reserved 1048576K
}

