# JRE version: Java(TM) SE Runtime Environment (21.0.7+8) (build 21.0.7+8-LTS-245)
# Java VM: Java HotSpot(TM) 64-Bit Server VM (21.0.7+8-LTS-245, mixed mode, emulated-client, sharing, tiered, compressed oops, compressed class ptrs, g1 gc, windows-amd64)
GC Precious Log:
 CardTable entry size: 512
 Card Set container configuration: InlinePtr #cards 4 size 8 Array Of Cards #cards 16 size 48 Howl #buckets 8 coarsen threshold 3686 Howl Bitmap #cards 512 size 80 coarsen threshold 460 Card regions per heap region 1 cards per card region 4096
 CPUs: 8 total, 8 available
 Memory: 11723M
 Large Page Support: Disabled
 NUMA Support: Disabled
 Compressed Oops: Enabled (Zero based)
 Heap Region Size: 2M
 Heap Min Capacity: 8M
 Heap Initial Capacity: 184M
 Heap Max Capacity: 2932M
 Pre-touch: Disabled
 Parallel Workers: 8
 Concurrent Workers: 2
 Concurrent Refinement Workers: 8
 Periodic GC: Disabled
Heap:
 garbage-first heap   total 69632K, used 50030K [0x0000000748c00000, 0x0000000800000000)
  region size 2048K, 15 young (30720K), 3 survivors (6144K)
 Metaspace       used 59685K, committed 60352K, reserved 1114112K
  class space    used 8561K, committed 8896K, reserved 1048576K
GC Heap History (20 events):
Event: 3.564 GC heap before
{Heap before GC invocations=0 (full 0):
 garbage-first heap   total 188416K, used 20480K [0x0000000748c00000, 0x0000000800000000)
  region size 2048K, 11 young (22528K), 0 survivors (0K)
 Metaspace       used 4317K, committed 4544K, reserved 1114112K
  class space    used 563K, committed 640K, reserved 1048576K
}
Event: 3.631 GC heap after
{Heap after GC invocations=1 (full 0):
 garbage-first heap   total 188416K, used 7040K [0x0000000748c00000, 0x0000000800000000)
  region size 2048K, 2 young (4096K), 2 survivors (4096K)
 Metaspace       used 4317K, committed 4544K, reserved 1114112K
  class space    used 563K, committed 640K, reserved 1048576K
}
Event: 7.685 GC heap before
{Heap before GC invocations=1 (full 0):
 garbage-first heap   total 188416K, used 29568K [0x0000000748c00000, 0x0000000800000000)
  region size 2048K, 14 young (28672K), 2 survivors (4096K)
 Metaspace       used 10169K, committed 10560K, reserved 1114112K
  class space    used 1380K, committed 1536K, reserved 1048576K
}
Event: 7.693 GC heap after
{Heap after GC invocations=2 (full 0):
 garbage-first heap   total 188416K, used 9206K [0x0000000748c00000, 0x0000000800000000)
  region size 2048K, 1 young (2048K), 1 survivors (2048K)
 Metaspace       used 10169K, committed 10560K, reserved 1114112K
  class space    used 1380K, committed 1536K, reserved 1048576K
}
Event: 14.170 GC heap before
{Heap before GC invocations=2 (full 0):
 garbage-first heap   total 188416K, used 54262K [0x0000000748c00000, 0x0000000800000000)
  region size 2048K, 25 young (51200K), 1 survivors (2048K)
 Metaspace       used 17694K, committed 18048K, reserved 1114112K
  class space    used 2366K, committed 2496K, reserved 1048576K
}
Event: 14.182 GC heap after
{Heap after GC invocations=3 (full 0):
 garbage-first heap   total 188416K, used 14448K [0x0000000748c00000, 0x0000000800000000)
  region size 2048K, 4 young (8192K), 4 survivors (8192K)
 Metaspace       used 17694K, committed 18048K, reserved 1114112K
  class space    used 2366K, committed 2496K, reserved 1048576K
}
Event: 19.460 GC heap before
{Heap before GC invocations=4 (full 0):
 garbage-first heap   total 69632K, used 47216K [0x0000000748c00000, 0x0000000800000000)
  region size 2048K, 20 young (40960K), 4 survivors (8192K)
 Metaspace       used 20408K, committed 20800K, reserved 1114112K
  class space    used 2801K, committed 2944K, reserved 1048576K
}
Event: 19.477 GC heap after
{Heap after GC invocations=5 (full 0):
 garbage-first heap   total 69632K, used 16106K [0x0000000748c00000, 0x0000000800000000)
  region size 2048K, 2 young (4096K), 2 survivors (4096K)
 Metaspace       used 20408K, committed 20800K, reserved 1114112K
  class space    used 2801K, committed 2944K, reserved 1048576K
}
Event: 26.541 GC heap before
{Heap before GC invocations=5 (full 0):
 garbage-first heap   total 69632K, used 46826K [0x0000000748c00000, 0x0000000800000000)
  region size 2048K, 18 young (36864K), 2 survivors (4096K)
 Metaspace       used 25245K, committed 25728K, reserved 1114112K
  class space    used 3544K, committed 3776K, reserved 1048576K
}
Event: 26.559 GC heap after
{Heap after GC invocations=6 (full 0):
 garbage-first heap   total 69632K, used 20001K [0x0000000748c00000, 0x0000000800000000)
  region size 2048K, 3 young (6144K), 3 survivors (6144K)
 Metaspace       used 25245K, committed 25728K, reserved 1114112K
  class space    used 3544K, committed 3776K, reserved 1048576K
}
Event: 35.596 GC heap before
{Heap before GC invocations=6 (full 0):
 garbage-first heap   total 69632K, used 42529K [0x0000000748c00000, 0x0000000800000000)
  region size 2048K, 15 young (30720K), 3 survivors (6144K)
 Metaspace       used 29567K, committed 30080K, reserved 1114112K
  class space    used 4117K, committed 4352K, reserved 1048576K
}
Event: 35.606 GC heap after
{Heap after GC invocations=7 (full 0):
 garbage-first heap   total 69632K, used 21889K [0x0000000748c00000, 0x0000000800000000)
  region size 2048K, 2 young (4096K), 2 survivors (4096K)
 Metaspace       used 29567K, committed 30080K, reserved 1114112K
  class space    used 4117K, committed 4352K, reserved 1048576K
}
Event: 42.755 GC heap before
{Heap before GC invocations=8 (full 0):
 garbage-first heap   total 69632K, used 52609K [0x0000000748c00000, 0x0000000800000000)
  region size 2048K, 17 young (34816K), 2 survivors (4096K)
 Metaspace       used 37215K, committed 37760K, reserved 1114112K
  class space    used 5197K, committed 5440K, reserved 1048576K
}
Event: 42.776 GC heap after
{Heap after GC invocations=9 (full 0):
 garbage-first heap   total 69632K, used 23379K [0x0000000748c00000, 0x0000000800000000)
  region size 2048K, 2 young (4096K), 2 survivors (4096K)
 Metaspace       used 37215K, committed 37760K, reserved 1114112K
  class space    used 5197K, committed 5440K, reserved 1048576K
}
Event: 46.262 GC heap before
{Heap before GC invocations=9 (full 0):
 garbage-first heap   total 69632K, used 54099K [0x0000000748c00000, 0x0000000800000000)
  region size 2048K, 18 young (36864K), 2 survivors (4096K)
 Metaspace       used 44627K, committed 45184K, reserved 1114112K
  class space    used 6199K, committed 6464K, reserved 1048576K
}
Event: 46.269 GC heap after
{Heap after GC invocations=10 (full 0):
 garbage-first heap   total 69632K, used 24359K [0x0000000748c00000, 0x0000000800000000)
  region size 2048K, 2 young (4096K), 2 survivors (4096K)
 Metaspace       used 44627K, committed 45184K, reserved 1114112K
  class space    used 6199K, committed 6464K, reserved 1048576K
}
Event: 49.392 GC heap before
{Heap before GC invocations=10 (full 0):
 garbage-first heap   total 69632K, used 40743K [0x0000000748c00000, 0x0000000800000000)
  region size 2048K, 12 young (24576K), 2 survivors (4096K)
 Metaspace       used 49964K, committed 50496K, reserved 1114112K
  class space    used 7104K, committed 7360K, reserved 1048576K
}
Event: 49.398 GC heap after
{Heap after GC invocations=11 (full 0):
 garbage-first heap   total 69632K, used 24909K [0x0000000748c00000, 0x0000000800000000)
  region size 2048K, 2 young (4096K), 2 survivors (4096K)
 Metaspace       used 49964K, committed 50496K, reserved 1114112K
  class space    used 7104K, committed 7360K, reserved 1048576K
}
Event: 53.841 GC heap before
{Heap before GC invocations=12 (full 0):
 garbage-first heap   total 69632K, used 57677K [0x0000000748c00000, 0x0000000800000000)
  region size 2048K, 18 young (36864K), 2 survivors (4096K)
 Metaspace       used 56555K, committed 57152K, reserved 1114112K
  class space    used 8080K, committed 8320K, reserved 1048576K
}
Event: 53.848 GC heap after
{Heap after GC invocations=13 (full 0):
 garbage-first heap   total 69632K, used 27502K [0x0000000748c00000, 0x0000000800000000)
  region size 2048K, 3 young (6144K), 3 survivors (6144K)
 Metaspace       used 56555K, committed 57152K, reserved 1114112K
  class space    used 8080K, committed 8320K, reserved 1048576K
}

