# JRE version: Java(TM) SE Runtime Environment (21.0.7+8) (build 21.0.7+8-LTS-245)
# Java VM: Java HotSpot(TM) 64-Bit Server VM (21.0.7+8-LTS-245, mixed mode, emulated-client, sharing, tiered, compressed oops, compressed class ptrs, g1 gc, windows-amd64)
GC Precious Log:
 CardTable entry size: 512
 Card Set container configuration: InlinePtr #cards 4 size 8 Array Of Cards #cards 16 size 48 Howl #buckets 8 coarsen threshold 3686 Howl Bitmap #cards 512 size 80 coarsen threshold 460 Card regions per heap region 1 cards per card region 4096
 CPUs: 8 total, 8 available
 Memory: 11723M
 Large Page Support: Disabled
 NUMA Support: Disabled
 Compressed Oops: Enabled (Zero based)
 Heap Region Size: 2M
 Heap Min Capacity: 8M
 Heap Initial Capacity: 184M
 Heap Max Capacity: 2932M
 Pre-touch: Disabled
 Parallel Workers: 8
 Concurrent Workers: 2
 Concurrent Refinement Workers: 8
 Periodic GC: Disabled
Heap:
 garbage-first heap   total 71680K, used 19676K [0x0000000748c00000, 0x0000000800000000)
  region size 2048K, 7 young (14336K), 5 survivors (10240K)
 Metaspace       used 22125K, committed 22528K, reserved 1114112K
  class space    used 3061K, committed 3264K, reserved 1048576K
GC Heap History (8 events):
Event: 2.616 GC heap before
{Heap before GC invocations=0 (full 0):
 garbage-first heap   total 188416K, used 20480K [0x0000000748c00000, 0x0000000800000000)
  region size 2048K, 11 young (22528K), 0 survivors (0K)
 Metaspace       used 4290K, committed 4480K, reserved 1114112K
  class space    used 555K, committed 640K, reserved 1048576K
}
Event: 2.955 GC heap after
{Heap after GC invocations=1 (full 0):
 garbage-first heap   total 188416K, used 7251K [0x0000000748c00000, 0x0000000800000000)
  region size 2048K, 2 young (4096K), 2 survivors (4096K)
 Metaspace       used 4290K, committed 4480K, reserved 1114112K
  class space    used 555K, committed 640K, reserved 1048576K
}
Event: 5.398 GC heap before
{Heap before GC invocations=1 (full 0):
 garbage-first heap   total 188416K, used 29779K [0x0000000748c00000, 0x0000000800000000)
  region size 2048K, 14 young (28672K), 2 survivors (4096K)
 Metaspace       used 10256K, committed 10624K, reserved 1114112K
  class space    used 1389K, committed 1536K, reserved 1048576K
}
Event: 5.405 GC heap after
{Heap after GC invocations=2 (full 0):
 garbage-first heap   total 188416K, used 9305K [0x0000000748c00000, 0x0000000800000000)
  region size 2048K, 1 young (2048K), 1 survivors (2048K)
 Metaspace       used 10256K, committed 10624K, reserved 1114112K
  class space    used 1389K, committed 1536K, reserved 1048576K
}
Event: 8.894 GC heap before
{Heap before GC invocations=2 (full 0):
 garbage-first heap   total 188416K, used 54361K [0x0000000748c00000, 0x0000000800000000)
  region size 2048K, 25 young (51200K), 1 survivors (2048K)
 Metaspace       used 17693K, committed 18048K, reserved 1114112K
  class space    used 2364K, committed 2496K, reserved 1048576K
}
Event: 8.906 GC heap after
{Heap after GC invocations=3 (full 0):
 garbage-first heap   total 188416K, used 14688K [0x0000000748c00000, 0x0000000800000000)
  region size 2048K, 4 young (8192K), 4 survivors (8192K)
 Metaspace       used 17693K, committed 18048K, reserved 1114112K
  class space    used 2364K, committed 2496K, reserved 1048576K
}
Event: 13.208 GC heap before
{Heap before GC invocations=4 (full 0):
 garbage-first heap   total 61440K, used 59744K [0x0000000748c00000, 0x0000000800000000)
  region size 2048K, 26 young (53248K), 4 survivors (8192K)
 Metaspace       used 22032K, committed 22464K, reserved 1114112K
  class space    used 3046K, committed 3264K, reserved 1048576K
}
Event: 13.226 GC heap after
{Heap after GC invocations=5 (full 0):
 garbage-first heap   total 71680K, used 17628K [0x0000000748c00000, 0x0000000800000000)
  region size 2048K, 5 young (10240K), 5 survivors (10240K)
 Metaspace       used 22032K, committed 22464K, reserved 1114112K
  class space    used 3046K, committed 3264K, reserved 1048576K
}

