# JRE version: Java(TM) SE Runtime Environment (21.0.7+8) (build 21.0.7+8-LTS-245)
# Java VM: Java HotSpot(TM) 64-Bit Server VM (21.0.7+8-LTS-245, mixed mode, emulated-client, sharing, tiered, compressed oops, compressed class ptrs, g1 gc, windows-amd64)
GC Precious Log:
 CardTable entry size: 512
 Card Set container configuration: InlinePtr #cards 4 size 8 Array Of Cards #cards 16 size 48 Howl #buckets 8 coarsen threshold 3686 Howl Bitmap #cards 512 size 80 coarsen threshold 460 Card regions per heap region 1 cards per card region 4096
 CPUs: 8 total, 8 available
 Memory: 11723M
 Large Page Support: Disabled
 NUMA Support: Disabled
 Compressed Oops: Enabled (Zero based)
 Heap Region Size: 2M
 Heap Min Capacity: 8M
 Heap Initial Capacity: 184M
 Heap Max Capacity: 2932M
 Pre-touch: Disabled
 Parallel Workers: 8
 Concurrent Workers: 2
 Concurrent Refinement Workers: 8
 Periodic GC: Disabled
Heap:
 garbage-first heap   total 69632K, used 52154K [0x0000000748c00000, 0x0000000800000000)
  region size 2048K, 16 young (32768K), 3 survivors (6144K)
 Metaspace       used 59428K, committed 60160K, reserved 1114112K
  class space    used 8523K, committed 8896K, reserved 1048576K
GC Heap History (20 events):
Event: 3.083 GC heap before
{Heap before GC invocations=0 (full 0):
 garbage-first heap   total 188416K, used 20480K [0x0000000748c00000, 0x0000000800000000)
  region size 2048K, 11 young (22528K), 0 survivors (0K)
 Metaspace       used 4231K, committed 4416K, reserved 1114112K
  class space    used 546K, committed 640K, reserved 1048576K
}
Event: 3.202 GC heap after
{Heap after GC invocations=1 (full 0):
 garbage-first heap   total 188416K, used 7552K [0x0000000748c00000, 0x0000000800000000)
  region size 2048K, 2 young (4096K), 2 survivors (4096K)
 Metaspace       used 4231K, committed 4416K, reserved 1114112K
  class space    used 546K, committed 640K, reserved 1048576K
}
Event: 8.053 GC heap before
{Heap before GC invocations=1 (full 0):
 garbage-first heap   total 188416K, used 32128K [0x0000000748c00000, 0x0000000800000000)
  region size 2048K, 15 young (30720K), 2 survivors (4096K)
 Metaspace       used 10365K, committed 10688K, reserved 1114112K
  class space    used 1407K, committed 1536K, reserved 1048576K
}
Event: 8.061 GC heap after
{Heap after GC invocations=2 (full 0):
 garbage-first heap   total 188416K, used 9766K [0x0000000748c00000, 0x0000000800000000)
  region size 2048K, 2 young (4096K), 2 survivors (4096K)
 Metaspace       used 10365K, committed 10688K, reserved 1114112K
  class space    used 1407K, committed 1536K, reserved 1048576K
}
Event: 13.054 GC heap before
{Heap before GC invocations=2 (full 0):
 garbage-first heap   total 188416K, used 54822K [0x0000000748c00000, 0x0000000800000000)
  region size 2048K, 25 young (51200K), 2 survivors (4096K)
 Metaspace       used 17694K, committed 18048K, reserved 1114112K
  class space    used 2366K, committed 2496K, reserved 1048576K
}
Event: 13.066 GC heap after
{Heap after GC invocations=3 (full 0):
 garbage-first heap   total 188416K, used 14582K [0x0000000748c00000, 0x0000000800000000)
  region size 2048K, 4 young (8192K), 4 survivors (8192K)
 Metaspace       used 17694K, committed 18048K, reserved 1114112K
  class space    used 2366K, committed 2496K, reserved 1048576K
}
Event: 17.238 GC heap before
{Heap before GC invocations=4 (full 0):
 garbage-first heap   total 69632K, used 47350K [0x0000000748c00000, 0x0000000800000000)
  region size 2048K, 20 young (40960K), 4 survivors (8192K)
 Metaspace       used 20407K, committed 20800K, reserved 1114112K
  class space    used 2800K, committed 2944K, reserved 1048576K
}
Event: 17.254 GC heap after
{Heap after GC invocations=5 (full 0):
 garbage-first heap   total 69632K, used 16195K [0x0000000748c00000, 0x0000000800000000)
  region size 2048K, 2 young (4096K), 2 survivors (4096K)
 Metaspace       used 20407K, committed 20800K, reserved 1114112K
  class space    used 2800K, committed 2944K, reserved 1048576K
}
Event: 25.120 GC heap before
{Heap before GC invocations=5 (full 0):
 garbage-first heap   total 69632K, used 48963K [0x0000000748c00000, 0x0000000800000000)
  region size 2048K, 19 young (38912K), 2 survivors (4096K)
 Metaspace       used 25750K, committed 26240K, reserved 1114112K
  class space    used 3590K, committed 3840K, reserved 1048576K
}
Event: 25.138 GC heap after
{Heap after GC invocations=6 (full 0):
 garbage-first heap   total 69632K, used 19945K [0x0000000748c00000, 0x0000000800000000)
  region size 2048K, 3 young (6144K), 3 survivors (6144K)
 Metaspace       used 25750K, committed 26240K, reserved 1114112K
  class space    used 3590K, committed 3840K, reserved 1048576K
}
Event: 33.982 GC heap before
{Heap before GC invocations=6 (full 0):
 garbage-first heap   total 69632K, used 40425K [0x0000000748c00000, 0x0000000800000000)
  region size 2048K, 14 young (28672K), 3 survivors (6144K)
 Metaspace       used 29566K, committed 30080K, reserved 1114112K
  class space    used 4116K, committed 4352K, reserved 1048576K
}
Event: 33.995 GC heap after
{Heap after GC invocations=7 (full 0):
 garbage-first heap   total 69632K, used 22036K [0x0000000748c00000, 0x0000000800000000)
  region size 2048K, 2 young (4096K), 2 survivors (4096K)
 Metaspace       used 29566K, committed 30080K, reserved 1114112K
  class space    used 4116K, committed 4352K, reserved 1048576K
}
Event: 44.592 GC heap before
{Heap before GC invocations=8 (full 0):
 garbage-first heap   total 69632K, used 52756K [0x0000000748c00000, 0x0000000800000000)
  region size 2048K, 18 young (36864K), 2 survivors (4096K)
 Metaspace       used 37433K, committed 38016K, reserved 1114112K
  class space    used 5228K, committed 5504K, reserved 1048576K
}
Event: 44.597 GC heap after
{Heap after GC invocations=9 (full 0):
 garbage-first heap   total 69632K, used 23467K [0x0000000748c00000, 0x0000000800000000)
  region size 2048K, 2 young (4096K), 2 survivors (4096K)
 Metaspace       used 37433K, committed 38016K, reserved 1114112K
  class space    used 5228K, committed 5504K, reserved 1048576K
}
Event: 52.410 GC heap before
{Heap before GC invocations=9 (full 0):
 garbage-first heap   total 69632K, used 54187K [0x0000000748c00000, 0x0000000800000000)
  region size 2048K, 18 young (36864K), 2 survivors (4096K)
 Metaspace       used 44837K, committed 45440K, reserved 1114112K
  class space    used 6241K, committed 6528K, reserved 1048576K
}
Event: 52.435 GC heap after
{Heap after GC invocations=10 (full 0):
 garbage-first heap   total 69632K, used 24313K [0x0000000748c00000, 0x0000000800000000)
  region size 2048K, 2 young (4096K), 2 survivors (4096K)
 Metaspace       used 44837K, committed 45440K, reserved 1114112K
  class space    used 6241K, committed 6528K, reserved 1048576K
}
Event: 56.610 GC heap before
{Heap before GC invocations=10 (full 0):
 garbage-first heap   total 69632K, used 42745K [0x0000000748c00000, 0x0000000800000000)
  region size 2048K, 12 young (24576K), 2 survivors (4096K)
 Metaspace       used 49933K, committed 50496K, reserved 1114112K
  class space    used 7103K, committed 7360K, reserved 1048576K
}
Event: 56.616 GC heap after
{Heap after GC invocations=11 (full 0):
 garbage-first heap   total 69632K, used 25188K [0x0000000748c00000, 0x0000000800000000)
  region size 2048K, 2 young (4096K), 2 survivors (4096K)
 Metaspace       used 49933K, committed 50496K, reserved 1114112K
  class space    used 7103K, committed 7360K, reserved 1048576K
}
Event: 61.914 GC heap before
{Heap before GC invocations=12 (full 0):
 garbage-first heap   total 69632K, used 55908K [0x0000000748c00000, 0x0000000800000000)
  region size 2048K, 17 young (34816K), 2 survivors (4096K)
 Metaspace       used 55831K, committed 56448K, reserved 1114112K
  class space    used 7976K, committed 8256K, reserved 1048576K
}
Event: 61.919 GC heap after
{Heap after GC invocations=13 (full 0):
 garbage-first heap   total 69632K, used 27578K [0x0000000748c00000, 0x0000000800000000)
  region size 2048K, 3 young (6144K), 3 survivors (6144K)
 Metaspace       used 55831K, committed 56448K, reserved 1114112K
  class space    used 7976K, committed 8256K, reserved 1048576K
}

