# JRE version: Java(TM) SE Runtime Environment (21.0.7+8) (build 21.0.7+8-LTS-245)
# Java VM: Java HotSpot(TM) 64-Bit Server VM (21.0.7+8-LTS-245, mixed mode, emulated-client, sharing, tiered, compressed oops, compressed class ptrs, g1 gc, windows-amd64)
GC Precious Log:
 CardTable entry size: 512
 Card Set container configuration: InlinePtr #cards 4 size 8 Array Of Cards #cards 16 size 48 Howl #buckets 8 coarsen threshold 3686 Howl Bitmap #cards 512 size 80 coarsen threshold 460 Card regions per heap region 1 cards per card region 4096
 CPUs: 8 total, 8 available
 Memory: 11723M
 Large Page Support: Disabled
 NUMA Support: Disabled
 Compressed Oops: Enabled (Zero based)
 Heap Region Size: 2M
 Heap Min Capacity: 8M
 Heap Initial Capacity: 184M
 Heap Max Capacity: 2932M
 Pre-touch: Disabled
 Parallel Workers: 8
 Concurrent Workers: 2
 Concurrent Refinement Workers: 8
 Periodic GC: Disabled
Heap:
 garbage-first heap   total 75776K, used 36510K [0x0000000748c00000, 0x0000000800000000)
  region size 2048K, 5 young (10240K), 1 survivors (2048K)
 Metaspace       used 60142K, committed 60800K, reserved 1114112K
  class space    used 8643K, committed 8960K, reserved 1048576K
GC Heap History (20 events):
Event: 3.725 GC heap before
{Heap before GC invocations=0 (full 0):
 garbage-first heap   total 188416K, used 20480K [0x0000000748c00000, 0x0000000800000000)
  region size 2048K, 11 young (22528K), 0 survivors (0K)
 Metaspace       used 4290K, committed 4480K, reserved 1114112K
  class space    used 555K, committed 640K, reserved 1048576K
}
Event: 3.777 GC heap after
{Heap after GC invocations=1 (full 0):
 garbage-first heap   total 188416K, used 7693K [0x0000000748c00000, 0x0000000800000000)
  region size 2048K, 2 young (4096K), 2 survivors (4096K)
 Metaspace       used 4290K, committed 4480K, reserved 1114112K
  class space    used 555K, committed 640K, reserved 1048576K
}
Event: 7.760 GC heap before
{Heap before GC invocations=1 (full 0):
 garbage-first heap   total 188416K, used 30221K [0x0000000748c00000, 0x0000000800000000)
  region size 2048K, 14 young (28672K), 2 survivors (4096K)
 Metaspace       used 10074K, committed 10432K, reserved 1114112K
  class space    used 1385K, committed 1536K, reserved 1048576K
}
Event: 7.767 GC heap after
{Heap after GC invocations=2 (full 0):
 garbage-first heap   total 188416K, used 9115K [0x0000000748c00000, 0x0000000800000000)
  region size 2048K, 1 young (2048K), 1 survivors (2048K)
 Metaspace       used 10074K, committed 10432K, reserved 1114112K
  class space    used 1385K, committed 1536K, reserved 1048576K
}
Event: 20.295 GC heap before
{Heap before GC invocations=2 (full 0):
 garbage-first heap   total 188416K, used 86939K [0x0000000748c00000, 0x0000000800000000)
  region size 2048K, 41 young (83968K), 1 survivors (2048K)
 Metaspace       used 21127K, committed 21504K, reserved 1114112K
  class space    used 2894K, committed 3072K, reserved 1048576K
}
Event: 20.310 GC heap after
{Heap after GC invocations=3 (full 0):
 garbage-first heap   total 188416K, used 16286K [0x0000000748c00000, 0x0000000800000000)
  region size 2048K, 5 young (10240K), 5 survivors (10240K)
 Metaspace       used 21127K, committed 21504K, reserved 1114112K
  class space    used 2894K, committed 3072K, reserved 1048576K
}
Event: 27.545 GC heap before
{Heap before GC invocations=4 (full 0):
 garbage-first heap   total 75776K, used 51102K [0x0000000748c00000, 0x0000000800000000)
  region size 2048K, 22 young (45056K), 5 survivors (10240K)
 Metaspace       used 26545K, committed 27072K, reserved 1114112K
  class space    used 3676K, committed 3904K, reserved 1048576K
}
Event: 27.567 GC heap after
{Heap after GC invocations=5 (full 0):
 garbage-first heap   total 75776K, used 20070K [0x0000000748c00000, 0x0000000800000000)
  region size 2048K, 2 young (4096K), 2 survivors (4096K)
 Metaspace       used 26545K, committed 27072K, reserved 1114112K
  class space    used 3676K, committed 3904K, reserved 1048576K
}
Event: 40.187 GC heap before
{Heap before GC invocations=5 (full 0):
 garbage-first heap   total 75776K, used 54886K [0x0000000748c00000, 0x0000000800000000)
  region size 2048K, 19 young (38912K), 2 survivors (4096K)
 Metaspace       used 34038K, committed 34560K, reserved 1114112K
  class space    used 4663K, committed 4928K, reserved 1048576K
}
Event: 40.197 GC heap after
{Heap after GC invocations=6 (full 0):
 garbage-first heap   total 75776K, used 22668K [0x0000000748c00000, 0x0000000800000000)
  region size 2048K, 2 young (4096K), 2 survivors (4096K)
 Metaspace       used 34038K, committed 34560K, reserved 1114112K
  class space    used 4663K, committed 4928K, reserved 1048576K
}
Event: 41.572 GC heap before
{Heap before GC invocations=6 (full 0):
 garbage-first heap   total 75776K, used 28812K [0x0000000748c00000, 0x0000000800000000)
  region size 2048K, 6 young (12288K), 2 survivors (4096K)
 Metaspace       used 35621K, committed 36160K, reserved 1114112K
  class space    used 4911K, committed 5184K, reserved 1048576K
}
Event: 41.576 GC heap after
{Heap after GC invocations=7 (full 0):
 garbage-first heap   total 75776K, used 22588K [0x0000000748c00000, 0x0000000800000000)
  region size 2048K, 2 young (4096K), 2 survivors (4096K)
 Metaspace       used 35621K, committed 36160K, reserved 1114112K
  class space    used 4911K, committed 5184K, reserved 1048576K
}
Event: 46.568 GC heap before
{Heap before GC invocations=8 (full 0):
 garbage-first heap   total 75776K, used 59452K [0x0000000748c00000, 0x0000000800000000)
  region size 2048K, 21 young (43008K), 2 survivors (4096K)
 Metaspace       used 44018K, committed 44608K, reserved 1114112K
  class space    used 6124K, committed 6400K, reserved 1048576K
}
Event: 46.574 GC heap after
{Heap after GC invocations=9 (full 0):
 garbage-first heap   total 75776K, used 24422K [0x0000000748c00000, 0x0000000800000000)
  region size 2048K, 3 young (6144K), 3 survivors (6144K)
 Metaspace       used 44018K, committed 44608K, reserved 1114112K
  class space    used 6124K, committed 6400K, reserved 1048576K
}
Event: 51.936 GC heap before
{Heap before GC invocations=9 (full 0):
 garbage-first heap   total 75776K, used 61286K [0x0000000748c00000, 0x0000000800000000)
  region size 2048K, 21 young (43008K), 3 survivors (6144K)
 Metaspace       used 53374K, committed 53952K, reserved 1114112K
  class space    used 7594K, committed 7872K, reserved 1048576K
}
Event: 51.944 GC heap after
{Heap after GC invocations=10 (full 0):
 garbage-first heap   total 75776K, used 26039K [0x0000000748c00000, 0x0000000800000000)
  region size 2048K, 3 young (6144K), 3 survivors (6144K)
 Metaspace       used 53374K, committed 53952K, reserved 1114112K
  class space    used 7594K, committed 7872K, reserved 1048576K
}
Event: 57.811 GC heap before
{Heap before GC invocations=10 (full 0):
 garbage-first heap   total 75776K, used 60855K [0x0000000748c00000, 0x0000000800000000)
  region size 2048K, 20 young (40960K), 3 survivors (6144K)
 Metaspace       used 59111K, committed 59840K, reserved 1114112K
  class space    used 8443K, committed 8768K, reserved 1048576K
}
Event: 57.819 GC heap after
{Heap after GC invocations=11 (full 0):
 garbage-first heap   total 75776K, used 29661K [0x0000000748c00000, 0x0000000800000000)
  region size 2048K, 3 young (6144K), 3 survivors (6144K)
 Metaspace       used 59111K, committed 59840K, reserved 1114112K
  class space    used 8443K, committed 8768K, reserved 1048576K
}
Event: 58.562 GC heap before
{Heap before GC invocations=11 (full 0):
 garbage-first heap   total 75776K, used 31709K [0x0000000748c00000, 0x0000000800000000)
  region size 2048K, 5 young (10240K), 3 survivors (6144K)
 Metaspace       used 59671K, committed 60416K, reserved 1114112K
  class space    used 8513K, committed 8896K, reserved 1048576K
}
Event: 58.568 GC heap after
{Heap after GC invocations=12 (full 0):
 garbage-first heap   total 75776K, used 30366K [0x0000000748c00000, 0x0000000800000000)
  region size 2048K, 1 young (2048K), 1 survivors (2048K)
 Metaspace       used 59671K, committed 60416K, reserved 1114112K
  class space    used 8513K, committed 8896K, reserved 1048576K
}

